#
# There is insufficient memory for the Java Runtime Environment to continue.
# Native memory allocation (malloc) failed to allocate 812176 bytes. Error detail: Chunk::new
# Possible reasons:
#   The system is out of physical RAM or swap space
#   This process is running with CompressedOops enabled, and the Java Heap may be blocking the growth of the native heap
# Possible solutions:
#   Reduce memory load on the system
#   Increase physical memory or swap space
#   Check if swap backing store is full
#   Decrease Java heap size (-Xmx/-Xms)
#   Decrease number of Java threads
#   Decrease Java thread stack sizes (-Xss)
#   Set larger code cache with -XX:ReservedCodeCacheSize=
#   JVM is running with Unscaled Compressed Oops mode in which the Java heap is
#     placed in the first 4GB address space. The Java Heap base address is the
#     maximum limit for the native heap growth. Please use -XX:HeapBaseMinAddress
#     to set the Java Heap base and to place the Java Heap above 4GB virtual address.
# This output file may be truncated or incomplete.
#
#  Out of Memory Error (arena.cpp:191), pid=11928, tid=4956
#
# JRE version: OpenJDK Runtime Environment Microsoft-9889599 (17.0.12+7) (build 17.0.12+7-LTS)
# Java VM: OpenJDK 64-Bit Server VM Microsoft-9889599 (17.0.12+7-LTS, mixed mode, sharing, tiered, compressed oops, compressed class ptrs, g1 gc, windows-amd64)
# No core dump will be written. Minidumps are not enabled by default on client versions of Windows
#

---------------  S U M M A R Y ------------

Command Line: -XX:MaxMetaspaceSize=512m --add-opens=java.base/java.util=ALL-UNNAMED --add-opens=java.base/java.lang=ALL-UNNAMED --add-opens=java.base/java.lang.invoke=ALL-UNNAMED --add-opens=java.prefs/java.util.prefs=ALL-UNNAMED --add-opens=java.base/java.nio.charset=ALL-UNNAMED --add-opens=java.base/java.net=ALL-UNNAMED --add-opens=java.base/java.util.concurrent.atomic=ALL-UNNAMED -Xmx2048m -Dfile.encoding=utf8 -Duser.country=US -Duser.language=en -Duser.variant -javaagent:C:\Users\lenovo\.gradle\wrapper\dists\gradle-8.8-all\6gdy1pgp427xkqcjbxw3ylt6h\gradle-8.8\lib\agents\gradle-instrumentation-agent-8.8.jar org.gradle.launcher.daemon.bootstrap.GradleDaemon 8.8

Host: Intel(R) Core(TM) i5-4590S CPU @ 3.00GHz, 4 cores, 15G,  Windows 10 , 64 bit Build 19041 (10.0.19041.4842)
Time: Thu Oct  3 15:15:31 2024 India Standard Time elapsed time: 9.921101 seconds (0d 0h 0m 9s)

---------------  T H R E A D  ---------------

Current thread (0x0000021cfc8ccaf0):  JavaThread "C2 CompilerThread0" daemon [_thread_in_native, id=4956, stack(0x000000c3e5e00000,0x000000c3e5f00000)]


Current CompileTask:
C2:  10030 2583   !   4       java.net.URL::<init> (543 bytes)

Stack: [0x000000c3e5e00000,0x000000c3e5f00000]
Native frames: (J=compiled Java code, j=interpreted, Vv=VM code, C=native code)
V  [jvm.dll+0x686d99]
V  [jvm.dll+0x83daf8]
V  [jvm.dll+0x83f5a3]
V  [jvm.dll+0x83fc13]
V  [jvm.dll+0x2492ef]
V  [jvm.dll+0xad0a4]
V  [jvm.dll+0xad73c]
V  [jvm.dll+0x2b09af]
V  [jvm.dll+0x58d829]
V  [jvm.dll+0x223592]
V  [jvm.dll+0x22398f]
V  [jvm.dll+0x21c740]
V  [jvm.dll+0x21986b]
V  [jvm.dll+0x1a53e6]
V  [jvm.dll+0x229faa]
V  [jvm.dll+0x2280fb]
V  [jvm.dll+0x7f3508]
V  [jvm.dll+0x7ed87c]
V  [jvm.dll+0x685c77]
C  [ucrtbase.dll+0x21bb2]
C  [KERNEL32.DLL+0x17374]
C  [ntdll.dll+0x4cc91]


---------------  P R O C E S S  ---------------

Threads class SMR info:
_java_thread_list=0x0000021c9f580ce0, length=28, elements={
0x0000021cdec8f4b0, 0x0000021cfc8b16f0, 0x0000021cfc8b3490, 0x0000021cfc8c6950,
0x0000021cfc8c94f0, 0x0000021cfc8cb570, 0x0000021cfc8cbe40, 0x0000021cfc8ccaf0,
0x0000021cfc8d18f0, 0x0000021cfc8d3140, 0x0000021cfc89d1c0, 0x0000021cfcb3d910,
0x0000021cfdf28aa0, 0x0000021cfe327590, 0x0000021cfe11ddf0, 0x0000021cfe2bf900,
0x0000021cfe48b5e0, 0x0000021cfe48e0b0, 0x0000021cfe48e590, 0x0000021cfe362e80,
0x0000021cfe3638a0, 0x0000021cfe361020, 0x0000021cfe361530, 0x0000021cfe363390,
0x0000021cfe3600f0, 0x0000021cfe361a40, 0x0000021cfe361f50, 0x0000021c9f5657d0
}

Java Threads: ( => current thread )
  0x0000021cdec8f4b0 JavaThread "main" [_thread_blocked, id=13104, stack(0x000000c3e5100000,0x000000c3e5200000)]
  0x0000021cfc8b16f0 JavaThread "Reference Handler" daemon [_thread_blocked, id=4756, stack(0x000000c3e5800000,0x000000c3e5900000)]
  0x0000021cfc8b3490 JavaThread "Finalizer" daemon [_thread_blocked, id=3412, stack(0x000000c3e5900000,0x000000c3e5a00000)]
  0x0000021cfc8c6950 JavaThread "Signal Dispatcher" daemon [_thread_blocked, id=23308, stack(0x000000c3e5a00000,0x000000c3e5b00000)]
  0x0000021cfc8c94f0 JavaThread "Attach Listener" daemon [_thread_blocked, id=4148, stack(0x000000c3e5b00000,0x000000c3e5c00000)]
  0x0000021cfc8cb570 JavaThread "Service Thread" daemon [_thread_blocked, id=21644, stack(0x000000c3e5c00000,0x000000c3e5d00000)]
  0x0000021cfc8cbe40 JavaThread "Monitor Deflation Thread" daemon [_thread_blocked, id=336, stack(0x000000c3e5d00000,0x000000c3e5e00000)]
=>0x0000021cfc8ccaf0 JavaThread "C2 CompilerThread0" daemon [_thread_in_native, id=4956, stack(0x000000c3e5e00000,0x000000c3e5f00000)]
  0x0000021cfc8d18f0 JavaThread "C1 CompilerThread0" daemon [_thread_in_native, id=4396, stack(0x000000c3e5f00000,0x000000c3e6000000)]
  0x0000021cfc8d3140 JavaThread "Sweeper thread" daemon [_thread_blocked, id=11168, stack(0x000000c3e6000000,0x000000c3e6100000)]
  0x0000021cfc89d1c0 JavaThread "Common-Cleaner" daemon [_thread_blocked, id=17676, stack(0x000000c3e6100000,0x000000c3e6200000)]
  0x0000021cfcb3d910 JavaThread "Notification Thread" daemon [_thread_blocked, id=24324, stack(0x000000c3e6200000,0x000000c3e6300000)]
  0x0000021cfdf28aa0 JavaThread "Daemon health stats" [_thread_blocked, id=24220, stack(0x000000c3e6700000,0x000000c3e6800000)]
  0x0000021cfe327590 JavaThread "Incoming local TCP Connector on port 53154" [_thread_in_native, id=16712, stack(0x000000c3e6800000,0x000000c3e6900000)]
  0x0000021cfe11ddf0 JavaThread "Daemon periodic checks" [_thread_blocked, id=23872, stack(0x000000c3e6900000,0x000000c3e6a00000)]
  0x0000021cfe2bf900 JavaThread "Daemon" [_thread_blocked, id=17200, stack(0x000000c3e6a00000,0x000000c3e6b00000)]
  0x0000021cfe48b5e0 JavaThread "Handler for socket connection from /127.0.0.1:53154 to /127.0.0.1:53155" [_thread_in_native, id=7460, stack(0x000000c3e6b00000,0x000000c3e6c00000)]
  0x0000021cfe48e0b0 JavaThread "Cancel handler" [_thread_blocked, id=12964, stack(0x000000c3e6c00000,0x000000c3e6d00000)]
  0x0000021cfe48e590 JavaThread "Daemon worker" [_thread_in_Java, id=22404, stack(0x000000c3e6d00000,0x000000c3e6e00000)]
  0x0000021cfe362e80 JavaThread "Asynchronous log dispatcher for DefaultDaemonConnection: socket connection from /127.0.0.1:53154 to /127.0.0.1:53155" [_thread_blocked, id=23712, stack(0x000000c3e6e00000,0x000000c3e6f00000)]
  0x0000021cfe3638a0 JavaThread "Stdin handler" [_thread_blocked, id=18840, stack(0x000000c3e6f00000,0x000000c3e7000000)]
  0x0000021cfe361020 JavaThread "Daemon client event forwarder" [_thread_blocked, id=11472, stack(0x000000c3e7000000,0x000000c3e7100000)]
  0x0000021cfe361530 JavaThread "Cache worker for journal cache (C:\Users\lenovo\.gradle\caches\journal-1)" [_thread_blocked, id=13744, stack(0x000000c3e7100000,0x000000c3e7200000)]
  0x0000021cfe363390 JavaThread "File lock request listener" [_thread_in_native, id=8496, stack(0x000000c3e7200000,0x000000c3e7300000)]
  0x0000021cfe3600f0 JavaThread "Cache worker for file hash cache (C:\Users\lenovo\.gradle\caches\8.8\fileHashes)" [_thread_blocked, id=2484, stack(0x000000c3e7300000,0x000000c3e7400000)]
  0x0000021cfe361a40 JavaThread "Cache worker for file hash cache (E:\Projects\React-native\Teams\android\.gradle\8.8\fileHashes)" [_thread_blocked, id=11252, stack(0x000000c3e7500000,0x000000c3e7600000)]
  0x0000021cfe361f50 JavaThread "File watcher server" daemon [_thread_in_native, id=1752, stack(0x000000c3e7400000,0x000000c3e7500000)]
  0x0000021c9f5657d0 JavaThread "File watcher consumer" daemon [_thread_blocked, id=15056, stack(0x000000c3e7600000,0x000000c3e7700000)]

Other Threads:
  0x0000021cfc8ac770 VMThread "VM Thread" [stack: 0x000000c3e5700000,0x000000c3e5800000] [id=21020]
  0x0000021cdec90380 WatcherThread [stack: 0x000000c3e6300000,0x000000c3e6400000] [id=23532]
  0x0000021cdece8a80 GCTaskThread "GC Thread#0" [stack: 0x000000c3e5200000,0x000000c3e5300000] [id=1744]
  0x0000021cfcb54050 GCTaskThread "GC Thread#1" [stack: 0x000000c3e6400000,0x000000c3e6500000] [id=23892]
  0x0000021cfcd20610 GCTaskThread "GC Thread#2" [stack: 0x000000c3e6500000,0x000000c3e6600000] [id=16600]
  0x0000021cfcd208d0 GCTaskThread "GC Thread#3" [stack: 0x000000c3e6600000,0x000000c3e6700000] [id=17264]
  0x0000021cdecf98e0 ConcurrentGCThread "G1 Main Marker" [stack: 0x000000c3e5300000,0x000000c3e5400000] [id=21820]
  0x0000021cdecfb220 ConcurrentGCThread "G1 Conc#0" [stack: 0x000000c3e5400000,0x000000c3e5500000] [id=7552]
  0x0000021cded4d8a0 ConcurrentGCThread "G1 Refine#0" [stack: 0x000000c3e5500000,0x000000c3e5600000] [id=14384]
  0x0000021cded4e1e0 ConcurrentGCThread "G1 Service" [stack: 0x000000c3e5600000,0x000000c3e5700000] [id=22020]

Threads with active compile tasks:
C2 CompilerThread0    10369 2583   !   4       java.net.URL::<init> (543 bytes)
C1 CompilerThread0    10369 2746       3       java.lang.ref.Reference::enqueueFromPending (19 bytes)

VM state: not at safepoint (normal execution)

VM Mutex/Monitor currently owned by a thread: None

Heap address: 0x0000000080000000, size: 2048 MB, Compressed Oops mode: 32-bit

CDS archive(s) mapped at: [0x0000021c80000000-0x0000021c80bb0000-0x0000021c80bb0000), size 12255232, SharedBaseAddress: 0x0000021c80000000, ArchiveRelocationMode: 1.
Compressed class space mapped at: 0x0000021c81000000-0x0000021c9b000000, reserved size: 436207616
Narrow klass base: 0x0000021c80000000, Narrow klass shift: 0, Narrow klass range: 0x100000000

GC Precious Log:
 CPUs: 4 total, 4 available
 Memory: 16178M
 Large Page Support: Disabled
 NUMA Support: Disabled
 Compressed Oops: Enabled (32-bit)
 Heap Region Size: 1M
 Heap Min Capacity: 8M
 Heap Initial Capacity: 254M
 Heap Max Capacity: 2G
 Pre-touch: Disabled
 Parallel Workers: 4
 Concurrent Workers: 1
 Concurrent Refinement Workers: 4
 Periodic GC: Disabled

Heap:
 garbage-first heap   total 260096K, used 23807K [0x0000000080000000, 0x0000000100000000)
  region size 1024K, 16 young (16384K), 14 survivors (14336K)
 Metaspace       used 21290K, committed 21568K, reserved 491520K
  class space    used 3132K, committed 3264K, reserved 425984K

Heap Regions: E=young(eden), S=young(survivor), O=old, HS=humongous(starts), HC=humongous(continues), CS=collection set, F=free, OA=open archive, CA=closed archive, TAMS=top-at-mark-start (previous, next)
|   0|0x0000000080000000, 0x0000000080100000, 0x0000000080100000|100%|HS|  |TAMS 0x0000000080000000, 0x0000000080100000| Complete 
|   1|0x0000000080100000, 0x0000000080200000, 0x0000000080200000|100%|HC|  |TAMS 0x0000000080100000, 0x0000000080200000| Complete 
|   2|0x0000000080200000, 0x0000000080300000, 0x0000000080300000|100%|HC|  |TAMS 0x0000000080200000, 0x0000000080300000| Complete 
|   3|0x0000000080300000, 0x0000000080400000, 0x0000000080400000|100%|HC|  |TAMS 0x0000000080300000, 0x0000000080400000| Complete 
|   4|0x0000000080400000, 0x0000000080500000, 0x0000000080500000|100%| O|  |TAMS 0x0000000080400000, 0x0000000080500000| Untracked 
|   5|0x0000000080500000, 0x0000000080600000, 0x0000000080600000|100%| O|  |TAMS 0x0000000080500000, 0x0000000080600000| Untracked 
|   6|0x0000000080600000, 0x0000000080700000, 0x0000000080700000|100%| O|  |TAMS 0x0000000080600000, 0x0000000080700000| Untracked 
|   7|0x0000000080700000, 0x0000000080800000, 0x0000000080800000|100%| O|  |TAMS 0x0000000080700000, 0x0000000080800000| Untracked 
|   8|0x0000000080800000, 0x0000000080900000, 0x0000000080900000|100%|HS|  |TAMS 0x0000000080800000, 0x0000000080900000| Complete 
|   9|0x0000000080900000, 0x0000000080900000, 0x0000000080a00000|  0%| F|  |TAMS 0x0000000080900000, 0x0000000080900000| Untracked 
|  10|0x0000000080a00000, 0x0000000080af8c00, 0x0000000080b00000| 97%| O|  |TAMS 0x0000000080a00000, 0x0000000080af8c00| Untracked 
|  11|0x0000000080b00000, 0x0000000080b00000, 0x0000000080c00000|  0%| F|  |TAMS 0x0000000080b00000, 0x0000000080b00000| Untracked 
|  12|0x0000000080c00000, 0x0000000080c00000, 0x0000000080d00000|  0%| F|  |TAMS 0x0000000080c00000, 0x0000000080c00000| Untracked 
|  13|0x0000000080d00000, 0x0000000080d00000, 0x0000000080e00000|  0%| F|  |TAMS 0x0000000080d00000, 0x0000000080d00000| Untracked 
|  14|0x0000000080e00000, 0x0000000080e00000, 0x0000000080f00000|  0%| F|  |TAMS 0x0000000080e00000, 0x0000000080e00000| Untracked 
|  15|0x0000000080f00000, 0x0000000080f00000, 0x0000000081000000|  0%| F|  |TAMS 0x0000000080f00000, 0x0000000080f00000| Untracked 
|  16|0x0000000081000000, 0x0000000081000000, 0x0000000081100000|  0%| F|  |TAMS 0x0000000081000000, 0x0000000081000000| Untracked 
|  17|0x0000000081100000, 0x0000000081100000, 0x0000000081200000|  0%| F|  |TAMS 0x0000000081100000, 0x0000000081100000| Untracked 
|  18|0x0000000081200000, 0x0000000081200000, 0x0000000081300000|  0%| F|  |TAMS 0x0000000081200000, 0x0000000081200000| Untracked 
|  19|0x0000000081300000, 0x0000000081300000, 0x0000000081400000|  0%| F|  |TAMS 0x0000000081300000, 0x0000000081300000| Untracked 
|  20|0x0000000081400000, 0x0000000081400000, 0x0000000081500000|  0%| F|  |TAMS 0x0000000081400000, 0x0000000081400000| Untracked 
|  21|0x0000000081500000, 0x0000000081500000, 0x0000000081600000|  0%| F|  |TAMS 0x0000000081500000, 0x0000000081500000| Untracked 
|  22|0x0000000081600000, 0x0000000081600000, 0x0000000081700000|  0%| F|  |TAMS 0x0000000081600000, 0x0000000081600000| Untracked 
|  23|0x0000000081700000, 0x0000000081700000, 0x0000000081800000|  0%| F|  |TAMS 0x0000000081700000, 0x0000000081700000| Untracked 
|  24|0x0000000081800000, 0x0000000081800000, 0x0000000081900000|  0%| F|  |TAMS 0x0000000081800000, 0x0000000081800000| Untracked 
|  25|0x0000000081900000, 0x0000000081900000, 0x0000000081a00000|  0%| F|  |TAMS 0x0000000081900000, 0x0000000081900000| Untracked 
|  26|0x0000000081a00000, 0x0000000081a00000, 0x0000000081b00000|  0%| F|  |TAMS 0x0000000081a00000, 0x0000000081a00000| Untracked 
|  27|0x0000000081b00000, 0x0000000081b00000, 0x0000000081c00000|  0%| F|  |TAMS 0x0000000081b00000, 0x0000000081b00000| Untracked 
|  28|0x0000000081c00000, 0x0000000081c00000, 0x0000000081d00000|  0%| F|  |TAMS 0x0000000081c00000, 0x0000000081c00000| Untracked 
|  29|0x0000000081d00000, 0x0000000081d00000, 0x0000000081e00000|  0%| F|  |TAMS 0x0000000081d00000, 0x0000000081d00000| Untracked 
|  30|0x0000000081e00000, 0x0000000081e00000, 0x0000000081f00000|  0%| F|  |TAMS 0x0000000081e00000, 0x0000000081e00000| Untracked 
|  31|0x0000000081f00000, 0x0000000081f00000, 0x0000000082000000|  0%| F|  |TAMS 0x0000000081f00000, 0x0000000081f00000| Untracked 
|  32|0x0000000082000000, 0x0000000082000000, 0x0000000082100000|  0%| F|  |TAMS 0x0000000082000000, 0x0000000082000000| Untracked 
|  33|0x0000000082100000, 0x0000000082100000, 0x0000000082200000|  0%| F|  |TAMS 0x0000000082100000, 0x0000000082100000| Untracked 
|  34|0x0000000082200000, 0x0000000082200000, 0x0000000082300000|  0%| F|  |TAMS 0x0000000082200000, 0x0000000082200000| Untracked 
|  35|0x0000000082300000, 0x0000000082300000, 0x0000000082400000|  0%| F|  |TAMS 0x0000000082300000, 0x0000000082300000| Untracked 
|  36|0x0000000082400000, 0x0000000082400000, 0x0000000082500000|  0%| F|  |TAMS 0x0000000082400000, 0x0000000082400000| Untracked 
|  37|0x0000000082500000, 0x0000000082500000, 0x0000000082600000|  0%| F|  |TAMS 0x0000000082500000, 0x0000000082500000| Untracked 
|  38|0x0000000082600000, 0x0000000082600000, 0x0000000082700000|  0%| F|  |TAMS 0x0000000082600000, 0x0000000082600000| Untracked 
|  39|0x0000000082700000, 0x0000000082700000, 0x0000000082800000|  0%| F|  |TAMS 0x0000000082700000, 0x0000000082700000| Untracked 
|  40|0x0000000082800000, 0x0000000082800000, 0x0000000082900000|  0%| F|  |TAMS 0x0000000082800000, 0x0000000082800000| Untracked 
|  41|0x0000000082900000, 0x0000000082900000, 0x0000000082a00000|  0%| F|  |TAMS 0x0000000082900000, 0x0000000082900000| Untracked 
|  42|0x0000000082a00000, 0x0000000082a00000, 0x0000000082b00000|  0%| F|  |TAMS 0x0000000082a00000, 0x0000000082a00000| Untracked 
|  43|0x0000000082b00000, 0x0000000082b00000, 0x0000000082c00000|  0%| F|  |TAMS 0x0000000082b00000, 0x0000000082b00000| Untracked 
|  44|0x0000000082c00000, 0x0000000082c00000, 0x0000000082d00000|  0%| F|  |TAMS 0x0000000082c00000, 0x0000000082c00000| Untracked 
|  45|0x0000000082d00000, 0x0000000082d00000, 0x0000000082e00000|  0%| F|  |TAMS 0x0000000082d00000, 0x0000000082d00000| Untracked 
|  46|0x0000000082e00000, 0x0000000082e00000, 0x0000000082f00000|  0%| F|  |TAMS 0x0000000082e00000, 0x0000000082e00000| Untracked 
|  47|0x0000000082f00000, 0x0000000082f00000, 0x0000000083000000|  0%| F|  |TAMS 0x0000000082f00000, 0x0000000082f00000| Untracked 
|  48|0x0000000083000000, 0x0000000083000000, 0x0000000083100000|  0%| F|  |TAMS 0x0000000083000000, 0x0000000083000000| Untracked 
|  49|0x0000000083100000, 0x0000000083100000, 0x0000000083200000|  0%| F|  |TAMS 0x0000000083100000, 0x0000000083100000| Untracked 
|  50|0x0000000083200000, 0x0000000083200000, 0x0000000083300000|  0%| F|  |TAMS 0x0000000083200000, 0x0000000083200000| Untracked 
|  51|0x0000000083300000, 0x0000000083300000, 0x0000000083400000|  0%| F|  |TAMS 0x0000000083300000, 0x0000000083300000| Untracked 
|  52|0x0000000083400000, 0x0000000083400000, 0x0000000083500000|  0%| F|  |TAMS 0x0000000083400000, 0x0000000083400000| Untracked 
|  53|0x0000000083500000, 0x0000000083500000, 0x0000000083600000|  0%| F|  |TAMS 0x0000000083500000, 0x0000000083500000| Untracked 
|  54|0x0000000083600000, 0x0000000083600000, 0x0000000083700000|  0%| F|  |TAMS 0x0000000083600000, 0x0000000083600000| Untracked 
|  55|0x0000000083700000, 0x0000000083700000, 0x0000000083800000|  0%| F|  |TAMS 0x0000000083700000, 0x0000000083700000| Untracked 
|  56|0x0000000083800000, 0x0000000083800000, 0x0000000083900000|  0%| F|  |TAMS 0x0000000083800000, 0x0000000083800000| Untracked 
|  57|0x0000000083900000, 0x0000000083900000, 0x0000000083a00000|  0%| F|  |TAMS 0x0000000083900000, 0x0000000083900000| Untracked 
|  58|0x0000000083a00000, 0x0000000083a00000, 0x0000000083b00000|  0%| F|  |TAMS 0x0000000083a00000, 0x0000000083a00000| Untracked 
|  59|0x0000000083b00000, 0x0000000083b00000, 0x0000000083c00000|  0%| F|  |TAMS 0x0000000083b00000, 0x0000000083b00000| Untracked 
|  60|0x0000000083c00000, 0x0000000083c00000, 0x0000000083d00000|  0%| F|  |TAMS 0x0000000083c00000, 0x0000000083c00000| Untracked 
|  61|0x0000000083d00000, 0x0000000083d00000, 0x0000000083e00000|  0%| F|  |TAMS 0x0000000083d00000, 0x0000000083d00000| Untracked 
|  62|0x0000000083e00000, 0x0000000083e00000, 0x0000000083f00000|  0%| F|  |TAMS 0x0000000083e00000, 0x0000000083e00000| Untracked 
|  63|0x0000000083f00000, 0x0000000083f00000, 0x0000000084000000|  0%| F|  |TAMS 0x0000000083f00000, 0x0000000083f00000| Untracked 
|  64|0x0000000084000000, 0x0000000084000000, 0x0000000084100000|  0%| F|  |TAMS 0x0000000084000000, 0x0000000084000000| Untracked 
|  65|0x0000000084100000, 0x0000000084100000, 0x0000000084200000|  0%| F|  |TAMS 0x0000000084100000, 0x0000000084100000| Untracked 
|  66|0x0000000084200000, 0x0000000084200000, 0x0000000084300000|  0%| F|  |TAMS 0x0000000084200000, 0x0000000084200000| Untracked 
|  67|0x0000000084300000, 0x0000000084300000, 0x0000000084400000|  0%| F|  |TAMS 0x0000000084300000, 0x0000000084300000| Untracked 
|  68|0x0000000084400000, 0x0000000084400000, 0x0000000084500000|  0%| F|  |TAMS 0x0000000084400000, 0x0000000084400000| Untracked 
|  69|0x0000000084500000, 0x0000000084500000, 0x0000000084600000|  0%| F|  |TAMS 0x0000000084500000, 0x0000000084500000| Untracked 
|  70|0x0000000084600000, 0x0000000084600000, 0x0000000084700000|  0%| F|  |TAMS 0x0000000084600000, 0x0000000084600000| Untracked 
|  71|0x0000000084700000, 0x0000000084700000, 0x0000000084800000|  0%| F|  |TAMS 0x0000000084700000, 0x0000000084700000| Untracked 
|  72|0x0000000084800000, 0x0000000084800000, 0x0000000084900000|  0%| F|  |TAMS 0x0000000084800000, 0x0000000084800000| Untracked 
|  73|0x0000000084900000, 0x0000000084900000, 0x0000000084a00000|  0%| F|  |TAMS 0x0000000084900000, 0x0000000084900000| Untracked 
|  74|0x0000000084a00000, 0x0000000084a00000, 0x0000000084b00000|  0%| F|  |TAMS 0x0000000084a00000, 0x0000000084a00000| Untracked 
|  75|0x0000000084b00000, 0x0000000084b00000, 0x0000000084c00000|  0%| F|  |TAMS 0x0000000084b00000, 0x0000000084b00000| Untracked 
|  76|0x0000000084c00000, 0x0000000084c00000, 0x0000000084d00000|  0%| F|  |TAMS 0x0000000084c00000, 0x0000000084c00000| Untracked 
|  77|0x0000000084d00000, 0x0000000084d00000, 0x0000000084e00000|  0%| F|  |TAMS 0x0000000084d00000, 0x0000000084d00000| Untracked 
|  78|0x0000000084e00000, 0x0000000084e00000, 0x0000000084f00000|  0%| F|  |TAMS 0x0000000084e00000, 0x0000000084e00000| Untracked 
|  79|0x0000000084f00000, 0x0000000084f00000, 0x0000000085000000|  0%| F|  |TAMS 0x0000000084f00000, 0x0000000084f00000| Untracked 
|  80|0x0000000085000000, 0x0000000085000000, 0x0000000085100000|  0%| F|  |TAMS 0x0000000085000000, 0x0000000085000000| Untracked 
|  81|0x0000000085100000, 0x0000000085100000, 0x0000000085200000|  0%| F|  |TAMS 0x0000000085100000, 0x0000000085100000| Untracked 
|  82|0x0000000085200000, 0x0000000085200000, 0x0000000085300000|  0%| F|  |TAMS 0x0000000085200000, 0x0000000085200000| Untracked 
|  83|0x0000000085300000, 0x0000000085300000, 0x0000000085400000|  0%| F|  |TAMS 0x0000000085300000, 0x0000000085300000| Untracked 
|  84|0x0000000085400000, 0x0000000085400000, 0x0000000085500000|  0%| F|  |TAMS 0x0000000085400000, 0x0000000085400000| Untracked 
|  85|0x0000000085500000, 0x0000000085500000, 0x0000000085600000|  0%| F|  |TAMS 0x0000000085500000, 0x0000000085500000| Untracked 
|  86|0x0000000085600000, 0x0000000085600000, 0x0000000085700000|  0%| F|  |TAMS 0x0000000085600000, 0x0000000085600000| Untracked 
|  87|0x0000000085700000, 0x0000000085700000, 0x0000000085800000|  0%| F|  |TAMS 0x0000000085700000, 0x0000000085700000| Untracked 
|  88|0x0000000085800000, 0x0000000085800000, 0x0000000085900000|  0%| F|  |TAMS 0x0000000085800000, 0x0000000085800000| Untracked 
|  89|0x0000000085900000, 0x0000000085900000, 0x0000000085a00000|  0%| F|  |TAMS 0x0000000085900000, 0x0000000085900000| Untracked 
|  90|0x0000000085a00000, 0x0000000085a00000, 0x0000000085b00000|  0%| F|  |TAMS 0x0000000085a00000, 0x0000000085a00000| Untracked 
|  91|0x0000000085b00000, 0x0000000085b00000, 0x0000000085c00000|  0%| F|  |TAMS 0x0000000085b00000, 0x0000000085b00000| Untracked 
|  92|0x0000000085c00000, 0x0000000085c00000, 0x0000000085d00000|  0%| F|  |TAMS 0x0000000085c00000, 0x0000000085c00000| Untracked 
|  93|0x0000000085d00000, 0x0000000085d00000, 0x0000000085e00000|  0%| F|  |TAMS 0x0000000085d00000, 0x0000000085d00000| Untracked 
|  94|0x0000000085e00000, 0x0000000085e00000, 0x0000000085f00000|  0%| F|  |TAMS 0x0000000085e00000, 0x0000000085e00000| Untracked 
|  95|0x0000000085f00000, 0x0000000085f00000, 0x0000000086000000|  0%| F|  |TAMS 0x0000000085f00000, 0x0000000085f00000| Untracked 
|  96|0x0000000086000000, 0x0000000086000000, 0x0000000086100000|  0%| F|  |TAMS 0x0000000086000000, 0x0000000086000000| Untracked 
|  97|0x0000000086100000, 0x0000000086100000, 0x0000000086200000|  0%| F|  |TAMS 0x0000000086100000, 0x0000000086100000| Untracked 
|  98|0x0000000086200000, 0x0000000086200000, 0x0000000086300000|  0%| F|  |TAMS 0x0000000086200000, 0x0000000086200000| Untracked 
|  99|0x0000000086300000, 0x0000000086300000, 0x0000000086400000|  0%| F|  |TAMS 0x0000000086300000, 0x0000000086300000| Untracked 
| 100|0x0000000086400000, 0x0000000086400000, 0x0000000086500000|  0%| F|  |TAMS 0x0000000086400000, 0x0000000086400000| Untracked 
| 101|0x0000000086500000, 0x0000000086500000, 0x0000000086600000|  0%| F|  |TAMS 0x0000000086500000, 0x0000000086500000| Untracked 
| 102|0x0000000086600000, 0x0000000086600000, 0x0000000086700000|  0%| F|  |TAMS 0x0000000086600000, 0x0000000086600000| Untracked 
| 103|0x0000000086700000, 0x0000000086700000, 0x0000000086800000|  0%| F|  |TAMS 0x0000000086700000, 0x0000000086700000| Untracked 
| 104|0x0000000086800000, 0x0000000086800000, 0x0000000086900000|  0%| F|  |TAMS 0x0000000086800000, 0x0000000086800000| Untracked 
| 105|0x0000000086900000, 0x0000000086900000, 0x0000000086a00000|  0%| F|  |TAMS 0x0000000086900000, 0x0000000086900000| Untracked 
| 106|0x0000000086a00000, 0x0000000086a00000, 0x0000000086b00000|  0%| F|  |TAMS 0x0000000086a00000, 0x0000000086a00000| Untracked 
| 107|0x0000000086b00000, 0x0000000086b00000, 0x0000000086c00000|  0%| F|  |TAMS 0x0000000086b00000, 0x0000000086b00000| Untracked 
| 108|0x0000000086c00000, 0x0000000086c00000, 0x0000000086d00000|  0%| F|  |TAMS 0x0000000086c00000, 0x0000000086c00000| Untracked 
| 109|0x0000000086d00000, 0x0000000086d00000, 0x0000000086e00000|  0%| F|  |TAMS 0x0000000086d00000, 0x0000000086d00000| Untracked 
| 110|0x0000000086e00000, 0x0000000086e00000, 0x0000000086f00000|  0%| F|  |TAMS 0x0000000086e00000, 0x0000000086e00000| Untracked 
| 111|0x0000000086f00000, 0x0000000086f00000, 0x0000000087000000|  0%| F|  |TAMS 0x0000000086f00000, 0x0000000086f00000| Untracked 
| 112|0x0000000087000000, 0x0000000087000000, 0x0000000087100000|  0%| F|  |TAMS 0x0000000087000000, 0x0000000087000000| Untracked 
| 113|0x0000000087100000, 0x0000000087100000, 0x0000000087200000|  0%| F|  |TAMS 0x0000000087100000, 0x0000000087100000| Untracked 
| 114|0x0000000087200000, 0x0000000087200000, 0x0000000087300000|  0%| F|  |TAMS 0x0000000087200000, 0x0000000087200000| Untracked 
| 115|0x0000000087300000, 0x0000000087300000, 0x0000000087400000|  0%| F|  |TAMS 0x0000000087300000, 0x0000000087300000| Untracked 
| 116|0x0000000087400000, 0x0000000087400000, 0x0000000087500000|  0%| F|  |TAMS 0x0000000087400000, 0x0000000087400000| Untracked 
| 117|0x0000000087500000, 0x0000000087500000, 0x0000000087600000|  0%| F|  |TAMS 0x0000000087500000, 0x0000000087500000| Untracked 
| 118|0x0000000087600000, 0x0000000087600000, 0x0000000087700000|  0%| F|  |TAMS 0x0000000087600000, 0x0000000087600000| Untracked 
| 119|0x0000000087700000, 0x0000000087700000, 0x0000000087800000|  0%| F|  |TAMS 0x0000000087700000, 0x0000000087700000| Untracked 
| 120|0x0000000087800000, 0x0000000087800000, 0x0000000087900000|  0%| F|  |TAMS 0x0000000087800000, 0x0000000087800000| Untracked 
| 121|0x0000000087900000, 0x0000000087900000, 0x0000000087a00000|  0%| F|  |TAMS 0x0000000087900000, 0x0000000087900000| Untracked 
| 122|0x0000000087a00000, 0x0000000087a00000, 0x0000000087b00000|  0%| F|  |TAMS 0x0000000087a00000, 0x0000000087a00000| Untracked 
| 123|0x0000000087b00000, 0x0000000087b00000, 0x0000000087c00000|  0%| F|  |TAMS 0x0000000087b00000, 0x0000000087b00000| Untracked 
| 124|0x0000000087c00000, 0x0000000087c00000, 0x0000000087d00000|  0%| F|  |TAMS 0x0000000087c00000, 0x0000000087c00000| Untracked 
| 125|0x0000000087d00000, 0x0000000087d00000, 0x0000000087e00000|  0%| F|  |TAMS 0x0000000087d00000, 0x0000000087d00000| Untracked 
| 126|0x0000000087e00000, 0x0000000087e00000, 0x0000000087f00000|  0%| F|  |TAMS 0x0000000087e00000, 0x0000000087e00000| Untracked 
| 127|0x0000000087f00000, 0x0000000087f00000, 0x0000000088000000|  0%| F|  |TAMS 0x0000000087f00000, 0x0000000087f00000| Untracked 
| 128|0x0000000088000000, 0x0000000088000000, 0x0000000088100000|  0%| F|  |TAMS 0x0000000088000000, 0x0000000088000000| Untracked 
| 129|0x0000000088100000, 0x0000000088100000, 0x0000000088200000|  0%| F|  |TAMS 0x0000000088100000, 0x0000000088100000| Untracked 
| 130|0x0000000088200000, 0x0000000088200000, 0x0000000088300000|  0%| F|  |TAMS 0x0000000088200000, 0x0000000088200000| Untracked 
| 131|0x0000000088300000, 0x00000000883472b0, 0x0000000088400000| 27%| S|CS|TAMS 0x0000000088300000, 0x0000000088300000| Complete 
| 132|0x0000000088400000, 0x0000000088500000, 0x0000000088500000|100%| S|CS|TAMS 0x0000000088400000, 0x0000000088400000| Complete 
| 133|0x0000000088500000, 0x0000000088600000, 0x0000000088600000|100%| S|CS|TAMS 0x0000000088500000, 0x0000000088500000| Complete 
| 134|0x0000000088600000, 0x0000000088700000, 0x0000000088700000|100%| S|CS|TAMS 0x0000000088600000, 0x0000000088600000| Complete 
| 135|0x0000000088700000, 0x0000000088800000, 0x0000000088800000|100%| S|CS|TAMS 0x0000000088700000, 0x0000000088700000| Complete 
| 136|0x0000000088800000, 0x0000000088900000, 0x0000000088900000|100%| S|CS|TAMS 0x0000000088800000, 0x0000000088800000| Complete 
| 137|0x0000000088900000, 0x0000000088a00000, 0x0000000088a00000|100%| S|CS|TAMS 0x0000000088900000, 0x0000000088900000| Complete 
| 138|0x0000000088a00000, 0x0000000088b00000, 0x0000000088b00000|100%| S|CS|TAMS 0x0000000088a00000, 0x0000000088a00000| Complete 
| 139|0x0000000088b00000, 0x0000000088c00000, 0x0000000088c00000|100%| S|CS|TAMS 0x0000000088b00000, 0x0000000088b00000| Complete 
| 140|0x0000000088c00000, 0x0000000088d00000, 0x0000000088d00000|100%| S|CS|TAMS 0x0000000088c00000, 0x0000000088c00000| Complete 
| 141|0x0000000088d00000, 0x0000000088e00000, 0x0000000088e00000|100%| S|CS|TAMS 0x0000000088d00000, 0x0000000088d00000| Complete 
| 142|0x0000000088e00000, 0x0000000088f00000, 0x0000000088f00000|100%| S|CS|TAMS 0x0000000088e00000, 0x0000000088e00000| Complete 
| 143|0x0000000088f00000, 0x0000000089000000, 0x0000000089000000|100%| S|CS|TAMS 0x0000000088f00000, 0x0000000088f00000| Complete 
| 144|0x0000000089000000, 0x0000000089100000, 0x0000000089100000|100%| S|CS|TAMS 0x0000000089000000, 0x0000000089000000| Complete 
| 145|0x0000000089100000, 0x0000000089100000, 0x0000000089200000|  0%| F|  |TAMS 0x0000000089100000, 0x0000000089100000| Untracked 
| 146|0x0000000089200000, 0x0000000089200000, 0x0000000089300000|  0%| F|  |TAMS 0x0000000089200000, 0x0000000089200000| Untracked 
| 147|0x0000000089300000, 0x0000000089300000, 0x0000000089400000|  0%| F|  |TAMS 0x0000000089300000, 0x0000000089300000| Untracked 
| 148|0x0000000089400000, 0x0000000089400000, 0x0000000089500000|  0%| F|  |TAMS 0x0000000089400000, 0x0000000089400000| Untracked 
| 149|0x0000000089500000, 0x0000000089500000, 0x0000000089600000|  0%| F|  |TAMS 0x0000000089500000, 0x0000000089500000| Untracked 
| 150|0x0000000089600000, 0x0000000089600000, 0x0000000089700000|  0%| F|  |TAMS 0x0000000089600000, 0x0000000089600000| Untracked 
| 151|0x0000000089700000, 0x0000000089700000, 0x0000000089800000|  0%| F|  |TAMS 0x0000000089700000, 0x0000000089700000| Untracked 
| 152|0x0000000089800000, 0x0000000089800000, 0x0000000089900000|  0%| F|  |TAMS 0x0000000089800000, 0x0000000089800000| Untracked 
| 153|0x0000000089900000, 0x0000000089900000, 0x0000000089a00000|  0%| F|  |TAMS 0x0000000089900000, 0x0000000089900000| Untracked 
| 154|0x0000000089a00000, 0x0000000089a00000, 0x0000000089b00000|  0%| F|  |TAMS 0x0000000089a00000, 0x0000000089a00000| Untracked 
| 155|0x0000000089b00000, 0x0000000089b00000, 0x0000000089c00000|  0%| F|  |TAMS 0x0000000089b00000, 0x0000000089b00000| Untracked 
| 156|0x0000000089c00000, 0x0000000089c00000, 0x0000000089d00000|  0%| F|  |TAMS 0x0000000089c00000, 0x0000000089c00000| Untracked 
| 157|0x0000000089d00000, 0x0000000089d00000, 0x0000000089e00000|  0%| F|  |TAMS 0x0000000089d00000, 0x0000000089d00000| Untracked 
| 158|0x0000000089e00000, 0x0000000089e00000, 0x0000000089f00000|  0%| F|  |TAMS 0x0000000089e00000, 0x0000000089e00000| Untracked 
| 159|0x0000000089f00000, 0x0000000089f00000, 0x000000008a000000|  0%| F|  |TAMS 0x0000000089f00000, 0x0000000089f00000| Untracked 
| 160|0x000000008a000000, 0x000000008a000000, 0x000000008a100000|  0%| F|  |TAMS 0x000000008a000000, 0x000000008a000000| Untracked 
| 161|0x000000008a100000, 0x000000008a100000, 0x000000008a200000|  0%| F|  |TAMS 0x000000008a100000, 0x000000008a100000| Untracked 
| 162|0x000000008a200000, 0x000000008a200000, 0x000000008a300000|  0%| F|  |TAMS 0x000000008a200000, 0x000000008a200000| Untracked 
| 163|0x000000008a300000, 0x000000008a300000, 0x000000008a400000|  0%| F|  |TAMS 0x000000008a300000, 0x000000008a300000| Untracked 
| 164|0x000000008a400000, 0x000000008a400000, 0x000000008a500000|  0%| F|  |TAMS 0x000000008a400000, 0x000000008a400000| Untracked 
| 165|0x000000008a500000, 0x000000008a500000, 0x000000008a600000|  0%| F|  |TAMS 0x000000008a500000, 0x000000008a500000| Untracked 
| 166|0x000000008a600000, 0x000000008a600000, 0x000000008a700000|  0%| F|  |TAMS 0x000000008a600000, 0x000000008a600000| Untracked 
| 167|0x000000008a700000, 0x000000008a700000, 0x000000008a800000|  0%| F|  |TAMS 0x000000008a700000, 0x000000008a700000| Untracked 
| 168|0x000000008a800000, 0x000000008a800000, 0x000000008a900000|  0%| F|  |TAMS 0x000000008a800000, 0x000000008a800000| Untracked 
| 169|0x000000008a900000, 0x000000008a900000, 0x000000008aa00000|  0%| F|  |TAMS 0x000000008a900000, 0x000000008a900000| Untracked 
| 170|0x000000008aa00000, 0x000000008aa00000, 0x000000008ab00000|  0%| F|  |TAMS 0x000000008aa00000, 0x000000008aa00000| Untracked 
| 171|0x000000008ab00000, 0x000000008ab00000, 0x000000008ac00000|  0%| F|  |TAMS 0x000000008ab00000, 0x000000008ab00000| Untracked 
| 172|0x000000008ac00000, 0x000000008ac00000, 0x000000008ad00000|  0%| F|  |TAMS 0x000000008ac00000, 0x000000008ac00000| Untracked 
| 173|0x000000008ad00000, 0x000000008ad00000, 0x000000008ae00000|  0%| F|  |TAMS 0x000000008ad00000, 0x000000008ad00000| Untracked 
| 174|0x000000008ae00000, 0x000000008ae00000, 0x000000008af00000|  0%| F|  |TAMS 0x000000008ae00000, 0x000000008ae00000| Untracked 
| 175|0x000000008af00000, 0x000000008af00000, 0x000000008b000000|  0%| F|  |TAMS 0x000000008af00000, 0x000000008af00000| Untracked 
| 176|0x000000008b000000, 0x000000008b000000, 0x000000008b100000|  0%| F|  |TAMS 0x000000008b000000, 0x000000008b000000| Untracked 
| 177|0x000000008b100000, 0x000000008b100000, 0x000000008b200000|  0%| F|  |TAMS 0x000000008b100000, 0x000000008b100000| Untracked 
| 178|0x000000008b200000, 0x000000008b200000, 0x000000008b300000|  0%| F|  |TAMS 0x000000008b200000, 0x000000008b200000| Untracked 
| 179|0x000000008b300000, 0x000000008b300000, 0x000000008b400000|  0%| F|  |TAMS 0x000000008b300000, 0x000000008b300000| Untracked 
| 180|0x000000008b400000, 0x000000008b400000, 0x000000008b500000|  0%| F|  |TAMS 0x000000008b400000, 0x000000008b400000| Untracked 
| 181|0x000000008b500000, 0x000000008b500000, 0x000000008b600000|  0%| F|  |TAMS 0x000000008b500000, 0x000000008b500000| Untracked 
| 182|0x000000008b600000, 0x000000008b600000, 0x000000008b700000|  0%| F|  |TAMS 0x000000008b600000, 0x000000008b600000| Untracked 
| 183|0x000000008b700000, 0x000000008b700000, 0x000000008b800000|  0%| F|  |TAMS 0x000000008b700000, 0x000000008b700000| Untracked 
| 184|0x000000008b800000, 0x000000008b800000, 0x000000008b900000|  0%| F|  |TAMS 0x000000008b800000, 0x000000008b800000| Untracked 
| 185|0x000000008b900000, 0x000000008b900000, 0x000000008ba00000|  0%| F|  |TAMS 0x000000008b900000, 0x000000008b900000| Untracked 
| 186|0x000000008ba00000, 0x000000008ba00000, 0x000000008bb00000|  0%| F|  |TAMS 0x000000008ba00000, 0x000000008ba00000| Untracked 
| 187|0x000000008bb00000, 0x000000008bb00000, 0x000000008bc00000|  0%| F|  |TAMS 0x000000008bb00000, 0x000000008bb00000| Untracked 
| 188|0x000000008bc00000, 0x000000008bc00000, 0x000000008bd00000|  0%| F|  |TAMS 0x000000008bc00000, 0x000000008bc00000| Untracked 
| 189|0x000000008bd00000, 0x000000008bd00000, 0x000000008be00000|  0%| F|  |TAMS 0x000000008bd00000, 0x000000008bd00000| Untracked 
| 190|0x000000008be00000, 0x000000008be00000, 0x000000008bf00000|  0%| F|  |TAMS 0x000000008be00000, 0x000000008be00000| Untracked 
| 191|0x000000008bf00000, 0x000000008bf00000, 0x000000008c000000|  0%| F|  |TAMS 0x000000008bf00000, 0x000000008bf00000| Untracked 
| 192|0x000000008c000000, 0x000000008c000000, 0x000000008c100000|  0%| F|  |TAMS 0x000000008c000000, 0x000000008c000000| Untracked 
| 193|0x000000008c100000, 0x000000008c100000, 0x000000008c200000|  0%| F|  |TAMS 0x000000008c100000, 0x000000008c100000| Untracked 
| 194|0x000000008c200000, 0x000000008c200000, 0x000000008c300000|  0%| F|  |TAMS 0x000000008c200000, 0x000000008c200000| Untracked 
| 195|0x000000008c300000, 0x000000008c300000, 0x000000008c400000|  0%| F|  |TAMS 0x000000008c300000, 0x000000008c300000| Untracked 
| 196|0x000000008c400000, 0x000000008c400000, 0x000000008c500000|  0%| F|  |TAMS 0x000000008c400000, 0x000000008c400000| Untracked 
| 197|0x000000008c500000, 0x000000008c500000, 0x000000008c600000|  0%| F|  |TAMS 0x000000008c500000, 0x000000008c500000| Untracked 
| 198|0x000000008c600000, 0x000000008c600000, 0x000000008c700000|  0%| F|  |TAMS 0x000000008c600000, 0x000000008c600000| Untracked 
| 199|0x000000008c700000, 0x000000008c700000, 0x000000008c800000|  0%| F|  |TAMS 0x000000008c700000, 0x000000008c700000| Untracked 
| 200|0x000000008c800000, 0x000000008c800000, 0x000000008c900000|  0%| F|  |TAMS 0x000000008c800000, 0x000000008c800000| Untracked 
| 201|0x000000008c900000, 0x000000008c900000, 0x000000008ca00000|  0%| F|  |TAMS 0x000000008c900000, 0x000000008c900000| Untracked 
| 202|0x000000008ca00000, 0x000000008ca00000, 0x000000008cb00000|  0%| F|  |TAMS 0x000000008ca00000, 0x000000008ca00000| Untracked 
| 203|0x000000008cb00000, 0x000000008cb00000, 0x000000008cc00000|  0%| F|  |TAMS 0x000000008cb00000, 0x000000008cb00000| Untracked 
| 204|0x000000008cc00000, 0x000000008cc00000, 0x000000008cd00000|  0%| F|  |TAMS 0x000000008cc00000, 0x000000008cc00000| Untracked 
| 205|0x000000008cd00000, 0x000000008cd00000, 0x000000008ce00000|  0%| F|  |TAMS 0x000000008cd00000, 0x000000008cd00000| Untracked 
| 206|0x000000008ce00000, 0x000000008ce00000, 0x000000008cf00000|  0%| F|  |TAMS 0x000000008ce00000, 0x000000008ce00000| Untracked 
| 207|0x000000008cf00000, 0x000000008cf00000, 0x000000008d000000|  0%| F|  |TAMS 0x000000008cf00000, 0x000000008cf00000| Untracked 
| 208|0x000000008d000000, 0x000000008d000000, 0x000000008d100000|  0%| F|  |TAMS 0x000000008d000000, 0x000000008d000000| Untracked 
| 209|0x000000008d100000, 0x000000008d100000, 0x000000008d200000|  0%| F|  |TAMS 0x000000008d100000, 0x000000008d100000| Untracked 
| 210|0x000000008d200000, 0x000000008d200000, 0x000000008d300000|  0%| F|  |TAMS 0x000000008d200000, 0x000000008d200000| Untracked 
| 211|0x000000008d300000, 0x000000008d300000, 0x000000008d400000|  0%| F|  |TAMS 0x000000008d300000, 0x000000008d300000| Untracked 
| 212|0x000000008d400000, 0x000000008d400000, 0x000000008d500000|  0%| F|  |TAMS 0x000000008d400000, 0x000000008d400000| Untracked 
| 213|0x000000008d500000, 0x000000008d500000, 0x000000008d600000|  0%| F|  |TAMS 0x000000008d500000, 0x000000008d500000| Untracked 
| 214|0x000000008d600000, 0x000000008d600000, 0x000000008d700000|  0%| F|  |TAMS 0x000000008d600000, 0x000000008d600000| Untracked 
| 215|0x000000008d700000, 0x000000008d700000, 0x000000008d800000|  0%| F|  |TAMS 0x000000008d700000, 0x000000008d700000| Untracked 
| 216|0x000000008d800000, 0x000000008d800000, 0x000000008d900000|  0%| F|  |TAMS 0x000000008d800000, 0x000000008d800000| Untracked 
| 217|0x000000008d900000, 0x000000008d900000, 0x000000008da00000|  0%| F|  |TAMS 0x000000008d900000, 0x000000008d900000| Untracked 
| 218|0x000000008da00000, 0x000000008da00000, 0x000000008db00000|  0%| F|  |TAMS 0x000000008da00000, 0x000000008da00000| Untracked 
| 219|0x000000008db00000, 0x000000008db00000, 0x000000008dc00000|  0%| F|  |TAMS 0x000000008db00000, 0x000000008db00000| Untracked 
| 220|0x000000008dc00000, 0x000000008dc00000, 0x000000008dd00000|  0%| F|  |TAMS 0x000000008dc00000, 0x000000008dc00000| Untracked 
| 221|0x000000008dd00000, 0x000000008dd00000, 0x000000008de00000|  0%| F|  |TAMS 0x000000008dd00000, 0x000000008dd00000| Untracked 
| 222|0x000000008de00000, 0x000000008de00000, 0x000000008df00000|  0%| F|  |TAMS 0x000000008de00000, 0x000000008de00000| Untracked 
| 223|0x000000008df00000, 0x000000008df00000, 0x000000008e000000|  0%| F|  |TAMS 0x000000008df00000, 0x000000008df00000| Untracked 
| 224|0x000000008e000000, 0x000000008e000000, 0x000000008e100000|  0%| F|  |TAMS 0x000000008e000000, 0x000000008e000000| Untracked 
| 225|0x000000008e100000, 0x000000008e100000, 0x000000008e200000|  0%| F|  |TAMS 0x000000008e100000, 0x000000008e100000| Untracked 
| 226|0x000000008e200000, 0x000000008e200000, 0x000000008e300000|  0%| F|  |TAMS 0x000000008e200000, 0x000000008e200000| Untracked 
| 227|0x000000008e300000, 0x000000008e300000, 0x000000008e400000|  0%| F|  |TAMS 0x000000008e300000, 0x000000008e300000| Untracked 
| 228|0x000000008e400000, 0x000000008e400000, 0x000000008e500000|  0%| F|  |TAMS 0x000000008e400000, 0x000000008e400000| Untracked 
| 229|0x000000008e500000, 0x000000008e500000, 0x000000008e600000|  0%| F|  |TAMS 0x000000008e500000, 0x000000008e500000| Untracked 
| 230|0x000000008e600000, 0x000000008e600000, 0x000000008e700000|  0%| F|  |TAMS 0x000000008e600000, 0x000000008e600000| Untracked 
| 231|0x000000008e700000, 0x000000008e700000, 0x000000008e800000|  0%| F|  |TAMS 0x000000008e700000, 0x000000008e700000| Untracked 
| 232|0x000000008e800000, 0x000000008e800000, 0x000000008e900000|  0%| F|  |TAMS 0x000000008e800000, 0x000000008e800000| Untracked 
| 233|0x000000008e900000, 0x000000008e900000, 0x000000008ea00000|  0%| F|  |TAMS 0x000000008e900000, 0x000000008e900000| Untracked 
| 234|0x000000008ea00000, 0x000000008ea00000, 0x000000008eb00000|  0%| F|  |TAMS 0x000000008ea00000, 0x000000008ea00000| Untracked 
| 235|0x000000008eb00000, 0x000000008eb00000, 0x000000008ec00000|  0%| F|  |TAMS 0x000000008eb00000, 0x000000008eb00000| Untracked 
| 236|0x000000008ec00000, 0x000000008ec00000, 0x000000008ed00000|  0%| F|  |TAMS 0x000000008ec00000, 0x000000008ec00000| Untracked 
| 237|0x000000008ed00000, 0x000000008ed00000, 0x000000008ee00000|  0%| F|  |TAMS 0x000000008ed00000, 0x000000008ed00000| Untracked 
| 238|0x000000008ee00000, 0x000000008ee00000, 0x000000008ef00000|  0%| F|  |TAMS 0x000000008ee00000, 0x000000008ee00000| Untracked 
| 239|0x000000008ef00000, 0x000000008ef00000, 0x000000008f000000|  0%| F|  |TAMS 0x000000008ef00000, 0x000000008ef00000| Untracked 
| 240|0x000000008f000000, 0x000000008f000000, 0x000000008f100000|  0%| F|  |TAMS 0x000000008f000000, 0x000000008f000000| Untracked 
| 241|0x000000008f100000, 0x000000008f100000, 0x000000008f200000|  0%| F|  |TAMS 0x000000008f100000, 0x000000008f100000| Untracked 
| 242|0x000000008f200000, 0x000000008f200000, 0x000000008f300000|  0%| F|  |TAMS 0x000000008f200000, 0x000000008f200000| Untracked 
| 243|0x000000008f300000, 0x000000008f300000, 0x000000008f400000|  0%| F|  |TAMS 0x000000008f300000, 0x000000008f300000| Untracked 
| 244|0x000000008f400000, 0x000000008f400000, 0x000000008f500000|  0%| F|  |TAMS 0x000000008f400000, 0x000000008f400000| Untracked 
| 245|0x000000008f500000, 0x000000008f500000, 0x000000008f600000|  0%| F|  |TAMS 0x000000008f500000, 0x000000008f500000| Untracked 
| 246|0x000000008f600000, 0x000000008f600000, 0x000000008f700000|  0%| F|  |TAMS 0x000000008f600000, 0x000000008f600000| Untracked 
| 247|0x000000008f700000, 0x000000008f700000, 0x000000008f800000|  0%| F|  |TAMS 0x000000008f700000, 0x000000008f700000| Untracked 
| 248|0x000000008f800000, 0x000000008f800000, 0x000000008f900000|  0%| F|  |TAMS 0x000000008f800000, 0x000000008f800000| Untracked 
| 249|0x000000008f900000, 0x000000008f900000, 0x000000008fa00000|  0%| F|  |TAMS 0x000000008f900000, 0x000000008f900000| Untracked 
| 250|0x000000008fa00000, 0x000000008fa00000, 0x000000008fb00000|  0%| F|  |TAMS 0x000000008fa00000, 0x000000008fa00000| Untracked 
| 251|0x000000008fb00000, 0x000000008fb00000, 0x000000008fc00000|  0%| F|  |TAMS 0x000000008fb00000, 0x000000008fb00000| Untracked 
| 252|0x000000008fc00000, 0x000000008fc54648, 0x000000008fd00000| 32%| E|  |TAMS 0x000000008fc00000, 0x000000008fc00000| Complete 
| 253|0x000000008fd00000, 0x000000008fdb49e0, 0x000000008fe00000| 70%| E|  |TAMS 0x000000008fd00000, 0x000000008fd00000| Complete 

Card table byte_map: [0x0000021cf5bc0000,0x0000021cf5fc0000] _byte_map_base: 0x0000021cf57c0000

Marking Bits (Prev, Next): (CMBitMap*) 0x0000021cdece8fb0, (CMBitMap*) 0x0000021cdece8ff0
 Prev Bits: [0x0000021cf63c0000, 0x0000021cf83c0000)
 Next Bits: [0x0000021cf83c0000, 0x0000021cfa3c0000)

Polling page: 0x0000021cdcb20000

Metaspace:

Usage:
  Non-class:     17.76 MB used.
      Class:      3.07 MB used.
       Both:     20.83 MB used.

Virtual space:
  Non-class space:       64.00 MB reserved,      17.94 MB ( 28%) committed,  1 nodes.
      Class space:      416.00 MB reserved,       3.19 MB ( <1%) committed,  1 nodes.
             Both:      480.00 MB reserved,      21.12 MB (  4%) committed. 

Chunk freelists:
   Non-Class:  14.03 MB
       Class:  12.82 MB
        Both:  26.85 MB

MaxMetaspaceSize: 512.00 MB
CompressedClassSpaceSize: 416.00 MB
Initial GC threshold: 21.00 MB
Current GC threshold: 21.31 MB
CDS: on
MetaspaceReclaimPolicy: balanced
 - commit_granule_bytes: 65536.
 - commit_granule_words: 8192.
 - virtual_space_node_default_size: 8388608.
 - enlarge_chunks_in_place: 1.
 - new_chunks_are_fully_committed: 0.
 - uncommit_free_chunks: 1.
 - use_allocation_guard: 0.
 - handle_deallocations: 1.


Internal statistics:

num_allocs_failed_limit: 3.
num_arena_births: 260.
num_arena_deaths: 0.
num_vsnodes_births: 2.
num_vsnodes_deaths: 0.
num_space_committed: 338.
num_space_uncommitted: 0.
num_chunks_returned_to_freelist: 3.
num_chunks_taken_from_freelist: 1033.
num_chunk_merges: 0.
num_chunk_splits: 676.
num_chunks_enlarged: 484.
num_inconsistent_stats: 0.

CodeHeap 'non-profiled nmethods': size=120000Kb used=1421Kb max_used=1421Kb free=118578Kb
 bounds [0x0000021cee290000, 0x0000021cee500000, 0x0000021cf57c0000]
CodeHeap 'profiled nmethods': size=120000Kb used=5663Kb max_used=5663Kb free=114336Kb
 bounds [0x0000021ce67c0000, 0x0000021ce6d50000, 0x0000021cedcf0000]
CodeHeap 'non-nmethods': size=5760Kb used=1238Kb max_used=1280Kb free=4521Kb
 bounds [0x0000021cedcf0000, 0x0000021cedf60000, 0x0000021cee290000]
 total_blobs=3295 nmethods=2750 adapters=457
 compilation: enabled
              stopped_count=0, restarted_count=0
 full_count=0

Compilation events (20 events):
Event: 9.675 Thread 0x0000021cfc8d18f0 nmethod 2637 0x0000021ce6d00d10 code [0x0000021ce6d01000, 0x0000021ce6d01ef8]
Event: 9.675 Thread 0x0000021cfc8d18f0 2640       3       com.google.common.collect.ImmutableMapEntry::<init> (12 bytes)
Event: 9.675 Thread 0x0000021cfc8d18f0 nmethod 2640 0x0000021ce6d02410 code [0x0000021ce6d025c0, 0x0000021ce6d028c8]
Event: 9.675 Thread 0x0000021cfc8d18f0 2636       1       com.google.common.collect.ImmutableMapEntry::isReusable (2 bytes)
Event: 9.675 Thread 0x0000021cfc8d18f0 nmethod 2636 0x0000021cee3e7890 code [0x0000021cee3e7a20, 0x0000021cee3e7af8]
Event: 9.675 Thread 0x0000021cfc8d18f0 2638       3       com.google.common.collect.RegularImmutableMap::makeImmutable (44 bytes)
Event: 9.676 Thread 0x0000021cfc8d18f0 nmethod 2638 0x0000021ce6d02a10 code [0x0000021ce6d02c20, 0x0000021ce6d034b8]
Event: 9.676 Thread 0x0000021cfc8d18f0 2639       1       com.google.common.collect.ImmutableMapEntry::getNextInKeyBucket (2 bytes)
Event: 9.676 Thread 0x0000021cfc8d18f0 nmethod 2639 0x0000021cee3e7b90 code [0x0000021cee3e7d20, 0x0000021cee3e7df8]
Event: 9.676 Thread 0x0000021cfc8d18f0 2641       1       com.google.common.collect.ImmutableMapEntry$NonTerminalImmutableMapEntry::getNextInKeyBucket (5 bytes)
Event: 9.676 Thread 0x0000021cfc8d18f0 nmethod 2641 0x0000021cee3e7e90 code [0x0000021cee3e8020, 0x0000021cee3e80f8]
Event: 9.676 Thread 0x0000021cfc8d18f0 2642       3       com.google.common.collect.ImmutableMapEntry$NonTerminalImmutableMapEntry::<init> (12 bytes)
Event: 9.676 Thread 0x0000021cfc8d18f0 nmethod 2642 0x0000021ce6d03690 code [0x0000021ce6d03860, 0x0000021ce6d03c48]
Event: 9.677 Thread 0x0000021cfe3577b0 nmethod 2634 0x0000021cee3e8190 code [0x0000021cee3e8300, 0x0000021cee3e8638]
Event: 9.677 Thread 0x0000021cfe3577b0 2620       4       com.google.common.base.CharMatcher::indexIn (48 bytes)
Event: 9.679 Thread 0x0000021cfe3577b0 nmethod 2620 0x0000021cee3e8790 code [0x0000021cee3e8920, 0x0000021cee3e8b68]
Event: 9.679 Thread 0x0000021cfe3577b0 2599       4       com.google.common.base.CharMatcher$Is::matches (14 bytes)
Event: 9.679 Thread 0x0000021cfe3577b0 nmethod 2599 0x0000021cee3e8d90 code [0x0000021cee3e8f00, 0x0000021cee3e8f98]
Event: 9.679 Thread 0x0000021cfe3577b0 2584       4       java.util.ArrayDeque::poll (5 bytes)
Event: 9.680 Thread 0x0000021cfe3577b0 nmethod 2584 0x0000021cee3e9090 code [0x0000021cee3e9200, 0x0000021cee3e9318]

GC Heap History (6 events):
Event: 0.593 GC heap before
{Heap before GC invocations=0 (full 0):
 garbage-first heap   total 260096K, used 13312K [0x0000000080000000, 0x0000000100000000)
  region size 1024K, 13 young (13312K), 0 survivors (0K)
 Metaspace       used 793K, committed 896K, reserved 491520K
  class space    used 61K, committed 128K, reserved 425984K
}
Event: 0.595 GC heap after
{Heap after GC invocations=1 (full 0):
 garbage-first heap   total 260096K, used 1736K [0x0000000080000000, 0x0000000100000000)
  region size 1024K, 2 young (2048K), 2 survivors (2048K)
 Metaspace       used 793K, committed 896K, reserved 491520K
  class space    used 61K, committed 128K, reserved 425984K
}
Event: 1.176 GC heap before
{Heap before GC invocations=1 (full 0):
 garbage-first heap   total 260096K, used 23240K [0x0000000080000000, 0x0000000100000000)
  region size 1024K, 20 young (20480K), 2 survivors (2048K)
 Metaspace       used 3383K, committed 3584K, reserved 491520K
  class space    used 424K, committed 512K, reserved 425984K
}
Event: 1.180 GC heap after
{Heap after GC invocations=2 (full 0):
 garbage-first heap   total 260096K, used 11020K [0x0000000080000000, 0x0000000100000000)
  region size 1024K, 3 young (3072K), 3 survivors (3072K)
 Metaspace       used 3383K, committed 3584K, reserved 491520K
  class space    used 424K, committed 512K, reserved 425984K
}
Event: 2.280 GC heap before
{Heap before GC invocations=2 (full 0):
 garbage-first heap   total 260096K, used 57100K [0x0000000080000000, 0x0000000100000000)
  region size 1024K, 46 young (47104K), 3 survivors (3072K)
 Metaspace       used 4236K, committed 4480K, reserved 491520K
  class space    used 519K, committed 640K, reserved 425984K
}
Event: 2.284 GC heap after
{Heap after GC invocations=3 (full 0):
 garbage-first heap   total 260096K, used 16355K [0x0000000080000000, 0x0000000100000000)
  region size 1024K, 6 young (6144K), 6 survivors (6144K)
 Metaspace       used 4236K, committed 4480K, reserved 491520K
  class space    used 519K, committed 640K, reserved 425984K
}

Dll operation events (15 events):
Event: 0.031 Loaded shared library C:\Program Files\Microsoft\jdk-17.0.12.7-hotspot\bin\java.dll
Event: 0.050 Loaded shared library C:\Program Files\Microsoft\jdk-17.0.12.7-hotspot\bin\jsvml.dll
Event: 0.161 Loaded shared library C:\Program Files\Microsoft\jdk-17.0.12.7-hotspot\bin\zip.dll
Event: 0.206 Loaded shared library C:\Program Files\Microsoft\jdk-17.0.12.7-hotspot\bin\instrument.dll
Event: 0.210 Loaded shared library C:\Program Files\Microsoft\jdk-17.0.12.7-hotspot\bin\net.dll
Event: 0.212 Loaded shared library C:\Program Files\Microsoft\jdk-17.0.12.7-hotspot\bin\nio.dll
Event: 0.215 Loaded shared library C:\Program Files\Microsoft\jdk-17.0.12.7-hotspot\bin\zip.dll
Event: 0.597 Loaded shared library C:\Program Files\Microsoft\jdk-17.0.12.7-hotspot\bin\jimage.dll
Event: 0.713 Loaded shared library C:\Program Files\Microsoft\jdk-17.0.12.7-hotspot\bin\verify.dll
Event: 0.909 Loaded shared library C:\Users\lenovo\.gradle\native\c067742578af261105cb4f569cf0c3c89f3d7b1fecec35dd04571415982c5e48\windows-amd64\native-platform.dll
Event: 0.946 Loaded shared library C:\Users\lenovo\.gradle\native\100fb08df4bc3b14c8652ba06237920a3bd2aa13389f12d3474272988ae205f9\windows-amd64\native-platform-file-events.dll
Event: 2.613 Loaded shared library C:\Program Files\Microsoft\jdk-17.0.12.7-hotspot\bin\management.dll
Event: 2.631 Loaded shared library C:\Program Files\Microsoft\jdk-17.0.12.7-hotspot\bin\management_ext.dll
Event: 3.958 Loaded shared library C:\Program Files\Microsoft\jdk-17.0.12.7-hotspot\bin\extnet.dll
Event: 4.731 Loaded shared library C:\Program Files\Microsoft\jdk-17.0.12.7-hotspot\bin\sunmscapi.dll

Deoptimization events (20 events):
Event: 6.473 Thread 0x0000021cfe48e590 Uncommon trap: trap_request=0xffffff45 fr.pc=0x0000021cee2b1890 relative=0x0000000000000a90
Event: 6.473 Thread 0x0000021cfe48e590 Uncommon trap: reason=unstable_if action=reinterpret pc=0x0000021cee2b1890 method=java.io.WinNTFileSystem.resolve(Ljava/lang/String;Ljava/lang/String;)Ljava/lang/String; @ 19 c2
Event: 6.473 Thread 0x0000021cfe48e590 DEOPT PACKING pc=0x0000021cee2b1890 sp=0x000000c3e6dfb6b0
Event: 6.473 Thread 0x0000021cfe48e590 DEOPT UNPACKING pc=0x0000021cedd469a3 sp=0x000000c3e6dfb658 mode 2
Event: 6.478 Thread 0x0000021cfe48e590 Uncommon trap: trap_request=0xffffff45 fr.pc=0x0000021cee31fa20 relative=0x00000000000005e0
Event: 6.478 Thread 0x0000021cfe48e590 Uncommon trap: reason=unstable_if action=reinterpret pc=0x0000021cee31fa20 method=java.io.File.getName()Ljava/lang/String; @ 16 c2
Event: 6.478 Thread 0x0000021cfe48e590 DEOPT PACKING pc=0x0000021cee31fa20 sp=0x000000c3e6dfb650
Event: 6.478 Thread 0x0000021cfe48e590 DEOPT UNPACKING pc=0x0000021cedd469a3 sp=0x000000c3e6dfb620 mode 2
Event: 6.678 Thread 0x0000021cfe48e590 Uncommon trap: trap_request=0xffffff45 fr.pc=0x0000021cee3066f8 relative=0x00000000000000d8
Event: 6.678 Thread 0x0000021cfe48e590 Uncommon trap: reason=unstable_if action=reinterpret pc=0x0000021cee3066f8 method=java.util.HashMap.hash(Ljava/lang/Object;)I @ 1 c2
Event: 6.678 Thread 0x0000021cfe48e590 DEOPT PACKING pc=0x0000021cee3066f8 sp=0x000000c3e6dfc420
Event: 6.678 Thread 0x0000021cfe48e590 DEOPT UNPACKING pc=0x0000021cedd469a3 sp=0x000000c3e6dfc360 mode 2
Event: 6.739 Thread 0x0000021cfe48e590 Uncommon trap: trap_request=0xffffff45 fr.pc=0x0000021cee34593c relative=0x000000000000071c
Event: 6.739 Thread 0x0000021cfe48e590 Uncommon trap: reason=unstable_if action=reinterpret pc=0x0000021cee34593c method=java.util.ArrayList.grow(I)[Ljava/lang/Object; @ 17 c2
Event: 6.739 Thread 0x0000021cfe48e590 DEOPT PACKING pc=0x0000021cee34593c sp=0x000000c3e6dfcfb0
Event: 6.739 Thread 0x0000021cfe48e590 DEOPT UNPACKING pc=0x0000021cedd469a3 sp=0x000000c3e6dfce48 mode 2
Event: 9.097 Thread 0x0000021cfe48e590 Uncommon trap: trap_request=0xffffff45 fr.pc=0x0000021cee3dea3c relative=0x000000000000075c
Event: 9.097 Thread 0x0000021cfe48e590 Uncommon trap: reason=unstable_if action=reinterpret pc=0x0000021cee3dea3c method=java.util.HashMap.putVal(ILjava/lang/Object;Ljava/lang/Object;ZZ)Ljava/lang/Object; @ 206 c2
Event: 9.097 Thread 0x0000021cfe48e590 DEOPT PACKING pc=0x0000021cee3dea3c sp=0x000000c3e6dfadc0
Event: 9.097 Thread 0x0000021cfe48e590 DEOPT UNPACKING pc=0x0000021cedd469a3 sp=0x000000c3e6dfad58 mode 2

Classes loaded (20 events):
Event: 7.335 Loading class java/io/UnsupportedEncodingException
Event: 7.335 Loading class java/io/UnsupportedEncodingException done
Event: 7.335 Loading class java/nio/charset/CharacterCodingException
Event: 7.335 Loading class java/nio/charset/CharacterCodingException done
Event: 7.501 Loading class java/util/function/LongFunction
Event: 7.515 Loading class java/util/function/LongFunction done
Event: 7.683 Loading class java/security/InvalidKeyException
Event: 7.683 Loading class java/security/KeyException
Event: 7.683 Loading class java/security/KeyException done
Event: 7.683 Loading class java/security/InvalidKeyException done
Event: 8.747 Loading class javax/xml/parsers/ParserConfigurationException
Event: 8.747 Loading class javax/xml/parsers/ParserConfigurationException done
Event: 8.747 Loading class org/xml/sax/SAXException
Event: 8.747 Loading class org/xml/sax/SAXException done
Event: 8.748 Loading class javax/xml/xpath/XPathExpressionException
Event: 8.748 Loading class javax/xml/xpath/XPathException
Event: 8.748 Loading class javax/xml/xpath/XPathException done
Event: 8.748 Loading class javax/xml/xpath/XPathExpressionException done
Event: 8.748 Loading class org/xml/sax/ErrorHandler
Event: 8.748 Loading class org/xml/sax/ErrorHandler done

Classes unloaded (0 events):
No events

Classes redefined (0 events):
No events

Internal exceptions (20 events):
Event: 6.235 Thread 0x0000021cfe48e590 Exception <a 'java/lang/NoSuchMethodError'{0x000000008c9c3768}: 'void java.lang.invoke.DirectMethodHandle$Holder.invokeStaticInit(java.lang.Object)'> (0x000000008c9c3768) 
thrown [s\src\hotspot\share\interpreter\linkResolver.cpp, line 759]
Event: 6.301 Thread 0x0000021cfe48e590 Exception <a 'java/lang/NoSuchMethodError'{0x000000008c875758}: 'java.lang.Object java.lang.invoke.DirectMethodHandle$Holder.newInvokeSpecial(java.lang.Object, java.lang.Object, java.lang.Object, int)'> (0x000000008c875758) 
thrown [s\src\hotspot\share\interpreter\linkResolver.cpp, line 759]
Event: 6.301 Thread 0x0000021cfe48e590 Exception <a 'java/lang/NoSuchMethodError'{0x000000008c87a088}: 'java.lang.Object java.lang.invoke.DirectMethodHandle$Holder.invokeSpecial(java.lang.Object, java.lang.Object, java.lang.Object, java.lang.Object, int)'> (0x000000008c87a088) 
thrown [s\src\hotspot\share\interpreter\linkResolver.cpp, line 759]
Event: 6.301 Thread 0x0000021cfe48e590 Exception <a 'java/lang/NoSuchMethodError'{0x000000008c87e1a0}: 'java.lang.Object java.lang.invoke.Invokers$Holder.linkToTargetMethod(java.lang.Object, java.lang.Object, int, java.lang.Object)'> (0x000000008c87e1a0) 
thrown [s\src\hotspot\share\interpreter\linkResolver.cpp, line 759]
Event: 6.553 Thread 0x0000021cfe48e590 Exception <a 'java/lang/NoSuchMethodError'{0x000000008c2b68a8}: 'int java.lang.invoke.DirectMethodHandle$Holder.invokeVirtual(java.lang.Object, java.lang.Object, java.lang.Object)'> (0x000000008c2b68a8) 
thrown [s\src\hotspot\share\interpreter\linkResolver.cpp, line 759]
Event: 6.574 Thread 0x0000021cfe48e590 Exception <a 'java/lang/NoSuchMethodError'{0x000000008c1bee28}: 'int java.lang.invoke.DirectMethodHandle$Holder.invokeSpecialIFC(java.lang.Object, java.lang.Object, java.lang.Object, java.lang.Object)'> (0x000000008c1bee28) 
thrown [s\src\hotspot\share\interpreter\linkResolver.cpp, line 759]
Event: 6.578 Thread 0x0000021cfe48e590 Exception <a 'java/lang/NoSuchMethodError'{0x000000008c1cdc68}: 'java.lang.Object java.lang.invoke.DirectMethodHandle$Holder.invokeInterface(java.lang.Object, java.lang.Object, java.lang.Object)'> (0x000000008c1cdc68) 
thrown [s\src\hotspot\share\interpreter\linkResolver.cpp, line 759]
Event: 6.579 Thread 0x0000021cfe48e590 Exception <a 'java/lang/IncompatibleClassChangeError'{0x000000008c1d1880}: Found class java.lang.Object, but interface was expected> (0x000000008c1d1880) 
thrown [s\src\hotspot\share\interpreter\linkResolver.cpp, line 826]
Event: 6.678 Thread 0x0000021cfe48e590 Implicit null exception at 0x0000021cee306658 to 0x0000021cee3066ee
Event: 6.689 Thread 0x0000021cfe48e590 Exception <a 'java/lang/NoSuchMethodError'{0x000000008bfbccf8}: 'int java.lang.invoke.DirectMethodHandle$Holder.invokeStatic(java.lang.Object, java.lang.Object, java.lang.Object, java.lang.Object)'> (0x000000008bfbccf8) 
thrown [s\src\hotspot\share\interpreter\linkResolver.cpp, line 759]
Event: 6.690 Thread 0x0000021cfe48e590 Exception <a 'java/lang/NoSuchMethodError'{0x000000008bfc0920}: 'java.lang.Object java.lang.invoke.Invokers$Holder.invokeExact_MT(java.lang.Object, java.lang.Object, java.lang.Object, java.lang.Object, java.lang.Object, java.lang.Object)'> (0x000000008bfc0920) 
thrown [s\src\hotspot\share\interpreter\linkResolver.cpp, line 759]
Event: 6.806 Thread 0x0000021cfe48e590 Exception <a 'java/lang/IncompatibleClassChangeError'{0x000000008bcae988}: Found class java.lang.Object, but interface was expected> (0x000000008bcae988) 
thrown [s\src\hotspot\share\interpreter\linkResolver.cpp, line 826]
Event: 7.318 Thread 0x0000021cfe361020 Exception <a 'java/lang/NoSuchMethodError'{0x000000008c3ba900}: static Lorg/gradle/internal/build/event/types/DefaultOperationStartedProgressEvent;.<clinit>()V> (0x000000008c3ba900) 
thrown [s\src\hotspot\share\prims\jni.cpp, line 1112]
Event: 7.319 Thread 0x0000021cfe361020 Exception <a 'java/lang/NoSuchMethodError'{0x000000008c3bc988}: static Lorg/gradle/internal/build/event/types/AbstractProgressEvent;.<clinit>()V> (0x000000008c3bc988) 
thrown [s\src\hotspot\share\prims\jni.cpp, line 1112]
Event: 7.320 Thread 0x0000021cfe361020 Exception <a 'java/lang/NoSuchMethodError'{0x000000008c3c59d8}: static Lorg/gradle/internal/build/event/types/DefaultOperationDescriptor;.<clinit>()V> (0x000000008c3c59d8) 
thrown [s\src\hotspot\share\prims\jni.cpp, line 1112]
Event: 7.337 Thread 0x0000021cfe361020 Exception <a 'java/lang/NoSuchMethodError'{0x000000008c3dc5d0}: static Lorg/gradle/internal/operations/OperationIdentifier;.<clinit>()V> (0x000000008c3dc5d0) 
thrown [s\src\hotspot\share\prims\jni.cpp, line 1112]
Event: 8.762 Thread 0x0000021cfe48e590 Exception <a 'java/lang/NoSuchMethodError'{0x000000008a55ea58}: 'java.lang.Object java.lang.invoke.DirectMethodHandle$Holder.invokeVirtual(java.lang.Object, java.lang.Object, java.lang.Object, java.lang.Object)'> (0x000000008a55ea58) 
thrown [s\src\hotspot\share\interpreter\linkResolver.cpp, line 759]
Event: 9.120 Thread 0x0000021cfe48e590 Exception <a 'java/lang/NoSuchMethodError'{0x000000008a4bf118}: 'java.lang.Object java.lang.invoke.DirectMethodHandle$Holder.newInvokeSpecial(java.lang.Object, java.lang.Object, java.lang.Object, java.lang.Object, java.lang.Object, java.lang.Object, java.lang.Object)'> (0x000000008a4bf118) 
thrown [s\src\hotspot\share\interpreter\linkResolver.cpp, line 759]
Event: 9.120 Thread 0x0000021cfe48e590 Exception <a 'java/lang/NoSuchMethodError'{0x000000008a4c3de8}: 'java.lang.Object java.lang.invoke.Invokers$Holder.linkToTargetMethod(java.lang.Object, java.lang.Object, java.lang.Object, java.lang.Object, java.lang.Object, java.lang.Object, java.lang.Object)'> (0x000000008a4c3de8) 
thrown [s\src\hotspot\share\interpreter\linkResolver.cpp, line 759]
Event: 9.183 Thread 0x0000021cfe48e590 Exception <a 'java/lang/NoSuchMethodError'{0x000000008a224fa0}: 'java.lang.Object java.lang.invoke.DirectMethodHandle$Holder.invokeVirtual(java.lang.Object, java.lang.Object, java.lang.Object, java.lang.Object, java.lang.Object, java.lang.Object, java.lang.Object, java.lang.Object, java.lang.Object, java.lang.Object, java.lang.Object, java.lang.Object, java.lang.Object, java.lang.Object, java.lang.Object, java.lang.Object, java.lang.Object, java.lang.Object, java.lang.Object, java.lang.Object, java.lang.Ob

VM Operations (20 events):
Event: 4.548 Executing VM operation: HandshakeAllThreads
Event: 4.548 Executing VM operation: HandshakeAllThreads done
Event: 4.548 Executing VM operation: Cleanup
Event: 4.548 Executing VM operation: Cleanup done
Event: 4.714 Executing VM operation: HandshakeAllThreads
Event: 4.715 Executing VM operation: HandshakeAllThreads done
Event: 5.718 Executing VM operation: Cleanup
Event: 5.733 Executing VM operation: Cleanup done
Event: 5.808 Executing VM operation: HandshakeAllThreads
Event: 5.808 Executing VM operation: HandshakeAllThreads done
Event: 6.790 Executing VM operation: HandshakeAllThreads
Event: 6.790 Executing VM operation: HandshakeAllThreads done
Event: 6.790 Executing VM operation: Cleanup
Event: 6.790 Executing VM operation: Cleanup done
Event: 6.791 Executing VM operation: HandshakeAllThreads
Event: 6.791 Executing VM operation: HandshakeAllThreads done
Event: 7.794 Executing VM operation: Cleanup
Event: 7.794 Executing VM operation: Cleanup done
Event: 8.808 Executing VM operation: Cleanup
Event: 8.808 Executing VM operation: Cleanup done

Events (20 events):
Event: 0.127 Thread 0x0000021cfc89d1c0 Thread added: 0x0000021cfc89d1c0
Event: 0.231 Thread 0x0000021cfcb3d910 Thread added: 0x0000021cfcb3d910
Event: 0.595 Thread 0x0000021cfcb01390 Thread added: 0x0000021cfcb01390
Event: 1.355 Thread 0x0000021cfcb01390 Thread exited: 0x0000021cfcb01390
Event: 2.235 Thread 0x0000021cfdf28aa0 Thread added: 0x0000021cfdf28aa0
Event: 2.770 Thread 0x0000021cfdf28aa0 Thread exited: 0x0000021cfdf28aa0
Event: 3.136 Thread 0x0000021cfdf28aa0 Thread added: 0x0000021cfdf28aa0
Event: 4.346 Thread 0x0000021cfe327590 Thread added: 0x0000021cfe327590
Event: 4.707 Thread 0x0000021cfe11ddf0 Thread added: 0x0000021cfe11ddf0
Event: 4.747 Thread 0x0000021cfe2bf900 Thread added: 0x0000021cfe2bf900
Event: 4.749 Thread 0x0000021cfe48b5e0 Thread added: 0x0000021cfe48b5e0
Event: 4.777 Thread 0x0000021cfe48e0b0 Thread added: 0x0000021cfe48e0b0
Event: 4.783 Thread 0x0000021cfe48e590 Thread added: 0x0000021cfe48e590
Event: 4.997 Thread 0x0000021cfe362e80 Thread added: 0x0000021cfe362e80
Event: 5.061 Thread 0x0000021cfe3638a0 Thread added: 0x0000021cfe3638a0
Event: 5.072 Thread 0x0000021cfe361020 Thread added: 0x0000021cfe361020
Event: 6.299 Thread 0x0000021cfe361530 Thread added: 0x0000021cfe361530
Event: 6.311 Thread 0x0000021cfe363390 Thread added: 0x0000021cfe363390
Event: 6.399 Thread 0x0000021cfe3600f0 Thread added: 0x0000021cfe3600f0
Event: 9.672 Thread 0x0000021cfe3577b0 Thread added: 0x0000021cfe3577b0


Dynamic libraries:
0x00007ff656a90000 - 0x00007ff656a9e000 	C:\Program Files\Microsoft\jdk-17.0.12.7-hotspot\bin\java.exe
0x00007fffbcc50000 - 0x00007fffbce48000 	C:\WINDOWS\SYSTEM32\ntdll.dll
0x00007fffbb140000 - 0x00007fffbb201000 	C:\WINDOWS\System32\KERNEL32.DLL
0x00007fffba980000 - 0x00007fffbac7d000 	C:\WINDOWS\System32\KERNELBASE.dll
0x00007fffba6c0000 - 0x00007fffba7c0000 	C:\WINDOWS\System32\ucrtbase.dll
0x00007fff9b990000 - 0x00007fff9b9ad000 	C:\Program Files\Microsoft\jdk-17.0.12.7-hotspot\bin\VCRUNTIME140.dll
0x00007fff9eaf0000 - 0x00007fff9eb07000 	C:\Program Files\Microsoft\jdk-17.0.12.7-hotspot\bin\jli.dll
0x00007fffbb750000 - 0x00007fffbb8ed000 	C:\WINDOWS\System32\USER32.dll
0x00007fffba900000 - 0x00007fffba922000 	C:\WINDOWS\System32\win32u.dll
0x00007fffb02d0000 - 0x00007fffb056a000 	C:\WINDOWS\WinSxS\amd64_microsoft.windows.common-controls_6595b64144ccf1df_6.0.19041.4355_none_60b8b9eb71f62e16\COMCTL32.dll
0x00007fffbb590000 - 0x00007fffbb5bb000 	C:\WINDOWS\System32\GDI32.dll
0x00007fffbb210000 - 0x00007fffbb2ae000 	C:\WINDOWS\System32\msvcrt.dll
0x00007fffba4d0000 - 0x00007fffba5e7000 	C:\WINDOWS\System32\gdi32full.dll
0x00007fffba5f0000 - 0x00007fffba68d000 	C:\WINDOWS\System32\msvcp_win.dll
0x00007fffbb110000 - 0x00007fffbb13f000 	C:\WINDOWS\System32\IMM32.DLL
0x00007fffad8a0000 - 0x00007fffad8ac000 	C:\Program Files\Microsoft\jdk-17.0.12.7-hotspot\bin\vcruntime140_1.dll
0x00007fff92cd0000 - 0x00007fff92d5d000 	C:\Program Files\Microsoft\jdk-17.0.12.7-hotspot\bin\msvcp140.dll
0x00007fff3a460000 - 0x00007fff3b0d0000 	C:\Program Files\Microsoft\jdk-17.0.12.7-hotspot\bin\server\jvm.dll
0x00007fffbcb60000 - 0x00007fffbcc10000 	C:\WINDOWS\System32\ADVAPI32.dll
0x00007fffbb5c0000 - 0x00007fffbb660000 	C:\WINDOWS\System32\sechost.dll
0x00007fffbad40000 - 0x00007fffbae63000 	C:\WINDOWS\System32\RPCRT4.dll
0x00007fffba690000 - 0x00007fffba6b7000 	C:\WINDOWS\System32\bcrypt.dll
0x00007fffbc240000 - 0x00007fffbc2ab000 	C:\WINDOWS\System32\WS2_32.dll
0x00007fffba160000 - 0x00007fffba1ab000 	C:\WINDOWS\SYSTEM32\POWRPROF.dll
0x00007fffa96f0000 - 0x00007fffa9717000 	C:\WINDOWS\SYSTEM32\WINMM.dll
0x00007fffb1500000 - 0x00007fffb150a000 	C:\WINDOWS\SYSTEM32\VERSION.dll
0x00007fffba140000 - 0x00007fffba152000 	C:\WINDOWS\SYSTEM32\UMPDC.dll
0x00007fffb8160000 - 0x00007fffb8172000 	C:\WINDOWS\SYSTEM32\kernel.appcore.dll
0x00007fff9eff0000 - 0x00007fff9effa000 	C:\Program Files\Microsoft\jdk-17.0.12.7-hotspot\bin\jimage.dll
0x00007fffa9fa0000 - 0x00007fffaa184000 	C:\WINDOWS\SYSTEM32\DBGHELP.DLL
0x00007fffa8de0000 - 0x00007fffa8e14000 	C:\WINDOWS\SYSTEM32\dbgcore.DLL
0x00007fffba870000 - 0x00007fffba8f2000 	C:\WINDOWS\System32\bcryptPrimitives.dll
0x00007fffa5160000 - 0x00007fffa516e000 	C:\Program Files\Microsoft\jdk-17.0.12.7-hotspot\bin\instrument.dll
0x00007fff97d00000 - 0x00007fff97d25000 	C:\Program Files\Microsoft\jdk-17.0.12.7-hotspot\bin\java.dll
0x00007fff91440000 - 0x00007fff91517000 	C:\Program Files\Microsoft\jdk-17.0.12.7-hotspot\bin\jsvml.dll
0x00007fffbc2b0000 - 0x00007fffbca1f000 	C:\WINDOWS\System32\SHELL32.dll
0x00007fffb8360000 - 0x00007fffb8b03000 	C:\WINDOWS\SYSTEM32\windows.storage.dll
0x00007fffbb9c0000 - 0x00007fffbbd13000 	C:\WINDOWS\System32\combase.dll
0x00007fffb9b80000 - 0x00007fffb9bae000 	C:\WINDOWS\SYSTEM32\Wldp.dll
0x00007fffbae70000 - 0x00007fffbaf3d000 	C:\WINDOWS\System32\OLEAUT32.dll
0x00007fffbbd20000 - 0x00007fffbbdcd000 	C:\WINDOWS\System32\SHCORE.dll
0x00007fffbace0000 - 0x00007fffbad35000 	C:\WINDOWS\System32\shlwapi.dll
0x00007fffba230000 - 0x00007fffba254000 	C:\WINDOWS\SYSTEM32\profapi.dll
0x00007fff9b0c0000 - 0x00007fff9b0d8000 	C:\Program Files\Microsoft\jdk-17.0.12.7-hotspot\bin\zip.dll
0x00007fff98da0000 - 0x00007fff98dba000 	C:\Program Files\Microsoft\jdk-17.0.12.7-hotspot\bin\net.dll
0x00007fffb4ce0000 - 0x00007fffb4ded000 	C:\WINDOWS\SYSTEM32\WINHTTP.dll
0x00007fffb9960000 - 0x00007fffb99ca000 	C:\WINDOWS\system32\mswsock.dll
0x00007fff98a40000 - 0x00007fff98a56000 	C:\Program Files\Microsoft\jdk-17.0.12.7-hotspot\bin\nio.dll
0x00007fff9e750000 - 0x00007fff9e760000 	C:\Program Files\Microsoft\jdk-17.0.12.7-hotspot\bin\verify.dll
0x00007fffa19e0000 - 0x00007fffa1a07000 	C:\Users\lenovo\.gradle\native\c067742578af261105cb4f569cf0c3c89f3d7b1fecec35dd04571415982c5e48\windows-amd64\native-platform.dll
0x00007fff93410000 - 0x00007fff93554000 	C:\Users\lenovo\.gradle\native\100fb08df4bc3b14c8652ba06237920a3bd2aa13389f12d3474272988ae205f9\windows-amd64\native-platform-file-events.dll
0x00007fff9e430000 - 0x00007fff9e43a000 	C:\Program Files\Microsoft\jdk-17.0.12.7-hotspot\bin\management.dll
0x00007fff9e2c0000 - 0x00007fff9e2cb000 	C:\Program Files\Microsoft\jdk-17.0.12.7-hotspot\bin\management_ext.dll
0x00007fffbb9b0000 - 0x00007fffbb9b8000 	C:\WINDOWS\System32\PSAPI.DLL
0x00007fffb9c30000 - 0x00007fffb9c48000 	C:\WINDOWS\SYSTEM32\CRYPTSP.dll
0x00007fffb92a0000 - 0x00007fffb92d4000 	C:\WINDOWS\system32\rsaenh.dll
0x00007fffba1b0000 - 0x00007fffba1de000 	C:\WINDOWS\SYSTEM32\USERENV.dll
0x00007fffb9af0000 - 0x00007fffb9afc000 	C:\WINDOWS\SYSTEM32\CRYPTBASE.dll
0x00007fffb9660000 - 0x00007fffb969b000 	C:\WINDOWS\SYSTEM32\IPHLPAPI.DLL
0x00007fffbb8f0000 - 0x00007fffbb8f8000 	C:\WINDOWS\System32\NSI.dll
0x00007fffb3d10000 - 0x00007fffb3d27000 	C:\WINDOWS\SYSTEM32\dhcpcsvc6.DLL
0x00007fffb3cf0000 - 0x00007fffb3d0d000 	C:\WINDOWS\SYSTEM32\dhcpcsvc.DLL
0x00007fffb96f0000 - 0x00007fffb97ba000 	C:\WINDOWS\SYSTEM32\DNSAPI.dll
0x00007fff9e240000 - 0x00007fff9e249000 	C:\Program Files\Microsoft\jdk-17.0.12.7-hotspot\bin\extnet.dll
0x00007fffa5640000 - 0x00007fffa564e000 	C:\Program Files\Microsoft\jdk-17.0.12.7-hotspot\bin\sunmscapi.dll
0x00007fffba300000 - 0x00007fffba45c000 	C:\WINDOWS\System32\CRYPT32.dll
0x00007fffb9c00000 - 0x00007fffb9c29000 	C:\WINDOWS\SYSTEM32\ncrypt.dll
0x00007fffb9bb0000 - 0x00007fffb9beb000 	C:\WINDOWS\SYSTEM32\NTASN1.dll
0x00007fff9f810000 - 0x00007fff9f817000 	C:\WINDOWS\system32\wshunix.dll

dbghelp: loaded successfully - version: 4.0.5 - missing functions: none
symbol engine: initialized successfully - sym options: 0x614 - pdb path: .;C:\Program Files\Microsoft\jdk-17.0.12.7-hotspot\bin;C:\WINDOWS\SYSTEM32;C:\WINDOWS\WinSxS\amd64_microsoft.windows.common-controls_6595b64144ccf1df_6.0.19041.4355_none_60b8b9eb71f62e16;C:\Program Files\Microsoft\jdk-17.0.12.7-hotspot\bin\server;C:\Users\lenovo\.gradle\native\c067742578af261105cb4f569cf0c3c89f3d7b1fecec35dd04571415982c5e48\windows-amd64;C:\Users\lenovo\.gradle\native\100fb08df4bc3b14c8652ba06237920a3bd2aa13389f12d3474272988ae205f9\windows-amd64

VM Arguments:
jvm_args: -XX:MaxMetaspaceSize=512m --add-opens=java.base/java.util=ALL-UNNAMED --add-opens=java.base/java.lang=ALL-UNNAMED --add-opens=java.base/java.lang.invoke=ALL-UNNAMED --add-opens=java.prefs/java.util.prefs=ALL-UNNAMED --add-opens=java.base/java.nio.charset=ALL-UNNAMED --add-opens=java.base/java.net=ALL-UNNAMED --add-opens=java.base/java.util.concurrent.atomic=ALL-UNNAMED -Xmx2048m -Dfile.encoding=utf8 -Duser.country=US -Duser.language=en -Duser.variant -javaagent:C:\Users\lenovo\.gradle\wrapper\dists\gradle-8.8-all\6gdy1pgp427xkqcjbxw3ylt6h\gradle-8.8\lib\agents\gradle-instrumentation-agent-8.8.jar 
java_command: org.gradle.launcher.daemon.bootstrap.GradleDaemon 8.8
java_class_path (initial): C:\Users\lenovo\.gradle\wrapper\dists\gradle-8.8-all\6gdy1pgp427xkqcjbxw3ylt6h\gradle-8.8\lib\gradle-launcher-8.8.jar
Launcher Type: SUN_STANDARD

[Global flags]
     intx CICompilerCount                          = 3                                         {product} {ergonomic}
   size_t CompressedClassSpaceSize                 = 436207616                                 {product} {ergonomic}
     uint ConcGCThreads                            = 1                                         {product} {ergonomic}
     uint G1ConcRefinementThreads                  = 4                                         {product} {ergonomic}
   size_t G1HeapRegionSize                         = 1048576                                   {product} {ergonomic}
    uintx GCDrainStackTargetSize                   = 64                                        {product} {ergonomic}
   size_t InitialHeapSize                          = 266338304                                 {product} {ergonomic}
   size_t MarkStackSize                            = 4194304                                   {product} {ergonomic}
   size_t MaxHeapSize                              = 2147483648                                {product} {command line}
   size_t MaxMetaspaceSize                         = 536870912                                 {product} {command line}
   size_t MaxNewSize                               = 1287651328                                {product} {ergonomic}
   size_t MinHeapDeltaBytes                        = 1048576                                   {product} {ergonomic}
   size_t MinHeapSize                              = 8388608                                   {product} {ergonomic}
    uintx NonNMethodCodeHeapSize                   = 5832780                                {pd product} {ergonomic}
    uintx NonProfiledCodeHeapSize                  = 122912730                              {pd product} {ergonomic}
    uintx ProfiledCodeHeapSize                     = 122912730                              {pd product} {ergonomic}
    uintx ReservedCodeCacheSize                    = 251658240                              {pd product} {ergonomic}
     bool SegmentedCodeCache                       = true                                      {product} {ergonomic}
   size_t SoftMaxHeapSize                          = 2147483648                             {manageable} {ergonomic}
     bool UseCompressedClassPointers               = true                           {product lp64_product} {ergonomic}
     bool UseCompressedOops                        = true                           {product lp64_product} {ergonomic}
     bool UseG1GC                                  = true                                      {product} {ergonomic}
     bool UseLargePagesIndividualAllocation        = false                                  {pd product} {ergonomic}

Logging:
Log output configuration:
 #0: stdout all=warning uptime,level,tags
 #1: stderr all=off uptime,level,tags

Environment Variables:
JAVA_HOME=C:\Program Files\Microsoft\jdk-17.0.12.7-hotspot\
PATH=C:\Program Files\Microsoft\jdk-17.0.12.7-hotspot\bin;C:\Program Files\Common Files\Oracle\Java\javapath;C:\WINDOWS\system32;C:\WINDOWS;C:\WINDOWS\System32\Wbem;C:\WINDOWS\System32\WindowsPowerShell\v1.0\;C:\WINDOWS\System32\OpenSSH\;E:\oracle\instantclient_18_3\;C:\Program Files\MongoDB\Server\4.2\bin;C:\Program Files\PostgreSQL\11\bin;C:\Program Files\Redis\;C:\Users\lenovo\AppData\Roaming\nvm;C:\Program Files\nodejs;C:\Users\lenovo\Downloads\oracle\instantclient_18_3;C:\Users\lenovo\Downloads\Visual-C-Runtimes-All-in-One-Jan-2020;C:\Program Files\MongoDB\Server\4.2\bin;C:\Program Files (x86)\Windows Kits\10\Windows Performance Toolkit\;C:\Users\lenovo\Downloads\gradle-8.4-all\gradle-8.4\bin;C:\Users\lenovo\Downloads\gradle-7.5.1-all\gradle-7.5.1\bin;C:\Program Files (x86)\Yarn\bin\;C:\Program Files\Java\jdk-21;C:\Program Files\Java\jdk-17;C:\Users\lenovo\AppData\Local\Android\Sdk\platform-tools;C:\Program Files\Git\cmd;;C:\ProgramData\chocolatey\bin;C:\Program Files\nodejs\;C:\Program Files\MySQL\MySQL Shell 8.0\bin\;C:\Users\lenovo\AppData\Local\Programs\Python\Python36\Scripts\;C:\Users\lenovo\AppData\Local\Programs\Python\Python36\;C:\Users\lenovo\AppData\Local\Microsoft\WindowsApps;C:\Users\lenovo\AppData\Local\Programs\Microsoft VS Code\bin;"C:\Program Files\Git\bin;C:\Program Files\Git\cmd";D:\mongodb-shell-win32-x86_64-2012plus-4.2.6\mongodb-win32-x86_64-2012plus-4.2.6\bin;C:\Users\lenovo\AppData\Roaming\nvm;C:\Program Files\nodejs;C:\Program Files (x86)\Sophos\Sophos SSL VPN Client\bin;C:\Users\lenovo\AppData\Local\Yarn\bin;C:\Program Files\Java\jdk-17;C:\Program Files\Java\jdk-21;C:\Users\lenovo\AppData\Roaming\npm
USERNAME=Bharath
OS=Windows_NT
PROCESSOR_IDENTIFIER=Intel64 Family 6 Model 60 Stepping 3, GenuineIntel
TMP=C:\Users\lenovo\AppData\Local\Temp
TEMP=C:\Users\lenovo\AppData\Local\Temp



Periodic native trim disabled


---------------  S Y S T E M  ---------------

OS:
 Windows 10 , 64 bit Build 19041 (10.0.19041.4842)
OS uptime: 10 days 5:42 hours
Hyper-V role detected

CPU: total 4 (initial active 4) (4 cores per cpu, 1 threads per core) family 6 model 60 stepping 3 microcode 0x27, cx8, cmov, fxsr, mmx, sse, sse2, sse3, ssse3, sse4.1, sse4.2, popcnt, lzcnt, tsc, tscinvbit, avx, avx2, aes, erms, clmul, bmi1, bmi2, fma, vzeroupper, clflush, hv
Processor Information for the first 4 processors :
  Max Mhz: 3001, Current Mhz: 2800, Mhz Limit: 3001

Memory: 4k page, system-wide physical 16178M (1201M free)
TotalPageFile size 22066M (AvailPageFile size 446M)
current process WorkingSet (physical memory assigned to process): 139M, peak: 243M
current process commit charge ("private bytes"): 234M, peak: 407M

vm_info: OpenJDK 64-Bit Server VM (17.0.12+7-LTS) for windows-amd64 JRE (17.0.12+7-LTS), built on Jul 16 2024 18:11:44 by "MicrosoftCorporation" with unknown MS VC++:1939

END.
