#
# There is insufficient memory for the Java Runtime Environment to continue.
# Native memory allocation (malloc) failed to allocate 48496 bytes. Error detail: Chunk::new
# Possible reasons:
#   The system is out of physical RAM or swap space
#   This process is running with CompressedOops enabled, and the Java Heap may be blocking the growth of the native heap
# Possible solutions:
#   Reduce memory load on the system
#   Increase physical memory or swap space
#   Check if swap backing store is full
#   Decrease Java heap size (-Xmx/-Xms)
#   Decrease number of Java threads
#   Decrease Java thread stack sizes (-Xss)
#   Set larger code cache with -XX:ReservedCodeCacheSize=
#   JVM is running with Unscaled Compressed Oops mode in which the Java heap is
#     placed in the first 4GB address space. The Java Heap base address is the
#     maximum limit for the native heap growth. Please use -XX:HeapBaseMinAddress
#     to set the Java Heap base and to place the Java Heap above 4GB virtual address.
# This output file may be truncated or incomplete.
#
#  Out of Memory Error (arena.cpp:191), pid=23344, tid=21080
#
# JRE version: OpenJDK Runtime Environment Microsoft-9889599 (17.0.12+7) (build 17.0.12+7-LTS)
# Java VM: OpenJDK 64-Bit Server VM Microsoft-9889599 (17.0.12+7-LTS, mixed mode, sharing, tiered, compressed oops, compressed class ptrs, g1 gc, windows-amd64)
# No core dump will be written. Minidumps are not enabled by default on client versions of Windows
#

---------------  S U M M A R Y ------------

Command Line: -Xmx64m -Xms64m -Dorg.gradle.appname=gradlew org.gradle.wrapper.GradleWrapperMain app:installDebug -PreactNativeDevServerPort=8081

Host: Intel(R) Core(TM) i5-4590S CPU @ 3.00GHz, 4 cores, 15G,  Windows 10 , 64 bit Build 19041 (10.0.19041.4842)
Time: Fri Oct  4 13:06:31 2024 India Standard Time elapsed time: 1.656723 seconds (0d 0h 0m 1s)

---------------  T H R E A D  ---------------

Current thread (0x000001f0304e6320):  JavaThread "C2 CompilerThread0" daemon [_thread_in_native, id=21080, stack(0x0000005fc4200000,0x0000005fc4300000)]


Current CompileTask:
C2:   1708 1183 % !   4       sun.security.provider.SeedGenerator$ThreadedSeedGenerator::run @ 109 (263 bytes)

Stack: [0x0000005fc4200000,0x0000005fc4300000]
Native frames: (J=compiled Java code, j=interpreted, Vv=VM code, C=native code)
V  [jvm.dll+0x686d99]
V  [jvm.dll+0x83daf8]
V  [jvm.dll+0x83f5a3]
V  [jvm.dll+0x83fc13]
V  [jvm.dll+0x2492ef]
V  [jvm.dll+0xad0a4]
V  [jvm.dll+0xad73c]
V  [jvm.dll+0x56ed2b]
V  [jvm.dll+0x334bb2]
V  [jvm.dll+0x33401a]
V  [jvm.dll+0x21a538]
V  [jvm.dll+0x21996f]
V  [jvm.dll+0x1a53e6]
V  [jvm.dll+0x229faa]
V  [jvm.dll+0x2280fb]
V  [jvm.dll+0x7f3508]
V  [jvm.dll+0x7ed87c]
V  [jvm.dll+0x685c77]
C  [ucrtbase.dll+0x21bb2]
C  [KERNEL32.DLL+0x17374]
C  [ntdll.dll+0x4cc91]


---------------  P R O C E S S  ---------------

Threads class SMR info:
_java_thread_list=0x000001f076c106e0, length=15, elements={
0x000001f01734f960, 0x000001f0173e44b0, 0x000001f0173e5330, 0x000001f0173f8110,
0x000001f0173f9fa0, 0x000001f0173fdbe0, 0x000001f0174005b0, 0x000001f0304e6320,
0x000001f017403390, 0x000001f0304f8d00, 0x000001f030615e80, 0x000001f030619440,
0x000001f0767a02d0, 0x000001f0767e4db0, 0x000001f076b96960
}

Java Threads: ( => current thread )
  0x000001f01734f960 JavaThread "main" [_thread_blocked, id=17708, stack(0x0000005fc3500000,0x0000005fc3600000)]
  0x000001f0173e44b0 JavaThread "Reference Handler" daemon [_thread_blocked, id=14528, stack(0x0000005fc3c00000,0x0000005fc3d00000)]
  0x000001f0173e5330 JavaThread "Finalizer" daemon [_thread_blocked, id=8756, stack(0x0000005fc3d00000,0x0000005fc3e00000)]
  0x000001f0173f8110 JavaThread "Signal Dispatcher" daemon [_thread_blocked, id=20940, stack(0x0000005fc3e00000,0x0000005fc3f00000)]
  0x000001f0173f9fa0 JavaThread "Attach Listener" daemon [_thread_blocked, id=2620, stack(0x0000005fc3f00000,0x0000005fc4000000)]
  0x000001f0173fdbe0 JavaThread "Service Thread" daemon [_thread_blocked, id=23088, stack(0x0000005fc4000000,0x0000005fc4100000)]
  0x000001f0174005b0 JavaThread "Monitor Deflation Thread" daemon [_thread_blocked, id=17492, stack(0x0000005fc4100000,0x0000005fc4200000)]
=>0x000001f0304e6320 JavaThread "C2 CompilerThread0" daemon [_thread_in_native, id=21080, stack(0x0000005fc4200000,0x0000005fc4300000)]
  0x000001f017403390 JavaThread "C1 CompilerThread0" daemon [_thread_blocked, id=16716, stack(0x0000005fc4300000,0x0000005fc4400000)]
  0x000001f0304f8d00 JavaThread "Sweeper thread" daemon [_thread_blocked, id=23040, stack(0x0000005fc4400000,0x0000005fc4500000)]
  0x000001f030615e80 JavaThread "Notification Thread" daemon [_thread_blocked, id=23648, stack(0x0000005fc4500000,0x0000005fc4600000)]
  0x000001f030619440 JavaThread "Common-Cleaner" daemon [_thread_blocked, id=24188, stack(0x0000005fc4700000,0x0000005fc4800000)]
  0x000001f0767a02d0 JavaThread "pool-1-thread-1" [_thread_blocked, id=684, stack(0x0000005fc4c00000,0x0000005fc4d00000)]
  0x000001f0767e4db0 JavaThread "SeedGenerator Thread" daemon [_thread_in_Java, id=14924, stack(0x0000005fc4d00000,0x0000005fc4e00000)]
  0x000001f076b96960 JavaThread "SeedGenerator Thread" daemon [_thread_blocked, id=13028, stack(0x0000005fc4b00000,0x0000005fc4c00000)]

Other Threads:
  0x000001f0173df890 VMThread "VM Thread" [stack: 0x0000005fc3b00000,0x0000005fc3c00000] [id=20224]
  0x000001f030616360 WatcherThread [stack: 0x0000005fc4600000,0x0000005fc4700000] [id=19852]
  0x000001f01736fe20 GCTaskThread "GC Thread#0" [stack: 0x0000005fc3600000,0x0000005fc3700000] [id=18496]
  0x000001f030913d00 GCTaskThread "GC Thread#1" [stack: 0x0000005fc4800000,0x0000005fc4900000] [id=20048]
  0x000001f030914440 GCTaskThread "GC Thread#2" [stack: 0x0000005fc4900000,0x0000005fc4a00000] [id=19872]
  0x000001f0307994d0 GCTaskThread "GC Thread#3" [stack: 0x0000005fc4a00000,0x0000005fc4b00000] [id=21620]
  0x000001f017371570 ConcurrentGCThread "G1 Main Marker" [stack: 0x0000005fc3700000,0x0000005fc3800000] [id=21608]
  0x000001f017371f90 ConcurrentGCThread "G1 Conc#0" [stack: 0x0000005fc3800000,0x0000005fc3900000] [id=18032]
  0x000001f0173c32f0 ConcurrentGCThread "G1 Refine#0" [stack: 0x0000005fc3900000,0x0000005fc3a00000] [id=14548]
  0x000001f0173c3d20 ConcurrentGCThread "G1 Service" [stack: 0x0000005fc3a00000,0x0000005fc3b00000] [id=21732]

Threads with active compile tasks:
C2 CompilerThread0     3642 1183 % !   4       sun.security.provider.SeedGenerator$ThreadedSeedGenerator::run @ 109 (263 bytes)

VM state: not at safepoint (normal execution)

VM Mutex/Monitor currently owned by a thread: None

Heap address: 0x00000000fc000000, size: 64 MB, Compressed Oops mode: 32-bit

CDS archive(s) mapped at: [0x000001f031000000-0x000001f031bb0000-0x000001f031bb0000), size 12255232, SharedBaseAddress: 0x000001f031000000, ArchiveRelocationMode: 1.
Compressed class space mapped at: 0x000001f032000000-0x000001f072000000, reserved size: 1073741824
Narrow klass base: 0x000001f031000000, Narrow klass shift: 0, Narrow klass range: 0x100000000

GC Precious Log:
 CPUs: 4 total, 4 available
 Memory: 16178M
 Large Page Support: Disabled
 NUMA Support: Disabled
 Compressed Oops: Enabled (32-bit)
 Heap Region Size: 1M
 Heap Min Capacity: 64M
 Heap Initial Capacity: 64M
 Heap Max Capacity: 64M
 Pre-touch: Disabled
 Parallel Workers: 4
 Concurrent Workers: 1
 Concurrent Refinement Workers: 4
 Periodic GC: Disabled

Heap:
 garbage-first heap   total 65536K, used 22550K [0x00000000fc000000, 0x0000000100000000)
  region size 1024K, 15 young (15360K), 3 survivors (3072K)
 Metaspace       used 7291K, committed 7488K, reserved 1114112K
  class space    used 1005K, committed 1088K, reserved 1048576K

Heap Regions: E=young(eden), S=young(survivor), O=old, HS=humongous(starts), HC=humongous(continues), CS=collection set, F=free, OA=open archive, CA=closed archive, TAMS=top-at-mark-start (previous, next)
|   0|0x00000000fc000000, 0x00000000fc100000, 0x00000000fc100000|100%|HS|  |TAMS 0x00000000fc000000, 0x00000000fc000000| Complete 
|   1|0x00000000fc100000, 0x00000000fc200000, 0x00000000fc200000|100%|HC|  |TAMS 0x00000000fc100000, 0x00000000fc100000| Complete 
|   2|0x00000000fc200000, 0x00000000fc300000, 0x00000000fc300000|100%|HC|  |TAMS 0x00000000fc200000, 0x00000000fc200000| Complete 
|   3|0x00000000fc300000, 0x00000000fc400000, 0x00000000fc400000|100%|HC|  |TAMS 0x00000000fc300000, 0x00000000fc300000| Complete 
|   4|0x00000000fc400000, 0x00000000fc500000, 0x00000000fc500000|100%| O|  |TAMS 0x00000000fc400000, 0x00000000fc400000| Untracked 
|   5|0x00000000fc500000, 0x00000000fc600000, 0x00000000fc600000|100%| O|  |TAMS 0x00000000fc500000, 0x00000000fc500000| Untracked 
|   6|0x00000000fc600000, 0x00000000fc700000, 0x00000000fc700000|100%| O|  |TAMS 0x00000000fc600000, 0x00000000fc600000| Untracked 
|   7|0x00000000fc700000, 0x00000000fc800000, 0x00000000fc800000|100%| O|  |TAMS 0x00000000fc700000, 0x00000000fc700000| Untracked 
|   8|0x00000000fc800000, 0x00000000fc805a00, 0x00000000fc900000|  2%| O|  |TAMS 0x00000000fc800000, 0x00000000fc800000| Untracked 
|   9|0x00000000fc900000, 0x00000000fc900000, 0x00000000fca00000|  0%| F|  |TAMS 0x00000000fc900000, 0x00000000fc900000| Untracked 
|  10|0x00000000fca00000, 0x00000000fca00000, 0x00000000fcb00000|  0%| F|  |TAMS 0x00000000fca00000, 0x00000000fca00000| Untracked 
|  11|0x00000000fcb00000, 0x00000000fcb00000, 0x00000000fcc00000|  0%| F|  |TAMS 0x00000000fcb00000, 0x00000000fcb00000| Untracked 
|  12|0x00000000fcc00000, 0x00000000fcc00000, 0x00000000fcd00000|  0%| F|  |TAMS 0x00000000fcc00000, 0x00000000fcc00000| Untracked 
|  13|0x00000000fcd00000, 0x00000000fcd00000, 0x00000000fce00000|  0%| F|  |TAMS 0x00000000fcd00000, 0x00000000fcd00000| Untracked 
|  14|0x00000000fce00000, 0x00000000fce00000, 0x00000000fcf00000|  0%| F|  |TAMS 0x00000000fce00000, 0x00000000fce00000| Untracked 
|  15|0x00000000fcf00000, 0x00000000fcf00000, 0x00000000fd000000|  0%| F|  |TAMS 0x00000000fcf00000, 0x00000000fcf00000| Untracked 
|  16|0x00000000fd000000, 0x00000000fd000000, 0x00000000fd100000|  0%| F|  |TAMS 0x00000000fd000000, 0x00000000fd000000| Untracked 
|  17|0x00000000fd100000, 0x00000000fd100000, 0x00000000fd200000|  0%| F|  |TAMS 0x00000000fd100000, 0x00000000fd100000| Untracked 
|  18|0x00000000fd200000, 0x00000000fd200000, 0x00000000fd300000|  0%| F|  |TAMS 0x00000000fd200000, 0x00000000fd200000| Untracked 
|  19|0x00000000fd300000, 0x00000000fd300000, 0x00000000fd400000|  0%| F|  |TAMS 0x00000000fd300000, 0x00000000fd300000| Untracked 
|  20|0x00000000fd400000, 0x00000000fd400000, 0x00000000fd500000|  0%| F|  |TAMS 0x00000000fd400000, 0x00000000fd400000| Untracked 
|  21|0x00000000fd500000, 0x00000000fd500000, 0x00000000fd600000|  0%| F|  |TAMS 0x00000000fd500000, 0x00000000fd500000| Untracked 
|  22|0x00000000fd600000, 0x00000000fd600000, 0x00000000fd700000|  0%| F|  |TAMS 0x00000000fd600000, 0x00000000fd600000| Untracked 
|  23|0x00000000fd700000, 0x00000000fd700000, 0x00000000fd800000|  0%| F|  |TAMS 0x00000000fd700000, 0x00000000fd700000| Untracked 
|  24|0x00000000fd800000, 0x00000000fd800000, 0x00000000fd900000|  0%| F|  |TAMS 0x00000000fd800000, 0x00000000fd800000| Untracked 
|  25|0x00000000fd900000, 0x00000000fd900000, 0x00000000fda00000|  0%| F|  |TAMS 0x00000000fd900000, 0x00000000fd900000| Untracked 
|  26|0x00000000fda00000, 0x00000000fda00000, 0x00000000fdb00000|  0%| F|  |TAMS 0x00000000fda00000, 0x00000000fda00000| Untracked 
|  27|0x00000000fdb00000, 0x00000000fdb00000, 0x00000000fdc00000|  0%| F|  |TAMS 0x00000000fdb00000, 0x00000000fdb00000| Untracked 
|  28|0x00000000fdc00000, 0x00000000fdc00000, 0x00000000fdd00000|  0%| F|  |TAMS 0x00000000fdc00000, 0x00000000fdc00000| Untracked 
|  29|0x00000000fdd00000, 0x00000000fdd00000, 0x00000000fde00000|  0%| F|  |TAMS 0x00000000fdd00000, 0x00000000fdd00000| Untracked 
|  30|0x00000000fde00000, 0x00000000fde00000, 0x00000000fdf00000|  0%| F|  |TAMS 0x00000000fde00000, 0x00000000fde00000| Untracked 
|  31|0x00000000fdf00000, 0x00000000fdf00000, 0x00000000fe000000|  0%| F|  |TAMS 0x00000000fdf00000, 0x00000000fdf00000| Untracked 
|  32|0x00000000fe000000, 0x00000000fe000000, 0x00000000fe100000|  0%| F|  |TAMS 0x00000000fe000000, 0x00000000fe000000| Untracked 
|  33|0x00000000fe100000, 0x00000000fe100000, 0x00000000fe200000|  0%| F|  |TAMS 0x00000000fe100000, 0x00000000fe100000| Untracked 
|  34|0x00000000fe200000, 0x00000000fe200000, 0x00000000fe300000|  0%| F|  |TAMS 0x00000000fe200000, 0x00000000fe200000| Untracked 
|  35|0x00000000fe300000, 0x00000000fe300000, 0x00000000fe400000|  0%| F|  |TAMS 0x00000000fe300000, 0x00000000fe300000| Untracked 
|  36|0x00000000fe400000, 0x00000000fe400000, 0x00000000fe500000|  0%| F|  |TAMS 0x00000000fe400000, 0x00000000fe400000| Untracked 
|  37|0x00000000fe500000, 0x00000000fe500000, 0x00000000fe600000|  0%| F|  |TAMS 0x00000000fe500000, 0x00000000fe500000| Untracked 
|  38|0x00000000fe600000, 0x00000000fe600000, 0x00000000fe700000|  0%| F|  |TAMS 0x00000000fe600000, 0x00000000fe600000| Untracked 
|  39|0x00000000fe700000, 0x00000000fe700000, 0x00000000fe800000|  0%| F|  |TAMS 0x00000000fe700000, 0x00000000fe700000| Untracked 
|  40|0x00000000fe800000, 0x00000000fe800000, 0x00000000fe900000|  0%| F|  |TAMS 0x00000000fe800000, 0x00000000fe800000| Untracked 
|  41|0x00000000fe900000, 0x00000000fe900000, 0x00000000fea00000|  0%| F|  |TAMS 0x00000000fe900000, 0x00000000fe900000| Untracked 
|  42|0x00000000fea00000, 0x00000000feb00000, 0x00000000feb00000|100%| S|CS|TAMS 0x00000000fea00000, 0x00000000fea00000| Complete 
|  43|0x00000000feb00000, 0x00000000fec00000, 0x00000000fec00000|100%| S|CS|TAMS 0x00000000feb00000, 0x00000000feb00000| Complete 
|  44|0x00000000fec00000, 0x00000000fed00000, 0x00000000fed00000|100%| S|CS|TAMS 0x00000000fec00000, 0x00000000fec00000| Complete 
|  45|0x00000000fed00000, 0x00000000fed00000, 0x00000000fee00000|  0%| F|  |TAMS 0x00000000fed00000, 0x00000000fed00000| Untracked 
|  46|0x00000000fee00000, 0x00000000fee00000, 0x00000000fef00000|  0%| F|  |TAMS 0x00000000fee00000, 0x00000000fee00000| Untracked 
|  47|0x00000000fef00000, 0x00000000fef00000, 0x00000000ff000000|  0%| F|  |TAMS 0x00000000fef00000, 0x00000000fef00000| Untracked 
|  48|0x00000000ff000000, 0x00000000ff000000, 0x00000000ff100000|  0%| F|  |TAMS 0x00000000ff000000, 0x00000000ff000000| Untracked 
|  49|0x00000000ff100000, 0x00000000ff100000, 0x00000000ff200000|  0%| F|  |TAMS 0x00000000ff100000, 0x00000000ff100000| Untracked 
|  50|0x00000000ff200000, 0x00000000ff200000, 0x00000000ff300000|  0%| F|  |TAMS 0x00000000ff200000, 0x00000000ff200000| Untracked 
|  51|0x00000000ff300000, 0x00000000ff300000, 0x00000000ff400000|  0%| F|  |TAMS 0x00000000ff300000, 0x00000000ff300000| Untracked 
|  52|0x00000000ff400000, 0x00000000ff4ff3c0, 0x00000000ff500000| 99%| E|  |TAMS 0x00000000ff400000, 0x00000000ff400000| Complete 
|  53|0x00000000ff500000, 0x00000000ff600000, 0x00000000ff600000|100%| E|CS|TAMS 0x00000000ff500000, 0x00000000ff500000| Complete 
|  54|0x00000000ff600000, 0x00000000ff700000, 0x00000000ff700000|100%| E|CS|TAMS 0x00000000ff600000, 0x00000000ff600000| Complete 
|  55|0x00000000ff700000, 0x00000000ff800000, 0x00000000ff800000|100%| E|CS|TAMS 0x00000000ff700000, 0x00000000ff700000| Complete 
|  56|0x00000000ff800000, 0x00000000ff900000, 0x00000000ff900000|100%| E|CS|TAMS 0x00000000ff800000, 0x00000000ff800000| Complete 
|  57|0x00000000ff900000, 0x00000000ffa00000, 0x00000000ffa00000|100%| E|CS|TAMS 0x00000000ff900000, 0x00000000ff900000| Complete 
|  58|0x00000000ffa00000, 0x00000000ffb00000, 0x00000000ffb00000|100%| E|CS|TAMS 0x00000000ffa00000, 0x00000000ffa00000| Complete 
|  59|0x00000000ffb00000, 0x00000000ffc00000, 0x00000000ffc00000|100%| E|CS|TAMS 0x00000000ffb00000, 0x00000000ffb00000| Complete 
|  60|0x00000000ffc00000, 0x00000000ffd00000, 0x00000000ffd00000|100%| E|CS|TAMS 0x00000000ffc00000, 0x00000000ffc00000| Complete 
|  61|0x00000000ffd00000, 0x00000000ffe00000, 0x00000000ffe00000|100%| E|CS|TAMS 0x00000000ffd00000, 0x00000000ffd00000| Complete 
|  62|0x00000000ffe00000, 0x00000000fff00000, 0x00000000fff00000|100%| E|CS|TAMS 0x00000000ffe00000, 0x00000000ffe00000| Complete 
|  63|0x00000000fff00000, 0x0000000100000000, 0x0000000100000000|100%| E|CS|TAMS 0x00000000fff00000, 0x00000000fff00000| Complete 

Card table byte_map: [0x000001f017180000,0x000001f0171a0000] _byte_map_base: 0x000001f0169a0000

Marking Bits (Prev, Next): (CMBitMap*) 0x000001f017370440, (CMBitMap*) 0x000001f017370480
 Prev Bits: [0x000001f0171c0000, 0x000001f0172c0000)
 Next Bits: [0x000001f02de80000, 0x000001f02df80000)

Polling page: 0x000001f016b10000

Metaspace:

Usage:
  Non-class:      6.14 MB used.
      Class:   1005.75 KB used.
       Both:      7.12 MB used.

Virtual space:
  Non-class space:       64.00 MB reserved,       6.25 MB ( 10%) committed,  1 nodes.
      Class space:        1.00 GB reserved,       1.06 MB ( <1%) committed,  1 nodes.
             Both:        1.06 GB reserved,       7.31 MB ( <1%) committed. 

Chunk freelists:
   Non-Class:  8.45 MB
       Class:  14.98 MB
        Both:  23.43 MB

MaxMetaspaceSize: unlimited
CompressedClassSpaceSize: 1.00 GB
Initial GC threshold: 21.00 MB
Current GC threshold: 21.00 MB
CDS: on
MetaspaceReclaimPolicy: balanced
 - commit_granule_bytes: 65536.
 - commit_granule_words: 8192.
 - virtual_space_node_default_size: 8388608.
 - enlarge_chunks_in_place: 1.
 - new_chunks_are_fully_committed: 0.
 - uncommit_free_chunks: 1.
 - use_allocation_guard: 0.
 - handle_deallocations: 1.


Internal statistics:

num_allocs_failed_limit: 0.
num_arena_births: 74.
num_arena_deaths: 0.
num_vsnodes_births: 2.
num_vsnodes_deaths: 0.
num_space_committed: 117.
num_space_uncommitted: 0.
num_chunks_returned_to_freelist: 0.
num_chunks_taken_from_freelist: 271.
num_chunk_merges: 0.
num_chunk_splits: 192.
num_chunks_enlarged: 161.
num_inconsistent_stats: 0.

CodeHeap 'non-profiled nmethods': size=120000Kb used=551Kb max_used=551Kb free=119448Kb
 bounds [0x000001f026950000, 0x000001f026bc0000, 0x000001f02de80000]
CodeHeap 'profiled nmethods': size=120000Kb used=2273Kb max_used=2273Kb free=117726Kb
 bounds [0x000001f01ee80000, 0x000001f01f0f0000, 0x000001f0263b0000]
CodeHeap 'non-nmethods': size=5760Kb used=1150Kb max_used=1174Kb free=4610Kb
 bounds [0x000001f0263b0000, 0x000001f026620000, 0x000001f026950000]
 total_blobs=1627 nmethods=1187 adapters=353
 compilation: enabled
              stopped_count=0, restarted_count=0
 full_count=0

Compilation events (20 events):
Event: 1.400 Thread 0x000001f017403390 nmethod 1171 0x000001f01f0a8190 code [0x000001f01f0a8c60, 0x000001f01f0af338]
Event: 1.400 Thread 0x000001f017403390 1174   !   3       sun.nio.fs.WindowsDirectoryStream$WindowsDirectoryIterator::readNextEntry (192 bytes)
Event: 1.400 Thread 0x000001f017403390 nmethod 1174 0x000001f01f0b1090 code [0x000001f01f0b1340, 0x000001f01f0b1eb8]
Event: 1.400 Thread 0x000001f017403390 1178       3       sun.security.provider.DigestBase::engineUpdate (189 bytes)
Event: 1.401 Thread 0x000001f017403390 nmethod 1178 0x000001f01f0b2490 code [0x000001f01f0b2700, 0x000001f01f0b33d8]
Event: 1.401 Thread 0x000001f017403390 1180       3       java.security.MessageDigest$Delegate::engineUpdate (11 bytes)
Event: 1.401 Thread 0x000001f017403390 nmethod 1180 0x000001f01f0b3710 code [0x000001f01f0b38c0, 0x000001f01f0b3a88]
Event: 1.401 Thread 0x000001f017403390 1179       3       java.security.MessageDigest::update (14 bytes)
Event: 1.402 Thread 0x000001f017403390 nmethod 1179 0x000001f01f0b3b90 code [0x000001f01f0b3d40, 0x000001f01f0b4028]
Event: 1.402 Thread 0x000001f017403390 1173  s    3       sun.nio.fs.WindowsDirectoryStream$WindowsDirectoryIterator::hasNext (35 bytes)
Event: 1.402 Thread 0x000001f017403390 nmethod 1173 0x000001f01f0b4190 code [0x000001f01f0b4340, 0x000001f01f0b4668]
Event: 1.402 Thread 0x000001f017403390 1175       3       sun.nio.fs.WindowsFileAttributes::fromFindData (127 bytes)
Event: 1.402 Thread 0x000001f017403390 nmethod 1175 0x000001f01f0b4710 code [0x000001f01f0b4900, 0x000001f01f0b4f68]
Event: 1.402 Thread 0x000001f017403390 1176   !   3       sun.nio.fs.WindowsDirectoryStream$WindowsDirectoryIterator::acceptEntry (71 bytes)
Event: 1.403 Thread 0x000001f017403390 nmethod 1176 0x000001f01f0b5290 code [0x000001f01f0b54e0, 0x000001f01f0b5d08]
Event: 1.403 Thread 0x000001f017403390 1177   !   3       sun.nio.fs.WindowsPath::createFromNormalizedPath (65 bytes)
Event: 1.403 Thread 0x000001f017403390 nmethod 1177 0x000001f01f0b6110 code [0x000001f01f0b6340, 0x000001f01f0b6ab8]
Event: 1.505 Thread 0x000001f017403390 1182 % !   3       sun.security.provider.SeedGenerator$ThreadedSeedGenerator::run @ 109 (263 bytes)
Event: 1.506 Thread 0x000001f017403390 nmethod 1182% 0x000001f01f0b6e10 code [0x000001f01f0b70a0, 0x000001f01f0b7f38]
Event: 1.510 Thread 0x000001f0304e6320 1183 % !   4       sun.security.provider.SeedGenerator$ThreadedSeedGenerator::run @ 109 (263 bytes)

GC Heap History (4 events):
Event: 0.489 GC heap before
{Heap before GC invocations=0 (full 0):
 garbage-first heap   total 65536K, used 12288K [0x00000000fc000000, 0x0000000100000000)
  region size 1024K, 13 young (13312K), 0 survivors (0K)
 Metaspace       used 1649K, committed 1792K, reserved 1114112K
  class space    used 154K, committed 192K, reserved 1048576K
}
Event: 0.494 GC heap after
{Heap after GC invocations=1 (full 0):
 garbage-first heap   total 65536K, used 1920K [0x00000000fc000000, 0x0000000100000000)
  region size 1024K, 2 young (2048K), 2 survivors (2048K)
 Metaspace       used 1649K, committed 1792K, reserved 1114112K
  class space    used 154K, committed 192K, reserved 1048576K
}
Event: 0.989 GC heap before
{Heap before GC invocations=1 (full 0):
 garbage-first heap   total 65536K, used 23424K [0x00000000fc000000, 0x0000000100000000)
  region size 1024K, 19 young (19456K), 2 survivors (2048K)
 Metaspace       used 4471K, committed 4672K, reserved 1114112K
  class space    used 582K, committed 704K, reserved 1048576K
}
Event: 0.993 GC heap after
{Heap after GC invocations=2 (full 0):
 garbage-first heap   total 65536K, used 11286K [0x00000000fc000000, 0x0000000100000000)
  region size 1024K, 3 young (3072K), 3 survivors (3072K)
 Metaspace       used 4471K, committed 4672K, reserved 1114112K
  class space    used 582K, committed 704K, reserved 1048576K
}

Dll operation events (10 events):
Event: 0.007 Loaded shared library C:\Program Files\Microsoft\jdk-17.0.12.7-hotspot\bin\java.dll
Event: 0.026 Loaded shared library C:\Program Files\Microsoft\jdk-17.0.12.7-hotspot\bin\jsvml.dll
Event: 0.065 Loaded shared library C:\Program Files\Microsoft\jdk-17.0.12.7-hotspot\bin\net.dll
Event: 0.067 Loaded shared library C:\Program Files\Microsoft\jdk-17.0.12.7-hotspot\bin\nio.dll
Event: 0.069 Loaded shared library C:\Program Files\Microsoft\jdk-17.0.12.7-hotspot\bin\zip.dll
Event: 0.074 Loaded shared library C:\Program Files\Microsoft\jdk-17.0.12.7-hotspot\bin\verify.dll
Event: 0.499 Loaded shared library C:\Program Files\Microsoft\jdk-17.0.12.7-hotspot\bin\jimage.dll
Event: 0.960 Loaded shared library C:\Users\lenovo\.gradle\native\c067742578af261105cb4f569cf0c3c89f3d7b1fecec35dd04571415982c5e48\windows-amd64\native-platform.dll
Event: 1.131 Loaded shared library C:\Program Files\Microsoft\jdk-17.0.12.7-hotspot\bin\management.dll
Event: 1.134 Loaded shared library C:\Program Files\Microsoft\jdk-17.0.12.7-hotspot\bin\management_ext.dll

Deoptimization events (20 events):
Event: 1.111 Thread 0x000001f01734f960 Uncommon trap: trap_request=0xffffff45 fr.pc=0x000001f0269b39f8 relative=0x0000000000000498
Event: 1.111 Thread 0x000001f01734f960 Uncommon trap: reason=unstable_if action=reinterpret pc=0x000001f0269b39f8 method=java.util.HashMap.hash(Ljava/lang/Object;)I @ 1 c2
Event: 1.111 Thread 0x000001f01734f960 DEOPT PACKING pc=0x000001f0269b39f8 sp=0x0000005fc35fcc00
Event: 1.111 Thread 0x000001f01734f960 DEOPT UNPACKING pc=0x000001f0264069a3 sp=0x0000005fc35fcaa8 mode 2
Event: 1.111 Thread 0x000001f01734f960 Uncommon trap: trap_request=0xffffff45 fr.pc=0x000001f026994b88 relative=0x00000000000004a8
Event: 1.111 Thread 0x000001f01734f960 Uncommon trap: reason=unstable_if action=reinterpret pc=0x000001f026994b88 method=java.util.HashMap.hash(Ljava/lang/Object;)I @ 1 c2
Event: 1.111 Thread 0x000001f01734f960 DEOPT PACKING pc=0x000001f026994b88 sp=0x0000005fc35fcb90
Event: 1.111 Thread 0x000001f01734f960 DEOPT UNPACKING pc=0x000001f0264069a3 sp=0x0000005fc35fcaa8 mode 2
Event: 1.182 Thread 0x000001f01734f960 DEOPT PACKING pc=0x000001f01efaf038 sp=0x0000005fc35f7e50
Event: 1.182 Thread 0x000001f01734f960 DEOPT UNPACKING pc=0x000001f026407143 sp=0x0000005fc35f7368 mode 0
Event: 1.249 Thread 0x000001f01734f960 Uncommon trap: trap_request=0xffffffc6 fr.pc=0x000001f0269c9758 relative=0x0000000000000578
Event: 1.249 Thread 0x000001f01734f960 Uncommon trap: reason=bimorphic_or_optimized_type_check action=maybe_recompile pc=0x000001f0269c9758 method=java.util.concurrent.ConcurrentHashMap.get(Ljava/lang/Object;)Ljava/lang/Object; @ 149 c2
Event: 1.249 Thread 0x000001f01734f960 DEOPT PACKING pc=0x000001f0269c9758 sp=0x0000005fc35faf00
Event: 1.249 Thread 0x000001f01734f960 DEOPT UNPACKING pc=0x000001f0264069a3 sp=0x0000005fc35faea0 mode 2
Event: 1.287 Thread 0x000001f0767e4db0 DEOPT PACKING pc=0x000001f01f09e1b2 sp=0x0000005fc4dff3c0
Event: 1.287 Thread 0x000001f0767e4db0 DEOPT UNPACKING pc=0x000001f026407143 sp=0x0000005fc4dfe8e0 mode 0
Event: 1.504 Thread 0x000001f0767e4db0 Uncommon trap: trap_request=0xffffff45 fr.pc=0x000001f0269d6ad8 relative=0x0000000000000258
Event: 1.504 Thread 0x000001f0767e4db0 Uncommon trap: reason=unstable_if action=reinterpret pc=0x000001f0269d6ad8 method=sun.security.provider.SeedGenerator$ThreadedSeedGenerator.run()V @ 119 c2
Event: 1.504 Thread 0x000001f0767e4db0 DEOPT PACKING pc=0x000001f0269d6ad8 sp=0x0000005fc4dff450
Event: 1.504 Thread 0x000001f0767e4db0 DEOPT UNPACKING pc=0x000001f0264069a3 sp=0x0000005fc4dff3e8 mode 2

Classes loaded (20 events):
Event: 1.250 Loading class sun/security/provider/ByteArrayAccess$BE
Event: 1.250 Loading class sun/security/provider/ByteArrayAccess$BE done
Event: 1.254 Loading class sun/security/provider/SeedGenerator$ThreadedSeedGenerator$BogusThread
Event: 1.254 Loading class sun/security/provider/SeedGenerator$ThreadedSeedGenerator$BogusThread done
Event: 1.275 Loading class java/net/NetworkInterface$1
Event: 1.275 Loading class java/net/NetworkInterface$1 done
Event: 1.388 Loading class java/nio/file/Files$AcceptAllFilter
Event: 1.388 Loading class java/nio/file/DirectoryStream$Filter
Event: 1.388 Loading class java/nio/file/DirectoryStream$Filter done
Event: 1.388 Loading class java/nio/file/Files$AcceptAllFilter done
Event: 1.388 Loading class sun/nio/fs/WindowsDirectoryStream
Event: 1.388 Loading class java/nio/file/DirectoryStream
Event: 1.388 Loading class java/nio/file/DirectoryStream done
Event: 1.388 Loading class sun/nio/fs/WindowsDirectoryStream done
Event: 1.388 Loading class sun/nio/fs/WindowsDirectoryStream$WindowsDirectoryIterator
Event: 1.388 Loading class sun/nio/fs/WindowsDirectoryStream$WindowsDirectoryIterator done
Event: 1.389 Loading class sun/nio/fs/WindowsPath$WindowsPathWithAttributes
Event: 1.389 Loading class sun/nio/fs/BasicFileAttributesHolder
Event: 1.389 Loading class sun/nio/fs/BasicFileAttributesHolder done
Event: 1.389 Loading class sun/nio/fs/WindowsPath$WindowsPathWithAttributes done

Classes unloaded (0 events):
No events

Classes redefined (0 events):
No events

Internal exceptions (17 events):
Event: 0.168 Thread 0x000001f01734f960 Exception <a 'java/lang/NoSuchMethodError'{0x00000000ffc47690}: 'int java.lang.invoke.DirectMethodHandle$Holder.invokeStaticInit(java.lang.Object, java.lang.Object)'> (0x00000000ffc47690) 
thrown [s\src\hotspot\share\interpreter\linkResolver.cpp, line 759]
Event: 0.884 Thread 0x000001f01734f960 Exception <a 'java/lang/NoSuchMethodError'{0x00000000ff081f70}: 'void java.lang.invoke.DirectMethodHandle$Holder.invokeStatic(java.lang.Object, java.lang.Object)'> (0x00000000ff081f70) 
thrown [s\src\hotspot\share\interpreter\linkResolver.cpp, line 759]
Event: 0.907 Thread 0x000001f01734f960 Exception <a 'java/lang/NoClassDefFoundError'{0x00000000fef18298}: org/slf4j/impl/StaticMarkerBinder> (0x00000000fef18298) 
thrown [s\src\hotspot\share\classfile\systemDictionary.cpp, line 245]
Event: 0.928 Thread 0x000001f01734f960 Exception <a 'java/lang/NoSuchMethodError'{0x00000000fef88fe0}: 'java.lang.Object java.lang.invoke.DirectMethodHandle$Holder.invokeVirtual(java.lang.Object, java.lang.Object, java.lang.Object)'> (0x00000000fef88fe0) 
thrown [s\src\hotspot\share\interpreter\linkResolver.cpp, line 759]
Event: 0.936 Thread 0x000001f01734f960 Exception <a 'java/lang/NoSuchMethodError'{0x00000000fefd0128}: 'java.lang.Object java.lang.invoke.DirectMethodHandle$Holder.invokeVirtual(java.lang.Object, java.lang.Object, java.lang.Object, java.lang.Object, java.lang.Object, java.lang.Object, java.lang.Object)'> (0x00000000fefd0128) 
thrown [s\src\hotspot\share\interpreter\linkResolver.cpp, line 759]
Event: 0.938 Thread 0x000001f01734f960 Exception <a 'java/lang/NoSuchMethodError'{0x00000000fefe1a80}: 'java.lang.Object java.lang.invoke.Invokers$Holder.invoker(java.lang.Object, java.lang.Object, java.lang.Object)'> (0x00000000fefe1a80) 
thrown [s\src\hotspot\share\interpreter\linkResolver.cpp, line 759]
Event: 0.940 Thread 0x000001f01734f960 Exception <a 'java/lang/NoSuchMethodError'{0x00000000fefea9f8}: 'java.lang.Object java.lang.invoke.DirectMethodHandle$Holder.invokeStatic(java.lang.Object, java.lang.Object, int)'> (0x00000000fefea9f8) 
thrown [s\src\hotspot\share\interpreter\linkResolver.cpp, line 759]
Event: 0.941 Thread 0x000001f01734f960 Exception <a 'java/lang/NoSuchMethodError'{0x00000000feff66e8}: 'void java.lang.invoke.DelegatingMethodHandle$Holder.delegate(java.lang.Object, java.lang.Object, int, java.lang.Object)'> (0x00000000feff66e8) 
thrown [s\src\hotspot\share\interpreter\linkResolver.cpp, line 759]
Event: 0.942 Thread 0x000001f01734f960 Exception <a 'java/lang/NoSuchMethodError'{0x00000000feffa830}: 'int java.lang.invoke.DirectMethodHandle$Holder.invokeSpecial(java.lang.Object, java.lang.Object, java.lang.Object)'> (0x00000000feffa830) 
thrown [s\src\hotspot\share\interpreter\linkResolver.cpp, line 759]
Event: 0.945 Thread 0x000001f01734f960 Exception <a 'java/lang/NoSuchMethodError'{0x00000000fee0de48}: 'java.lang.Object java.lang.invoke.Invokers$Holder.invokeExact_MT(java.lang.Object, java.lang.Object, java.lang.Object, java.lang.Object)'> (0x00000000fee0de48) 
thrown [s\src\hotspot\share\interpreter\linkResolver.cpp, line 759]
Event: 1.099 Thread 0x000001f01734f960 Exception <a 'java/lang/NoSuchMethodError'{0x00000000ffcfe838}: 'void java.lang.invoke.DirectMethodHandle$Holder.invokeSpecial(java.lang.Object, java.lang.Object, java.lang.Object)'> (0x00000000ffcfe838) 
thrown [s\src\hotspot\share\interpreter\linkResolver.cpp, line 759]
Event: 1.111 Thread 0x000001f01734f960 Implicit null exception at 0x000001f0269b35ac to 0x000001f0269b39d8
Event: 1.111 Thread 0x000001f01734f960 Implicit null exception at 0x000001f02699472c to 0x000001f026994b68
Event: 1.129 Thread 0x000001f01734f960 Exception <a 'java/lang/NoSuchMethodError'{0x00000000ffa78da0}: 'java.lang.Object java.lang.invoke.DirectMethodHandle$Holder.invokeStaticInit(java.lang.Object)'> (0x00000000ffa78da0) 
thrown [s\src\hotspot\share\interpreter\linkResolver.cpp, line 759]
Event: 1.153 Thread 0x000001f01734f960 Exception <a 'java/lang/NoSuchMethodError'{0x00000000ff90f8f0}: 'int java.lang.invoke.DirectMethodHandle$Holder.invokeVirtual(java.lang.Object, java.lang.Object, java.lang.Object)'> (0x00000000ff90f8f0) 
thrown [s\src\hotspot\share\interpreter\linkResolver.cpp, line 759]
Event: 1.245 Thread 0x000001f01734f960 Exception <a 'java/lang/NoSuchMethodError'{0x00000000ff5c31f0}: 'java.lang.Object java.lang.invoke.DirectMethodHandle$Holder.invokeStaticInit(java.lang.Object, int, int, int, int)'> (0x00000000ff5c31f0) 
thrown [s\src\hotspot\share\interpreter\linkResolver.cpp, line 759]
Event: 1.396 Thread 0x000001f01734f960 Exception <a 'java/lang/NoSuchMethodError'{0x00000000ff4373f0}: 'java.lang.Object java.lang.invoke.DirectMethodHandle$Holder.invokeStaticInit(java.lang.Object, java.lang.Object, int, int, int, int)'> (0x00000000ff4373f0) 
thrown [s\src\hotspot\share\interpreter\linkResolver.cpp, line 759]

VM Operations (20 events):
Event: 0.070 Executing VM operation: HandshakeAllThreads
Event: 0.070 Executing VM operation: HandshakeAllThreads done
Event: 0.489 Executing VM operation: G1CollectForAllocation
Event: 0.494 Executing VM operation: G1CollectForAllocation done
Event: 0.749 Executing VM operation: HandshakeAllThreads
Event: 0.749 Executing VM operation: HandshakeAllThreads done
Event: 0.903 Executing VM operation: HandshakeAllThreads
Event: 0.904 Executing VM operation: HandshakeAllThreads done
Event: 0.904 Executing VM operation: HandshakeAllThreads
Event: 0.904 Executing VM operation: HandshakeAllThreads done
Event: 0.939 Executing VM operation: HandshakeAllThreads
Event: 0.939 Executing VM operation: HandshakeAllThreads done
Event: 0.988 Executing VM operation: G1CollectForAllocation
Event: 0.994 Executing VM operation: G1CollectForAllocation done
Event: 1.144 Executing VM operation: HandshakeAllThreads
Event: 1.144 Executing VM operation: HandshakeAllThreads done
Event: 1.206 Executing VM operation: HandshakeAllThreads
Event: 1.206 Executing VM operation: HandshakeAllThreads done
Event: 1.389 Executing VM operation: HandshakeAllThreads
Event: 1.389 Executing VM operation: HandshakeAllThreads done

Events (18 events):
Event: 0.026 Thread 0x000001f01734f960 Thread added: 0x000001f01734f960
Event: 0.038 Thread 0x000001f0173e44b0 Thread added: 0x000001f0173e44b0
Event: 0.038 Thread 0x000001f0173e5330 Thread added: 0x000001f0173e5330
Event: 0.046 Thread 0x000001f0173f8110 Thread added: 0x000001f0173f8110
Event: 0.046 Thread 0x000001f0173f9fa0 Thread added: 0x000001f0173f9fa0
Event: 0.046 Thread 0x000001f0173fdbe0 Thread added: 0x000001f0173fdbe0
Event: 0.046 Thread 0x000001f0174005b0 Thread added: 0x000001f0174005b0
Event: 0.047 Thread 0x000001f0304e6320 Thread added: 0x000001f0304e6320
Event: 0.047 Thread 0x000001f017403390 Thread added: 0x000001f017403390
Event: 0.047 Thread 0x000001f0304f8d00 Thread added: 0x000001f0304f8d00
Event: 0.061 Thread 0x000001f030615e80 Thread added: 0x000001f030615e80
Event: 0.062 Thread 0x000001f030619440 Thread added: 0x000001f030619440
Event: 0.500 Thread 0x000001f030799ba0 Thread added: 0x000001f030799ba0
Event: 0.980 Thread 0x000001f0767a02d0 Thread added: 0x000001f0767a02d0
Event: 1.250 Thread 0x000001f0767e4db0 Thread added: 0x000001f0767e4db0
Event: 1.254 Thread 0x000001f076e59100 Thread added: 0x000001f076e59100
Event: 1.281 Thread 0x000001f030799ba0 Thread exited: 0x000001f030799ba0
Event: 1.505 Thread 0x000001f030799ba0 Thread added: 0x000001f030799ba0


Dynamic libraries:
0x00007ff727030000 - 0x00007ff72703e000 	C:\Program Files\Microsoft\jdk-17.0.12.7-hotspot\bin\java.exe
0x00007ff8cfbf0000 - 0x00007ff8cfde8000 	C:\WINDOWS\SYSTEM32\ntdll.dll
0x00007ff8ce0e0000 - 0x00007ff8ce1a1000 	C:\WINDOWS\System32\KERNEL32.DLL
0x00007ff8cd470000 - 0x00007ff8cd76d000 	C:\WINDOWS\System32\KERNELBASE.dll
0x00007ff8cd770000 - 0x00007ff8cd870000 	C:\WINDOWS\System32\ucrtbase.dll
0x00007ff8c9fb0000 - 0x00007ff8c9fc7000 	C:\Program Files\Microsoft\jdk-17.0.12.7-hotspot\bin\jli.dll
0x00007ff8c9fd0000 - 0x00007ff8c9fed000 	C:\Program Files\Microsoft\jdk-17.0.12.7-hotspot\bin\VCRUNTIME140.dll
0x00007ff8cdf40000 - 0x00007ff8ce0dd000 	C:\WINDOWS\System32\USER32.dll
0x00007ff8bf9a0000 - 0x00007ff8bfc3a000 	C:\WINDOWS\WinSxS\amd64_microsoft.windows.common-controls_6595b64144ccf1df_6.0.19041.4355_none_60b8b9eb71f62e16\COMCTL32.dll
0x00007ff8cd390000 - 0x00007ff8cd3b2000 	C:\WINDOWS\System32\win32u.dll
0x00007ff8cef30000 - 0x00007ff8cefce000 	C:\WINDOWS\System32\msvcrt.dll
0x00007ff8cf6e0000 - 0x00007ff8cf70b000 	C:\WINDOWS\System32\GDI32.dll
0x00007ff8cda70000 - 0x00007ff8cdb87000 	C:\WINDOWS\System32\gdi32full.dll
0x00007ff8cd9d0000 - 0x00007ff8cda6d000 	C:\WINDOWS\System32\msvcp_win.dll
0x00007ff8cf9c0000 - 0x00007ff8cf9ef000 	C:\WINDOWS\System32\IMM32.DLL
0x00007ff8c6e10000 - 0x00007ff8c6e1c000 	C:\Program Files\Microsoft\jdk-17.0.12.7-hotspot\bin\vcruntime140_1.dll
0x00007ff8b2350000 - 0x00007ff8b23dd000 	C:\Program Files\Microsoft\jdk-17.0.12.7-hotspot\bin\msvcp140.dll
0x00007ff87def0000 - 0x00007ff87eb60000 	C:\Program Files\Microsoft\jdk-17.0.12.7-hotspot\bin\server\jvm.dll
0x00007ff8cee80000 - 0x00007ff8cef30000 	C:\WINDOWS\System32\ADVAPI32.dll
0x00007ff8cf890000 - 0x00007ff8cf930000 	C:\WINDOWS\System32\sechost.dll
0x00007ff8cde10000 - 0x00007ff8cdf33000 	C:\WINDOWS\System32\RPCRT4.dll
0x00007ff8cd2a0000 - 0x00007ff8cd2c7000 	C:\WINDOWS\System32\bcrypt.dll
0x00007ff8cf230000 - 0x00007ff8cf29b000 	C:\WINDOWS\System32\WS2_32.dll
0x00007ff8cd180000 - 0x00007ff8cd1cb000 	C:\WINDOWS\SYSTEM32\POWRPROF.dll
0x00007ff8bad20000 - 0x00007ff8bad47000 	C:\WINDOWS\SYSTEM32\WINMM.dll
0x00007ff8c0720000 - 0x00007ff8c072a000 	C:\WINDOWS\SYSTEM32\VERSION.dll
0x00007ff8ccff0000 - 0x00007ff8cd002000 	C:\WINDOWS\SYSTEM32\UMPDC.dll
0x00007ff8caff0000 - 0x00007ff8cb002000 	C:\WINDOWS\SYSTEM32\kernel.appcore.dll
0x00007ff8c4d40000 - 0x00007ff8c4d4a000 	C:\Program Files\Microsoft\jdk-17.0.12.7-hotspot\bin\jimage.dll
0x00007ff8bbfb0000 - 0x00007ff8bc194000 	C:\WINDOWS\SYSTEM32\DBGHELP.DLL
0x00007ff8baaa0000 - 0x00007ff8baad4000 	C:\WINDOWS\SYSTEM32\dbgcore.DLL
0x00007ff8cdb90000 - 0x00007ff8cdc12000 	C:\WINDOWS\System32\bcryptPrimitives.dll
0x00007ff8b7b30000 - 0x00007ff8b7b55000 	C:\Program Files\Microsoft\jdk-17.0.12.7-hotspot\bin\java.dll
0x00007ff8b20a0000 - 0x00007ff8b2177000 	C:\Program Files\Microsoft\jdk-17.0.12.7-hotspot\bin\jsvml.dll
0x00007ff8ce290000 - 0x00007ff8ce9ff000 	C:\WINDOWS\System32\SHELL32.dll
0x00007ff8cb300000 - 0x00007ff8cbaa3000 	C:\WINDOWS\SYSTEM32\windows.storage.dll
0x00007ff8cf300000 - 0x00007ff8cf653000 	C:\WINDOWS\System32\combase.dll
0x00007ff8ccb20000 - 0x00007ff8ccb4e000 	C:\WINDOWS\SYSTEM32\Wldp.dll
0x00007ff8cf710000 - 0x00007ff8cf7dd000 	C:\WINDOWS\System32\OLEAUT32.dll
0x00007ff8cefd0000 - 0x00007ff8cf07d000 	C:\WINDOWS\System32\SHCORE.dll
0x00007ff8cdc20000 - 0x00007ff8cdc75000 	C:\WINDOWS\System32\shlwapi.dll
0x00007ff8cd1d0000 - 0x00007ff8cd1f4000 	C:\WINDOWS\SYSTEM32\profapi.dll
0x00007ff8b9680000 - 0x00007ff8b969a000 	C:\Program Files\Microsoft\jdk-17.0.12.7-hotspot\bin\net.dll
0x00007ff8c74e0000 - 0x00007ff8c75ed000 	C:\WINDOWS\SYSTEM32\WINHTTP.dll
0x00007ff8cc900000 - 0x00007ff8cc96a000 	C:\WINDOWS\system32\mswsock.dll
0x00007ff8b8fd0000 - 0x00007ff8b8fe6000 	C:\Program Files\Microsoft\jdk-17.0.12.7-hotspot\bin\nio.dll
0x00007ff8b7b10000 - 0x00007ff8b7b28000 	C:\Program Files\Microsoft\jdk-17.0.12.7-hotspot\bin\zip.dll
0x00007ff8b98a0000 - 0x00007ff8b98b0000 	C:\Program Files\Microsoft\jdk-17.0.12.7-hotspot\bin\verify.dll
0x00007ff85b2a0000 - 0x00007ff85b2c7000 	C:\Users\lenovo\.gradle\native\c067742578af261105cb4f569cf0c3c89f3d7b1fecec35dd04571415982c5e48\windows-amd64\native-platform.dll
0x00007ff8b7b00000 - 0x00007ff8b7b0a000 	C:\Program Files\Microsoft\jdk-17.0.12.7-hotspot\bin\management.dll
0x00007ff8b7ab0000 - 0x00007ff8b7abb000 	C:\Program Files\Microsoft\jdk-17.0.12.7-hotspot\bin\management_ext.dll
0x00007ff8cfba0000 - 0x00007ff8cfba8000 	C:\WINDOWS\System32\PSAPI.DLL
0x00007ff8ccc30000 - 0x00007ff8ccc48000 	C:\WINDOWS\SYSTEM32\CRYPTSP.dll
0x00007ff8cc240000 - 0x00007ff8cc274000 	C:\WINDOWS\system32\rsaenh.dll
0x00007ff8cd140000 - 0x00007ff8cd16e000 	C:\WINDOWS\SYSTEM32\USERENV.dll
0x00007ff8cc600000 - 0x00007ff8cc63b000 	C:\WINDOWS\SYSTEM32\IPHLPAPI.DLL
0x00007ff8cf9b0000 - 0x00007ff8cf9b8000 	C:\WINDOWS\System32\NSI.dll
0x00007ff8c8e20000 - 0x00007ff8c8e37000 	C:\WINDOWS\SYSTEM32\dhcpcsvc6.DLL
0x00007ff8c8d30000 - 0x00007ff8c8d4d000 	C:\WINDOWS\SYSTEM32\dhcpcsvc.DLL
0x00007ff8cc650000 - 0x00007ff8cc71a000 	C:\WINDOWS\SYSTEM32\DNSAPI.dll

dbghelp: loaded successfully - version: 4.0.5 - missing functions: none
symbol engine: initialized successfully - sym options: 0x614 - pdb path: .;C:\Program Files\Microsoft\jdk-17.0.12.7-hotspot\bin;C:\WINDOWS\SYSTEM32;C:\WINDOWS\WinSxS\amd64_microsoft.windows.common-controls_6595b64144ccf1df_6.0.19041.4355_none_60b8b9eb71f62e16;C:\Program Files\Microsoft\jdk-17.0.12.7-hotspot\bin\server;C:\Users\lenovo\.gradle\native\c067742578af261105cb4f569cf0c3c89f3d7b1fecec35dd04571415982c5e48\windows-amd64

VM Arguments:
jvm_args: -Xmx64m -Xms64m -Dorg.gradle.appname=gradlew 
java_command: org.gradle.wrapper.GradleWrapperMain app:installDebug -PreactNativeDevServerPort=8081
java_class_path (initial): E:\Projects\React-native\Teams\android\\gradle\wrapper\gradle-wrapper.jar
Launcher Type: SUN_STANDARD

[Global flags]
     intx CICompilerCount                          = 3                                         {product} {ergonomic}
     uint ConcGCThreads                            = 1                                         {product} {ergonomic}
     uint G1ConcRefinementThreads                  = 4                                         {product} {ergonomic}
   size_t G1HeapRegionSize                         = 1048576                                   {product} {ergonomic}
    uintx GCDrainStackTargetSize                   = 64                                        {product} {ergonomic}
   size_t InitialHeapSize                          = 67108864                                  {product} {command line}
   size_t MarkStackSize                            = 4194304                                   {product} {ergonomic}
   size_t MaxHeapSize                              = 67108864                                  {product} {command line}
   size_t MaxNewSize                               = 39845888                                  {product} {ergonomic}
   size_t MinHeapDeltaBytes                        = 1048576                                   {product} {ergonomic}
   size_t MinHeapSize                              = 67108864                                  {product} {command line}
    uintx NonNMethodCodeHeapSize                   = 5832780                                {pd product} {ergonomic}
    uintx NonProfiledCodeHeapSize                  = 122912730                              {pd product} {ergonomic}
    uintx ProfiledCodeHeapSize                     = 122912730                              {pd product} {ergonomic}
    uintx ReservedCodeCacheSize                    = 251658240                              {pd product} {ergonomic}
     bool SegmentedCodeCache                       = true                                      {product} {ergonomic}
   size_t SoftMaxHeapSize                          = 67108864                               {manageable} {ergonomic}
     bool UseCompressedClassPointers               = true                           {product lp64_product} {ergonomic}
     bool UseCompressedOops                        = true                           {product lp64_product} {ergonomic}
     bool UseG1GC                                  = true                                      {product} {ergonomic}
     bool UseLargePagesIndividualAllocation        = false                                  {pd product} {ergonomic}

Logging:
Log output configuration:
 #0: stdout all=warning uptime,level,tags
 #1: stderr all=off uptime,level,tags

Environment Variables:
JAVA_HOME=C:\Program Files\Microsoft\jdk-17.0.12.7-hotspot\
CLASSPATH=E:\Projects\React-native\Teams\android\\gradle\wrapper\gradle-wrapper.jar
PATH=E:\Projects\React-native\Teams\node_modules\.bin;E:\Projects\React-native\Teams\node_modules\.bin;E:\Projects\React-native\node_modules\.bin;E:\Projects\node_modules\.bin;E:\node_modules\.bin;C:\Users\lenovo\AppData\Roaming\npm\node_modules\npm\node_modules\@npmcli\run-script\lib\node-gyp-bin;E:\Projects\React-native\Teams\node_modules\.bin;E:\Projects\React-native\Teams\node_modules\.bin;E:\Projects\React-native\node_modules\.bin;E:\Projects\node_modules\.bin;E:\node_modules\.bin;C:\Users\lenovo\AppData\Roaming\npm\node_modules\npm\node_modules\@npmcli\run-script\lib\node-gyp-bin;C:\Program Files\Microsoft\jdk-17.0.12.7-hotspot\bin;C:\Program Files\Common Files\Oracle\Java\javapath;C:\WINDOWS\system32;C:\WINDOWS;C:\WINDOWS\System32\Wbem;C:\WINDOWS\System32\WindowsPowerShell\v1.0\;C:\WINDOWS\System32\OpenSSH\;E:\oracle\instantclient_18_3\;C:\Program Files\MongoDB\Server\4.2\bin;C:\Program Files\PostgreSQL\11\bin;C:\Program Files\Redis\;C:\Users\lenovo\AppData\Roaming\nvm;C:\Program Files\nodejs;C:\Users\lenovo\Downloads\oracle\instantclient_18_3;C:\Users\lenovo\Downloads\Visual-C-Runtimes-All-in-One-Jan-2020;C:\Program Files\MongoDB\Server\4.2\bin;C:\Program Files (x86)\Windows Kits\10\Windows Performance Toolkit\;C:\Users\lenovo\Downloads\gradle-8.4-all\gradle-8.4\bin;C:\Users\lenovo\Downloads\gradle-7.5.1-all\gradle-7.5.1\bin;C:\Program Files (x86)\Yarn\bin\;C:\Program Files\Java\jdk-21;C:\Program Files\Java\jdk-17;C:\Users\lenovo\AppData\Local\Android\Sdk\platform-tools;C:\Program Files\Git\cmd;;C:\ProgramData\chocolatey\bin;C:\Program Files\nodejs\;C:\Program Files\MySQL\MySQL Shell 8.0\bin\;C:\Users\lenovo\AppData\Local\Programs\Python\Python36\Scripts\;C:\Users\lenovo\AppData\Local\Programs\Python\Python36\;C:\Users\lenovo\AppData\Local\Microsoft\WindowsApps;C:\Users\lenovo\AppData\Local\Programs\Microsoft VS Code\bin;"C:\Program Files\Git\bin;C:\Program Files\Git\cmd";D:\mongodb-shell-win32-x86_64-2012plus-4.2.6\mongodb-win32-x86_64-2012plus-4.2.6\bin;C:\Us
USERNAME=Bharath
LANG=en_US.UTF-8
OS=Windows_NT
PROCESSOR_IDENTIFIER=Intel64 Family 6 Model 60 Stepping 3, GenuineIntel
TMP=C:\Users\lenovo\AppData\Local\Temp
TEMP=C:\Users\lenovo\AppData\Local\Temp



Periodic native trim disabled


---------------  S Y S T E M  ---------------

OS:
 Windows 10 , 64 bit Build 19041 (10.0.19041.4842)
OS uptime: 0 days 21:44 hours
Hyper-V role detected

CPU: total 4 (initial active 4) (4 cores per cpu, 1 threads per core) family 6 model 60 stepping 3 microcode 0x27, cx8, cmov, fxsr, mmx, sse, sse2, sse3, ssse3, sse4.1, sse4.2, popcnt, lzcnt, tsc, tscinvbit, avx, avx2, aes, erms, clmul, bmi1, bmi2, fma, vzeroupper, clflush, hv
Processor Information for the first 4 processors :
  Max Mhz: 3001, Current Mhz: 3001, Mhz Limit: 3001

Memory: 4k page, system-wide physical 16178M (1929M free)
TotalPageFile size 22066M (AvailPageFile size 174M)
current process WorkingSet (physical memory assigned to process): 91M, peak: 91M
current process commit charge ("private bytes"): 160M, peak: 161M

vm_info: OpenJDK 64-Bit Server VM (17.0.12+7-LTS) for windows-amd64 JRE (17.0.12+7-LTS), built on Jul 16 2024 18:11:44 by "MicrosoftCorporation" with unknown MS VC++:1939

END.
