#
# There is insufficient memory for the Java Runtime Environment to continue.
# Native memory allocation (malloc) failed to allocate 885296 bytes. Error detail: Chunk::new
# Possible reasons:
#   The system is out of physical RAM or swap space
#   This process is running with CompressedOops enabled, and the Java Heap may be blocking the growth of the native heap
# Possible solutions:
#   Reduce memory load on the system
#   Increase physical memory or swap space
#   Check if swap backing store is full
#   Decrease Java heap size (-Xmx/-Xms)
#   Decrease number of Java threads
#   Decrease Java thread stack sizes (-Xss)
#   Set larger code cache with -XX:ReservedCodeCacheSize=
#   JVM is running with Unscaled Compressed Oops mode in which the Java heap is
#     placed in the first 4GB address space. The Java Heap base address is the
#     maximum limit for the native heap growth. Please use -XX:HeapBaseMinAddress
#     to set the Java Heap base and to place the Java Heap above 4GB virtual address.
# This output file may be truncated or incomplete.
#
#  Out of Memory Error (arena.cpp:191), pid=20180, tid=7028
#
# JRE version: OpenJDK Runtime Environment Microsoft-9889599 (17.0.12+7) (build 17.0.12+7-LTS)
# Java VM: OpenJDK 64-Bit Server VM Microsoft-9889599 (17.0.12+7-LTS, mixed mode, sharing, tiered, compressed oops, compressed class ptrs, g1 gc, windows-amd64)
# No core dump will be written. Minidumps are not enabled by default on client versions of Windows
#

---------------  S U M M A R Y ------------

Command Line: -XX:MaxMetaspaceSize=512m --add-opens=java.base/java.util=ALL-UNNAMED --add-opens=java.base/java.lang=ALL-UNNAMED --add-opens=java.base/java.lang.invoke=ALL-UNNAMED --add-opens=java.prefs/java.util.prefs=ALL-UNNAMED --add-opens=java.base/java.nio.charset=ALL-UNNAMED --add-opens=java.base/java.net=ALL-UNNAMED --add-opens=java.base/java.util.concurrent.atomic=ALL-UNNAMED -Xmx2048m -Dfile.encoding=windows-1252 -Duser.country=US -Duser.language=en -Duser.variant -javaagent:C:\Users\lenovo\.gradle\wrapper\dists\gradle-8.8-all\6gdy1pgp427xkqcjbxw3ylt6h\gradle-8.8\lib\agents\gradle-instrumentation-agent-8.8.jar org.gradle.launcher.daemon.bootstrap.GradleDaemon 8.8

Host: Intel(R) Core(TM) i5-4590S CPU @ 3.00GHz, 4 cores, 15G,  Windows 10 , 64 bit Build 19041 (10.0.19041.4842)
Time: Thu Oct  3 11:53:55 2024 India Standard Time elapsed time: 52.955248 seconds (0d 0h 0m 52s)

---------------  T H R E A D  ---------------

Current thread (0x00000213e2487a40):  JavaThread "C2 CompilerThread0" daemon [_thread_in_native, id=7028, stack(0x000000d082900000,0x000000d082a00000)]


Current CompileTask:
C2:  52957 15160       4       com.google.common.collect.MapMakerInternalMap$Segment::expand (276 bytes)

Stack: [0x000000d082900000,0x000000d082a00000]
Native frames: (J=compiled Java code, j=interpreted, Vv=VM code, C=native code)
V  [jvm.dll+0x686d99]
V  [jvm.dll+0x83daf8]
V  [jvm.dll+0x83f5a3]
V  [jvm.dll+0x83fc13]
V  [jvm.dll+0x2492ef]
V  [jvm.dll+0xad0a4]
V  [jvm.dll+0xad73c]
V  [jvm.dll+0x36a3ff]
V  [jvm.dll+0x334b83]
V  [jvm.dll+0x33401a]
V  [jvm.dll+0x21a538]
V  [jvm.dll+0x21996f]
V  [jvm.dll+0x1a53e6]
V  [jvm.dll+0x229faa]
V  [jvm.dll+0x2280fb]
V  [jvm.dll+0x7f3508]
V  [jvm.dll+0x7ed87c]
V  [jvm.dll+0x685c77]
C  [ucrtbase.dll+0x21bb2]
C  [KERNEL32.DLL+0x17374]
C  [ntdll.dll+0x4cc91]


---------------  P R O C E S S  ---------------

Threads class SMR info:
_java_thread_list=0x0000021386fcc490, length=93, elements={
0x00000213c4848f90, 0x00000213e24677e0, 0x00000213e2468570, 0x00000213e247e9e0,
0x00000213e2481580, 0x00000213e2482fc0, 0x00000213e2483890, 0x00000213e2487a40,
0x00000213e2489360, 0x00000213e248e090, 0x00000213e2584120, 0x00000213e26d0920,
0x00000213fe6391a0, 0x00000213ff0e95a0, 0x00000213ff6ccb10, 0x00000213ff5a63a0,
0x00000213ff5a6c50, 0x00000213ff63c810, 0x00000213ff63b3d0, 0x00000213ff63b8e0,
0x00000213ff63bdf0, 0x00000213ff639a80, 0x00000213ff63c300, 0x00000213ff63a4a0,
0x00000213ff639f90, 0x00000213ff63a9b0, 0x00000213ff63aec0, 0x00000213ff639570,
0x00000213842f8a10, 0x00000213842f8f20, 0x00000213842f66a0, 0x00000213842f5c80,
0x00000213842f70c0, 0x00000213842f7ff0, 0x00000213842f8500, 0x0000021385b30470,
0x0000021385b29f30, 0x0000021385b2fa50, 0x0000021385b29510, 0x0000021385b2a950,
0x0000021385b2e100, 0x0000021385b29000, 0x0000021385b2ae60, 0x0000021385b2e610,
0x0000021385b30980, 0x0000021385b2c2a0, 0x0000021385b2eb20, 0x0000021385b29a20,
0x0000021385b2b880, 0x0000021385b2bd90, 0x0000021385b2f540, 0x0000021385b2d1d0,
0x0000021385b2dbf0, 0x0000021385b2f030, 0x0000021385b2ff60, 0x0000021386e5d120,
0x0000021386e59970, 0x0000021386e5a390, 0x0000021386e5a8a0, 0x0000021386e5adb0,
0x0000021386e5cc10, 0x0000021386e5b2c0, 0x0000021386e5b7d0, 0x0000021386e5bce0,
0x0000021386e5c1f0, 0x0000021386e5c700, 0x00000213fe2826b0, 0x00000213fe281780,
0x00000213fe27f920, 0x00000213fe282bc0, 0x00000213fe2830d0, 0x00000213fe285e60,
0x00000213fe284000, 0x00000213fe27e9f0, 0x00000213fe284510, 0x00000213fe286370,
0x00000213fe284a20, 0x00000213fe27f410, 0x00000213fe284f30, 0x00000213fe2835e0,
0x00000213fe283af0, 0x00000213fe27ef00, 0x00000213fe280d60, 0x00000213fe285950,
0x00000213fe280340, 0x00000213fe280850, 0x00000213fe281c90, 0x00000213fe2821a0,
0x0000021384adffd0, 0x0000021384ae09f0, 0x0000021384adc310, 0x0000021384ae1410,
0x0000021384adf0a0
}

Java Threads: ( => current thread )
  0x00000213c4848f90 JavaThread "main" [_thread_blocked, id=14076, stack(0x000000d081c00000,0x000000d081d00000)]
  0x00000213e24677e0 JavaThread "Reference Handler" daemon [_thread_blocked, id=5940, stack(0x000000d082300000,0x000000d082400000)]
  0x00000213e2468570 JavaThread "Finalizer" daemon [_thread_blocked, id=8632, stack(0x000000d082400000,0x000000d082500000)]
  0x00000213e247e9e0 JavaThread "Signal Dispatcher" daemon [_thread_blocked, id=21028, stack(0x000000d082500000,0x000000d082600000)]
  0x00000213e2481580 JavaThread "Attach Listener" daemon [_thread_blocked, id=12132, stack(0x000000d082600000,0x000000d082700000)]
  0x00000213e2482fc0 JavaThread "Service Thread" daemon [_thread_blocked, id=13348, stack(0x000000d082700000,0x000000d082800000)]
  0x00000213e2483890 JavaThread "Monitor Deflation Thread" daemon [_thread_blocked, id=21380, stack(0x000000d082800000,0x000000d082900000)]
=>0x00000213e2487a40 JavaThread "C2 CompilerThread0" daemon [_thread_in_native, id=7028, stack(0x000000d082900000,0x000000d082a00000)]
  0x00000213e2489360 JavaThread "C1 CompilerThread0" daemon [_thread_blocked, id=13212, stack(0x000000d082a00000,0x000000d082b00000)]
  0x00000213e248e090 JavaThread "Sweeper thread" daemon [_thread_blocked, id=17020, stack(0x000000d082b00000,0x000000d082c00000)]
  0x00000213e2584120 JavaThread "Common-Cleaner" daemon [_thread_blocked, id=11592, stack(0x000000d082c00000,0x000000d082d00000)]
  0x00000213e26d0920 JavaThread "Notification Thread" daemon [_thread_blocked, id=21132, stack(0x000000d082d00000,0x000000d082e00000)]
  0x00000213fe6391a0 JavaThread "Daemon health stats" [_thread_blocked, id=248, stack(0x000000d082f00000,0x000000d083000000)]
  0x00000213ff0e95a0 JavaThread "Incoming local TCP Connector on port 51420" [_thread_in_native, id=10836, stack(0x000000d083300000,0x000000d083400000)]
  0x00000213ff6ccb10 JavaThread "Daemon periodic checks" [_thread_blocked, id=17008, stack(0x000000d083400000,0x000000d083500000)]
  0x00000213ff5a63a0 JavaThread "Daemon" [_thread_blocked, id=15928, stack(0x000000d083500000,0x000000d083600000)]
  0x00000213ff5a6c50 JavaThread "Handler for socket connection from /127.0.0.1:51420 to /127.0.0.1:51421" [_thread_in_native, id=8156, stack(0x000000d083600000,0x000000d083700000)]
  0x00000213ff63c810 JavaThread "Cancel handler" [_thread_blocked, id=22980, stack(0x000000d083700000,0x000000d083800000)]
  0x00000213ff63b3d0 JavaThread "Daemon worker" [_thread_blocked, id=4540, stack(0x000000d083800000,0x000000d083900000)]
  0x00000213ff63b8e0 JavaThread "Asynchronous log dispatcher for DefaultDaemonConnection: socket connection from /127.0.0.1:51420 to /127.0.0.1:51421" [_thread_blocked, id=21400, stack(0x000000d083900000,0x000000d083a00000)]
  0x00000213ff63bdf0 JavaThread "Stdin handler" [_thread_blocked, id=19480, stack(0x000000d083a00000,0x000000d083b00000)]
  0x00000213ff639a80 JavaThread "Daemon client event forwarder" [_thread_blocked, id=6048, stack(0x000000d083b00000,0x000000d083c00000)]
  0x00000213ff63c300 JavaThread "Cache worker for journal cache (C:\Users\lenovo\.gradle\caches\journal-1)" [_thread_blocked, id=21040, stack(0x000000d083c00000,0x000000d083d00000)]
  0x00000213ff63a4a0 JavaThread "File lock request listener" [_thread_in_native, id=1092, stack(0x000000d083d00000,0x000000d083e00000)]
  0x00000213ff639f90 JavaThread "Cache worker for file hash cache (C:\Users\lenovo\.gradle\caches\8.8\fileHashes)" [_thread_blocked, id=14384, stack(0x000000d083e00000,0x000000d083f00000)]
  0x00000213ff63a9b0 JavaThread "Cache worker for file hash cache (E:\Projects\React-native\Teams\android\.gradle\8.8\fileHashes)" [_thread_blocked, id=21664, stack(0x000000d084000000,0x000000d084100000)]
  0x00000213ff63aec0 JavaThread "File watcher server" daemon [_thread_in_native, id=20216, stack(0x000000d084100000,0x000000d084200000)]
  0x00000213ff639570 JavaThread "File watcher consumer" daemon [_thread_blocked, id=13488, stack(0x000000d084200000,0x000000d084300000)]
  0x00000213842f8a10 JavaThread "Cache worker for checksums cache (E:\Projects\React-native\Teams\android\.gradle\8.8\checksums)" [_thread_blocked, id=964, stack(0x000000d083f00000,0x000000d084000000)]
  0x00000213842f8f20 JavaThread "Cache worker for file content cache (C:\Users\lenovo\.gradle\caches\8.8\fileContent)" [_thread_blocked, id=16184, stack(0x000000d084300000,0x000000d084400000)]
  0x00000213842f66a0 JavaThread "Cache worker for cache directory md-rule (C:\Users\lenovo\.gradle\caches\8.8\md-rule)" [_thread_blocked, id=12040, stack(0x000000d084500000,0x000000d084600000)]
  0x00000213842f5c80 JavaThread "Cache worker for cache directory md-supplier (C:\Users\lenovo\.gradle\caches\8.8\md-supplier)" [_thread_blocked, id=584, stack(0x000000d084600000,0x000000d084700000)]
  0x00000213842f70c0 JavaThread "jar transforms" [_thread_blocked, id=23084, stack(0x000000d084400000,0x000000d084500000)]
  0x00000213842f7ff0 JavaThread "Unconstrained build operations" [_thread_blocked, id=10156, stack(0x000000d084700000,0x000000d084800000)]
  0x00000213842f8500 JavaThread "Unconstrained build operations Thread 2" [_thread_blocked, id=10656, stack(0x000000d084800000,0x000000d084900000)]
  0x0000021385b30470 JavaThread "Unconstrained build operations Thread 3" [_thread_blocked, id=15484, stack(0x000000d084900000,0x000000d084a00000)]
  0x0000021385b29f30 JavaThread "Unconstrained build operations Thread 4" [_thread_blocked, id=10332, stack(0x000000d084a00000,0x000000d084b00000)]
  0x0000021385b2fa50 JavaThread "Unconstrained build operations Thread 5" [_thread_blocked, id=13888, stack(0x000000d084b00000,0x000000d084c00000)]
  0x0000021385b29510 JavaThread "Unconstrained build operations Thread 6" [_thread_blocked, id=22616, stack(0x000000d084c00000,0x000000d084d00000)]
  0x0000021385b2a950 JavaThread "Cache worker for Build Output Cleanup Cache (E:\Projects\React-native\Teams\node_modules\@react-native\gradle-plugin\.gradle\buildOutputCleanup)" [_thread_blocked, id=10360, stack(0x000000d084d00000,0x000000d084e00000)]
  0x0000021385b2e100 JavaThread "Unconstrained build operations Thread 7" [_thread_blocked, id=24420, stack(0x000000d084f00000,0x000000d085000000)]
  0x0000021385b29000 JavaThread "Unconstrained build operations Thread 8" [_thread_blocked, id=22820, stack(0x000000d085000000,0x000000d085100000)]
  0x0000021385b2ae60 JavaThread "Unconstrained build operations Thread 9" [_thread_blocked, id=5396, stack(0x000000d085100000,0x000000d085200000)]
  0x0000021385b2e610 JavaThread "Unconstrained build operations Thread 10" [_thread_blocked, id=5728, stack(0x000000d085200000,0x000000d085300000)]
  0x0000021385b30980 JavaThread "Unconstrained build operations Thread 11" [_thread_in_native, id=12476, stack(0x000000d085300000,0x000000d085400000)]
  0x0000021385b2c2a0 JavaThread "Unconstrained build operations Thread 12" [_thread_in_Java, id=23992, stack(0x000000d085400000,0x000000d085500000)]
  0x0000021385b2eb20 JavaThread "Unconstrained build operations Thread 13" [_thread_blocked, id=23688, stack(0x000000d085500000,0x000000d085600000)]
  0x0000021385b29a20 JavaThread "Unconstrained build operations Thread 14" [_thread_in_native, id=22192, stack(0x000000d085600000,0x000000d085700000)]
  0x0000021385b2b880 JavaThread "Unconstrained build operations Thread 15" [_thread_blocked, id=12312, stack(0x000000d085700000,0x000000d085800000)]
  0x0000021385b2bd90 JavaThread "Memory manager" [_thread_blocked, id=7896, stack(0x000000d085800000,0x000000d085900000)]
  0x0000021385b2f540 JavaThread "build event listener" [_thread_blocked, id=14164, stack(0x000000d084e00000,0x000000d084f00000)]
  0x0000021385b2d1d0 JavaThread "ForkJoinPool.commonPool-worker-1" daemon [_thread_blocked, id=23840, stack(0x000000d085a00000,0x000000d085b00000)]
  0x0000021385b2dbf0 JavaThread "ForkJoinPool.commonPool-worker-2" daemon [_thread_blocked, id=22076, stack(0x000000d085b00000,0x000000d085c00000)]
  0x0000021385b2f030 JavaThread "ForkJoinPool.commonPool-worker-3" daemon [_thread_blocked, id=15180, stack(0x000000d085c00000,0x000000d085d00000)]
  0x0000021385b2ff60 JavaThread "Exec process" daemon [_thread_blocked, id=22428, stack(0x000000d085d00000,0x000000d085e00000)]
  0x0000021386e5d120 JavaThread "Exec process Thread 2" daemon [_thread_blocked, id=13656, stack(0x000000d085e00000,0x000000d085f00000)]
  0x0000021386e59970 JavaThread "Exec process Thread 3" daemon [_thread_blocked, id=19096, stack(0x000000d085f00000,0x000000d086000000)]
  0x0000021386e5a390 JavaThread "included builds" [_thread_blocked, id=11712, stack(0x000000d085900000,0x000000d085a00000)]
  0x0000021386e5a8a0 JavaThread "Execution worker" [_thread_blocked, id=12468, stack(0x000000d086000000,0x000000d086100000)]
  0x0000021386e5adb0 JavaThread "Execution worker Thread 2" [_thread_blocked, id=12884, stack(0x000000d086100000,0x000000d086200000)]
  0x0000021386e5cc10 JavaThread "Execution worker Thread 3" [_thread_blocked, id=9236, stack(0x000000d086200000,0x000000d086300000)]
  0x0000021386e5b2c0 JavaThread "Cache worker for execution history cache (E:\Projects\React-native\Teams\node_modules\@react-native\gradle-plugin\.gradle\8.8\executionHistory)" [_thread_blocked, id=21892, stack(0x000000d086300000,0x000000d086400000)]
  0x0000021386e5b7d0 JavaThread "Unconstrained build operations Thread 16" [_thread_blocked, id=21644, stack(0x000000d086500000,0x000000d086600000)]
  0x0000021386e5bce0 JavaThread "Unconstrained build operations Thread 17" [_thread_blocked, id=7368, stack(0x000000d086600000,0x000000d086700000)]
  0x0000021386e5c1f0 JavaThread "Unconstrained build operations Thread 18" [_thread_blocked, id=16296, stack(0x000000d086700000,0x000000d086800000)]
  0x0000021386e5c700 JavaThread "Unconstrained build operations Thread 19" [_thread_blocked, id=13652, stack(0x000000d086800000,0x000000d086900000)]
  0x00000213fe2826b0 JavaThread "Unconstrained build operations Thread 20" [_thread_blocked, id=7224, stack(0x000000d086900000,0x000000d086a00000)]
  0x00000213fe281780 JavaThread "Unconstrained build operations Thread 21" [_thread_blocked, id=19600, stack(0x000000d086a00000,0x000000d086b00000)]
  0x00000213fe27f920 JavaThread "Unconstrained build operations Thread 22" [_thread_blocked, id=2116, stack(0x000000d086b00000,0x000000d086c00000)]
  0x00000213fe282bc0 JavaThread "Unconstrained build operations Thread 23" [_thread_blocked, id=8876, stack(0x000000d086c00000,0x000000d086d00000)]
  0x00000213fe2830d0 JavaThread "Unconstrained build operations Thread 24" [_thread_blocked, id=15212, stack(0x000000d086400000,0x000000d086500000)]
  0x00000213fe285e60 JavaThread "Unconstrained build operations Thread 25" [_thread_blocked, id=24568, stack(0x000000d086d00000,0x000000d086e00000)]
  0x00000213fe284000 JavaThread "Unconstrained build operations Thread 26" [_thread_blocked, id=944, stack(0x000000d086e00000,0x000000d086f00000)]
  0x00000213fe27e9f0 JavaThread "Unconstrained build operations Thread 27" [_thread_blocked, id=15872, stack(0x000000d086f00000,0x000000d087000000)]
  0x00000213fe284510 JavaThread "Unconstrained build operations Thread 28" [_thread_blocked, id=10452, stack(0x000000d087000000,0x000000d087100000)]
  0x00000213fe286370 JavaThread "Unconstrained build operations Thread 29" [_thread_blocked, id=17652, stack(0x000000d087100000,0x000000d087200000)]
  0x00000213fe284a20 JavaThread "Unconstrained build operations Thread 30" [_thread_blocked, id=22272, stack(0x000000d087200000,0x000000d087300000)]
  0x00000213fe27f410 JavaThread "Unconstrained build operations Thread 31" [_thread_blocked, id=16852, stack(0x000000d087300000,0x000000d087400000)]
  0x00000213fe284f30 JavaThread "Unconstrained build operations Thread 32" [_thread_blocked, id=20064, stack(0x000000d087400000,0x000000d087500000)]
  0x00000213fe2835e0 JavaThread "Unconstrained build operations Thread 33" [_thread_blocked, id=15400, stack(0x000000d087500000,0x000000d087600000)]
  0x00000213fe283af0 JavaThread "Unconstrained build operations Thread 34" [_thread_blocked, id=13344, stack(0x000000d087600000,0x000000d087700000)]
  0x00000213fe27ef00 JavaThread "Unconstrained build operations Thread 35" [_thread_blocked, id=9800, stack(0x000000d087700000,0x000000d087800000)]
  0x00000213fe280d60 JavaThread "Unconstrained build operations Thread 36" [_thread_blocked, id=10016, stack(0x000000d087800000,0x000000d087900000)]
  0x00000213fe285950 JavaThread "jar transforms Thread 2" [_thread_blocked, id=17160, stack(0x000000d087900000,0x000000d087a00000)]
  0x00000213fe280340 JavaThread "Cache worker for Build Output Cleanup Cache (E:\Projects\React-native\Teams\android\.gradle\buildOutputCleanup)" [_thread_blocked, id=2628, stack(0x000000d087b00000,0x000000d087c00000)]
  0x00000213fe280850 JavaThread "jar transforms Thread 3" [_thread_blocked, id=18892, stack(0x000000d087c00000,0x000000d087d00000)]
  0x00000213fe281c90 JavaThread "Unconstrained build operations Thread 37" [_thread_blocked, id=20372, stack(0x000000d087d00000,0x000000d087e00000)]
  0x00000213fe2821a0 JavaThread "Unconstrained build operations Thread 38" [_thread_blocked, id=9008, stack(0x000000d087e00000,0x000000d087f00000)]
  0x0000021384adffd0 JavaThread "Unconstrained build operations Thread 39" [_thread_blocked, id=9128, stack(0x000000d087f00000,0x000000d088000000)]
  0x0000021384ae09f0 JavaThread "Unconstrained build operations Thread 40" [_thread_blocked, id=9936, stack(0x000000d088000000,0x000000d088100000)]
  0x0000021384adc310 JavaThread "jar transforms Thread 4" [_thread_blocked, id=14848, stack(0x000000d088100000,0x000000d088200000)]
  0x0000021384ae1410 JavaThread "build event listener" [_thread_blocked, id=1872, stack(0x000000d088200000,0x000000d088300000)]
  0x0000021384adf0a0 JavaThread "Cache worker for execution history cache (E:\Projects\React-native\Teams\android\.gradle\8.8\executionHistory)" [_thread_blocked, id=18724, stack(0x000000d087a00000,0x000000d087b00000)]

Other Threads:
  0x00000213e2461c50 VMThread "VM Thread" [stack: 0x000000d082200000,0x000000d082300000] [id=21592]
  0x00000213e2660de0 WatcherThread [stack: 0x000000d082e00000,0x000000d082f00000] [id=19868]
  0x00000213c48a4c00 GCTaskThread "GC Thread#0" [stack: 0x000000d081d00000,0x000000d081e00000] [id=17292]
  0x00000213e27cf880 GCTaskThread "GC Thread#1" [stack: 0x000000d083000000,0x000000d083100000] [id=13084]
  0x00000213e27cfb40 GCTaskThread "GC Thread#2" [stack: 0x000000d083100000,0x000000d083200000] [id=14636]
  0x00000213e27cfe00 GCTaskThread "GC Thread#3" [stack: 0x000000d083200000,0x000000d083300000] [id=9796]
  0x00000213c25fdfa0 ConcurrentGCThread "G1 Main Marker" [stack: 0x000000d081e00000,0x000000d081f00000] [id=12344]
  0x00000213c25fe8d0 ConcurrentGCThread "G1 Conc#0" [stack: 0x000000d081f00000,0x000000d082000000] [id=1848]
  0x00000213c48fe0c0 ConcurrentGCThread "G1 Refine#0" [stack: 0x000000d082000000,0x000000d082100000] [id=7112]
  0x00000213c48fea00 ConcurrentGCThread "G1 Service" [stack: 0x000000d082100000,0x000000d082200000] [id=17660]

Threads with active compile tasks:
C2 CompilerThread0    53011 15160       4       com.google.common.collect.MapMakerInternalMap$Segment::expand (276 bytes)

VM state: not at safepoint (normal execution)

VM Mutex/Monitor currently owned by a thread: None

Heap address: 0x0000000080000000, size: 2048 MB, Compressed Oops mode: 32-bit

CDS archive(s) mapped at: [0x00000213e3000000-0x00000213e3bb0000-0x00000213e3bb0000), size 12255232, SharedBaseAddress: 0x00000213e3000000, ArchiveRelocationMode: 1.
Compressed class space mapped at: 0x00000213e4000000-0x00000213fe000000, reserved size: 436207616
Narrow klass base: 0x00000213e3000000, Narrow klass shift: 0, Narrow klass range: 0x100000000

GC Precious Log:
 CPUs: 4 total, 4 available
 Memory: 16178M
 Large Page Support: Disabled
 NUMA Support: Disabled
 Compressed Oops: Enabled (32-bit)
 Heap Region Size: 1M
 Heap Min Capacity: 8M
 Heap Initial Capacity: 254M
 Heap Max Capacity: 2G
 Pre-touch: Disabled
 Parallel Workers: 4
 Concurrent Workers: 1
 Concurrent Refinement Workers: 4
 Periodic GC: Disabled

Heap:
 garbage-first heap   total 229376K, used 187176K [0x0000000080000000, 0x0000000100000000)
  region size 1024K, 56 young (57344K), 2 survivors (2048K)
 Metaspace       used 111263K, committed 112192K, reserved 557056K
  class space    used 15324K, committed 15808K, reserved 425984K

Heap Regions: E=young(eden), S=young(survivor), O=old, HS=humongous(starts), HC=humongous(continues), CS=collection set, F=free, OA=open archive, CA=closed archive, TAMS=top-at-mark-start (previous, next)
|   0|0x0000000080000000, 0x0000000080100000, 0x0000000080100000|100%|HS|  |TAMS 0x0000000080100000, 0x0000000080000000| Complete 
|   1|0x0000000080100000, 0x0000000080200000, 0x0000000080200000|100%|HC|  |TAMS 0x0000000080200000, 0x0000000080100000| Complete 
|   2|0x0000000080200000, 0x0000000080300000, 0x0000000080300000|100%|HC|  |TAMS 0x0000000080300000, 0x0000000080200000| Complete 
|   3|0x0000000080300000, 0x0000000080400000, 0x0000000080400000|100%|HC|  |TAMS 0x0000000080400000, 0x0000000080300000| Complete 
|   4|0x0000000080400000, 0x0000000080500000, 0x0000000080500000|100%| O|  |TAMS 0x0000000080500000, 0x0000000080400000| Untracked 
|   5|0x0000000080500000, 0x00000000805ffff8, 0x0000000080600000| 99%| O|  |TAMS 0x00000000805ffff8, 0x0000000080500000| Untracked 
|   6|0x0000000080600000, 0x0000000080700000, 0x0000000080700000|100%| O|  |TAMS 0x0000000080700000, 0x0000000080600000| Untracked 
|   7|0x0000000080700000, 0x0000000080800000, 0x0000000080800000|100%| O|  |TAMS 0x0000000080800000, 0x0000000080700000| Untracked 
|   8|0x0000000080800000, 0x0000000080900000, 0x0000000080900000|100%| O|  |TAMS 0x0000000080900000, 0x0000000080800000| Untracked 
|   9|0x0000000080900000, 0x0000000080a00000, 0x0000000080a00000|100%| O|  |TAMS 0x0000000080a00000, 0x0000000080900000| Untracked 
|  10|0x0000000080a00000, 0x0000000080afc400, 0x0000000080b00000| 98%| O|  |TAMS 0x0000000080afc400, 0x0000000080a00000| Untracked 
|  11|0x0000000080b00000, 0x0000000080c00000, 0x0000000080c00000|100%|HS|  |TAMS 0x0000000080c00000, 0x0000000080b00000| Complete 
|  12|0x0000000080c00000, 0x0000000080d00000, 0x0000000080d00000|100%| O|  |TAMS 0x0000000080d00000, 0x0000000080c00000| Untracked 
|  13|0x0000000080d00000, 0x0000000080e00000, 0x0000000080e00000|100%| O|  |TAMS 0x0000000080e00000, 0x0000000080d00000| Untracked 
|  14|0x0000000080e00000, 0x0000000080f00000, 0x0000000080f00000|100%| O|  |TAMS 0x0000000080f00000, 0x0000000080e00000| Untracked 
|  15|0x0000000080f00000, 0x0000000081000000, 0x0000000081000000|100%| O|  |TAMS 0x0000000081000000, 0x0000000080f00000| Untracked 
|  16|0x0000000081000000, 0x0000000081100000, 0x0000000081100000|100%| O|  |TAMS 0x0000000081100000, 0x0000000081000000| Untracked 
|  17|0x0000000081100000, 0x0000000081200000, 0x0000000081200000|100%| O|  |TAMS 0x0000000081200000, 0x0000000081100000| Untracked 
|  18|0x0000000081200000, 0x0000000081300000, 0x0000000081300000|100%| O|  |TAMS 0x0000000081300000, 0x0000000081200000| Untracked 
|  19|0x0000000081300000, 0x0000000081400000, 0x0000000081400000|100%| O|  |TAMS 0x0000000081400000, 0x0000000081300000| Untracked 
|  20|0x0000000081400000, 0x0000000081500000, 0x0000000081500000|100%| O|  |TAMS 0x0000000081500000, 0x0000000081400000| Untracked 
|  21|0x0000000081500000, 0x0000000081600000, 0x0000000081600000|100%| O|  |TAMS 0x0000000081600000, 0x0000000081500000| Untracked 
|  22|0x0000000081600000, 0x0000000081700000, 0x0000000081700000|100%| O|  |TAMS 0x0000000081700000, 0x0000000081600000| Untracked 
|  23|0x0000000081700000, 0x0000000081800000, 0x0000000081800000|100%| O|  |TAMS 0x0000000081800000, 0x0000000081700000| Untracked 
|  24|0x0000000081800000, 0x0000000081900000, 0x0000000081900000|100%| O|  |TAMS 0x0000000081900000, 0x0000000081800000| Untracked 
|  25|0x0000000081900000, 0x0000000081a00000, 0x0000000081a00000|100%| O|  |TAMS 0x0000000081a00000, 0x0000000081900000| Untracked 
|  26|0x0000000081a00000, 0x0000000081b00000, 0x0000000081b00000|100%| O|  |TAMS 0x0000000081b00000, 0x0000000081a00000| Untracked 
|  27|0x0000000081b00000, 0x0000000081c00000, 0x0000000081c00000|100%| O|  |TAMS 0x0000000081c00000, 0x0000000081b00000| Untracked 
|  28|0x0000000081c00000, 0x0000000081d00000, 0x0000000081d00000|100%| O|  |TAMS 0x0000000081d00000, 0x0000000081c00000| Untracked 
|  29|0x0000000081d00000, 0x0000000081e00000, 0x0000000081e00000|100%| O|  |TAMS 0x0000000081e00000, 0x0000000081d00000| Untracked 
|  30|0x0000000081e00000, 0x0000000081f00000, 0x0000000081f00000|100%| O|  |TAMS 0x0000000081f00000, 0x0000000081e00000| Untracked 
|  31|0x0000000081f00000, 0x0000000082000000, 0x0000000082000000|100%| O|  |TAMS 0x0000000082000000, 0x0000000081f00000| Untracked 
|  32|0x0000000082000000, 0x0000000082100000, 0x0000000082100000|100%| O|  |TAMS 0x0000000082100000, 0x0000000082000000| Untracked 
|  33|0x0000000082100000, 0x0000000082200000, 0x0000000082200000|100%| O|  |TAMS 0x0000000082200000, 0x0000000082100000| Untracked 
|  34|0x0000000082200000, 0x0000000082300000, 0x0000000082300000|100%| O|  |TAMS 0x0000000082300000, 0x0000000082200000| Untracked 
|  35|0x0000000082300000, 0x0000000082400000, 0x0000000082400000|100%| O|  |TAMS 0x0000000082400000, 0x0000000082300000| Untracked 
|  36|0x0000000082400000, 0x0000000082500000, 0x0000000082500000|100%| O|  |TAMS 0x0000000082500000, 0x0000000082400000| Untracked 
|  37|0x0000000082500000, 0x0000000082600000, 0x0000000082600000|100%| O|  |TAMS 0x0000000082600000, 0x0000000082500000| Untracked 
|  38|0x0000000082600000, 0x0000000082700000, 0x0000000082700000|100%| O|  |TAMS 0x0000000082700000, 0x0000000082600000| Untracked 
|  39|0x0000000082700000, 0x0000000082800000, 0x0000000082800000|100%| O|  |TAMS 0x0000000082800000, 0x0000000082700000| Untracked 
|  40|0x0000000082800000, 0x0000000082900000, 0x0000000082900000|100%| O|  |TAMS 0x0000000082900000, 0x0000000082800000| Untracked 
|  41|0x0000000082900000, 0x0000000082a00000, 0x0000000082a00000|100%| O|  |TAMS 0x0000000082a00000, 0x0000000082900000| Untracked 
|  42|0x0000000082a00000, 0x0000000082b00000, 0x0000000082b00000|100%| O|  |TAMS 0x0000000082b00000, 0x0000000082a00000| Untracked 
|  43|0x0000000082b00000, 0x0000000082c00000, 0x0000000082c00000|100%|HS|  |TAMS 0x0000000082c00000, 0x0000000082b00000| Complete 
|  44|0x0000000082c00000, 0x0000000082d00000, 0x0000000082d00000|100%|HC|  |TAMS 0x0000000082d00000, 0x0000000082c00000| Complete 
|  45|0x0000000082d00000, 0x0000000082e00000, 0x0000000082e00000|100%|HS|  |TAMS 0x0000000082e00000, 0x0000000082d00000| Complete 
|  46|0x0000000082e00000, 0x0000000082f00000, 0x0000000082f00000|100%|HC|  |TAMS 0x0000000082f00000, 0x0000000082e00000| Complete 
|  47|0x0000000082f00000, 0x0000000083000000, 0x0000000083000000|100%| O|  |TAMS 0x0000000083000000, 0x0000000082f00000| Untracked 
|  48|0x0000000083000000, 0x0000000083100000, 0x0000000083100000|100%| O|  |TAMS 0x0000000083100000, 0x0000000083000000| Untracked 
|  49|0x0000000083100000, 0x0000000083200000, 0x0000000083200000|100%| O|  |TAMS 0x0000000083200000, 0x0000000083100000| Untracked 
|  50|0x0000000083200000, 0x0000000083300000, 0x0000000083300000|100%| O|  |TAMS 0x0000000083300000, 0x0000000083200000| Untracked 
|  51|0x0000000083300000, 0x0000000083400000, 0x0000000083400000|100%|HS|  |TAMS 0x0000000083400000, 0x0000000083300000| Complete 
|  52|0x0000000083400000, 0x0000000083500000, 0x0000000083500000|100%|HC|  |TAMS 0x0000000083500000, 0x0000000083400000| Complete 
|  53|0x0000000083500000, 0x0000000083600000, 0x0000000083600000|100%|HC|  |TAMS 0x0000000083600000, 0x0000000083500000| Complete 
|  54|0x0000000083600000, 0x0000000083700000, 0x0000000083700000|100%|HC|  |TAMS 0x0000000083700000, 0x0000000083600000| Complete 
|  55|0x0000000083700000, 0x0000000083800000, 0x0000000083800000|100%|HS|  |TAMS 0x0000000083800000, 0x0000000083700000| Complete 
|  56|0x0000000083800000, 0x0000000083900000, 0x0000000083900000|100%|HC|  |TAMS 0x0000000083900000, 0x0000000083800000| Complete 
|  57|0x0000000083900000, 0x0000000083a00000, 0x0000000083a00000|100%|HC|  |TAMS 0x0000000083a00000, 0x0000000083900000| Complete 
|  58|0x0000000083a00000, 0x0000000083b00000, 0x0000000083b00000|100%|HC|  |TAMS 0x0000000083b00000, 0x0000000083a00000| Complete 
|  59|0x0000000083b00000, 0x0000000083c00000, 0x0000000083c00000|100%| O|  |TAMS 0x0000000083c00000, 0x0000000083b00000| Untracked 
|  60|0x0000000083c00000, 0x0000000083d00000, 0x0000000083d00000|100%| O|  |TAMS 0x0000000083d00000, 0x0000000083c00000| Untracked 
|  61|0x0000000083d00000, 0x0000000083e00000, 0x0000000083e00000|100%| O|  |TAMS 0x0000000083e00000, 0x0000000083d00000| Untracked 
|  62|0x0000000083e00000, 0x0000000083f00000, 0x0000000083f00000|100%| O|  |TAMS 0x0000000083f00000, 0x0000000083e00000| Untracked 
|  63|0x0000000083f00000, 0x0000000084000000, 0x0000000084000000|100%|HS|  |TAMS 0x0000000083f00000, 0x0000000083f00000| Complete 
|  64|0x0000000084000000, 0x0000000084100000, 0x0000000084100000|100%|HS|  |TAMS 0x0000000084000000, 0x0000000084000000| Complete 
|  65|0x0000000084100000, 0x0000000084200000, 0x0000000084200000|100%|HS|  |TAMS 0x0000000084100000, 0x0000000084100000| Complete 
|  66|0x0000000084200000, 0x0000000084300000, 0x0000000084300000|100%| O|  |TAMS 0x0000000084300000, 0x0000000084200000| Untracked 
|  67|0x0000000084300000, 0x0000000084400000, 0x0000000084400000|100%| O|  |TAMS 0x0000000084400000, 0x0000000084300000| Untracked 
|  68|0x0000000084400000, 0x0000000084500000, 0x0000000084500000|100%| O|  |TAMS 0x0000000084500000, 0x0000000084400000| Untracked 
|  69|0x0000000084500000, 0x0000000084600000, 0x0000000084600000|100%| O|  |TAMS 0x0000000084600000, 0x0000000084500000| Untracked 
|  70|0x0000000084600000, 0x0000000084700000, 0x0000000084700000|100%| O|  |TAMS 0x0000000084700000, 0x0000000084600000| Untracked 
|  71|0x0000000084700000, 0x0000000084800000, 0x0000000084800000|100%| O|  |TAMS 0x0000000084800000, 0x0000000084700000| Untracked 
|  72|0x0000000084800000, 0x0000000084900000, 0x0000000084900000|100%| O|  |TAMS 0x0000000084900000, 0x0000000084800000| Untracked 
|  73|0x0000000084900000, 0x0000000084a00000, 0x0000000084a00000|100%| O|  |TAMS 0x0000000084a00000, 0x0000000084900000| Untracked 
|  74|0x0000000084a00000, 0x0000000084b00000, 0x0000000084b00000|100%| O|  |TAMS 0x0000000084b00000, 0x0000000084a00000| Untracked 
|  75|0x0000000084b00000, 0x0000000084c00000, 0x0000000084c00000|100%| O|  |TAMS 0x0000000084c00000, 0x0000000084b00000| Untracked 
|  76|0x0000000084c00000, 0x0000000084d00000, 0x0000000084d00000|100%| O|  |TAMS 0x0000000084d00000, 0x0000000084c00000| Untracked 
|  77|0x0000000084d00000, 0x0000000084e00000, 0x0000000084e00000|100%| O|  |TAMS 0x0000000084e00000, 0x0000000084d00000| Untracked 
|  78|0x0000000084e00000, 0x0000000084f00000, 0x0000000084f00000|100%| O|  |TAMS 0x0000000084f00000, 0x0000000084e00000| Untracked 
|  79|0x0000000084f00000, 0x0000000085000000, 0x0000000085000000|100%|HS|  |TAMS 0x0000000085000000, 0x0000000084f00000| Complete 
|  80|0x0000000085000000, 0x0000000085100000, 0x0000000085100000|100%|HS|  |TAMS 0x0000000085100000, 0x0000000085000000| Complete 
|  81|0x0000000085100000, 0x0000000085200000, 0x0000000085200000|100%|HS|  |TAMS 0x0000000085200000, 0x0000000085100000| Complete 
|  82|0x0000000085200000, 0x0000000085300000, 0x0000000085300000|100%|HS|  |TAMS 0x0000000085300000, 0x0000000085200000| Complete 
|  83|0x0000000085300000, 0x0000000085400000, 0x0000000085400000|100%| O|  |TAMS 0x0000000085400000, 0x0000000085300000| Untracked 
|  84|0x0000000085400000, 0x0000000085500000, 0x0000000085500000|100%|HS|  |TAMS 0x0000000085500000, 0x0000000085400000| Complete 
|  85|0x0000000085500000, 0x0000000085600000, 0x0000000085600000|100%|HS|  |TAMS 0x0000000085600000, 0x0000000085500000| Complete 
|  86|0x0000000085600000, 0x0000000085700000, 0x0000000085700000|100%| O|  |TAMS 0x0000000085700000, 0x0000000085600000| Untracked 
|  87|0x0000000085700000, 0x0000000085800000, 0x0000000085800000|100%| O|  |TAMS 0x0000000085800000, 0x0000000085700000| Untracked 
|  88|0x0000000085800000, 0x0000000085900000, 0x0000000085900000|100%| O|  |TAMS 0x0000000085900000, 0x0000000085800000| Untracked 
|  89|0x0000000085900000, 0x0000000085a00000, 0x0000000085a00000|100%| O|  |TAMS 0x0000000085a00000, 0x0000000085900000| Untracked 
|  90|0x0000000085a00000, 0x0000000085b00000, 0x0000000085b00000|100%|HS|  |TAMS 0x0000000085b00000, 0x0000000085a00000| Complete 
|  91|0x0000000085b00000, 0x0000000085c00000, 0x0000000085c00000|100%| O|  |TAMS 0x0000000085c00000, 0x0000000085b00000| Untracked 
|  92|0x0000000085c00000, 0x0000000085d00000, 0x0000000085d00000|100%| O|  |TAMS 0x0000000085d00000, 0x0000000085c00000| Untracked 
|  93|0x0000000085d00000, 0x0000000085e00000, 0x0000000085e00000|100%| O|  |TAMS 0x0000000085e00000, 0x0000000085d00000| Untracked 
|  94|0x0000000085e00000, 0x0000000085f00000, 0x0000000085f00000|100%| O|  |TAMS 0x0000000085f00000, 0x0000000085e00000| Untracked 
|  95|0x0000000085f00000, 0x0000000086000000, 0x0000000086000000|100%| O|  |TAMS 0x0000000086000000, 0x0000000085f00000| Untracked 
|  96|0x0000000086000000, 0x0000000086100000, 0x0000000086100000|100%| O|  |TAMS 0x0000000086100000, 0x0000000086000000| Untracked 
|  97|0x0000000086100000, 0x0000000086200000, 0x0000000086200000|100%| O|  |TAMS 0x0000000086200000, 0x0000000086100000| Untracked 
|  98|0x0000000086200000, 0x0000000086300000, 0x0000000086300000|100%| O|  |TAMS 0x0000000086300000, 0x0000000086200000| Untracked 
|  99|0x0000000086300000, 0x0000000086400000, 0x0000000086400000|100%| O|  |TAMS 0x0000000086400000, 0x0000000086300000| Untracked 
| 100|0x0000000086400000, 0x0000000086500000, 0x0000000086500000|100%| O|  |TAMS 0x0000000086500000, 0x0000000086400000| Untracked 
| 101|0x0000000086500000, 0x0000000086600000, 0x0000000086600000|100%| O|  |TAMS 0x0000000086600000, 0x0000000086500000| Untracked 
| 102|0x0000000086600000, 0x0000000086700000, 0x0000000086700000|100%| O|  |TAMS 0x0000000086700000, 0x0000000086600000| Untracked 
| 103|0x0000000086700000, 0x0000000086800000, 0x0000000086800000|100%| O|  |TAMS 0x0000000086800000, 0x0000000086700000| Untracked 
| 104|0x0000000086800000, 0x0000000086900000, 0x0000000086900000|100%| O|  |TAMS 0x0000000086900000, 0x0000000086800000| Untracked 
| 105|0x0000000086900000, 0x0000000086a00000, 0x0000000086a00000|100%| O|  |TAMS 0x0000000086a00000, 0x0000000086900000| Untracked 
| 106|0x0000000086a00000, 0x0000000086b00000, 0x0000000086b00000|100%| O|  |TAMS 0x0000000086b00000, 0x0000000086a00000| Untracked 
| 107|0x0000000086b00000, 0x0000000086c00000, 0x0000000086c00000|100%| O|  |TAMS 0x0000000086c00000, 0x0000000086b00000| Untracked 
| 108|0x0000000086c00000, 0x0000000086d00000, 0x0000000086d00000|100%| O|  |TAMS 0x0000000086d00000, 0x0000000086c00000| Untracked 
| 109|0x0000000086d00000, 0x0000000086e00000, 0x0000000086e00000|100%| O|  |TAMS 0x0000000086e00000, 0x0000000086d00000| Untracked 
| 110|0x0000000086e00000, 0x0000000086f00000, 0x0000000086f00000|100%| O|  |TAMS 0x0000000086f00000, 0x0000000086e00000| Untracked 
| 111|0x0000000086f00000, 0x0000000087000000, 0x0000000087000000|100%| O|  |TAMS 0x0000000086f68a00, 0x0000000086f00000| Untracked 
| 112|0x0000000087000000, 0x0000000087100000, 0x0000000087100000|100%| O|  |TAMS 0x0000000087000000, 0x0000000087000000| Untracked 
| 113|0x0000000087100000, 0x0000000087200000, 0x0000000087200000|100%| O|  |TAMS 0x0000000087100000, 0x0000000087100000| Untracked 
| 114|0x0000000087200000, 0x0000000087300000, 0x0000000087300000|100%| O|  |TAMS 0x0000000087200000, 0x0000000087200000| Untracked 
| 115|0x0000000087300000, 0x0000000087400000, 0x0000000087400000|100%| O|  |TAMS 0x0000000087300000, 0x0000000087300000| Untracked 
| 116|0x0000000087400000, 0x0000000087500000, 0x0000000087500000|100%| O|  |TAMS 0x0000000087400000, 0x0000000087400000| Untracked 
| 117|0x0000000087500000, 0x0000000087600000, 0x0000000087600000|100%| O|  |TAMS 0x0000000087500000, 0x0000000087500000| Untracked 
| 118|0x0000000087600000, 0x0000000087700000, 0x0000000087700000|100%| O|  |TAMS 0x0000000087600000, 0x0000000087600000| Untracked 
| 119|0x0000000087700000, 0x0000000087800000, 0x0000000087800000|100%| O|  |TAMS 0x0000000087700000, 0x0000000087700000| Untracked 
| 120|0x0000000087800000, 0x0000000087900000, 0x0000000087900000|100%| O|  |TAMS 0x0000000087800000, 0x0000000087800000| Untracked 
| 121|0x0000000087900000, 0x0000000087a00000, 0x0000000087a00000|100%| O|  |TAMS 0x0000000087900000, 0x0000000087900000| Untracked 
| 122|0x0000000087a00000, 0x0000000087b00000, 0x0000000087b00000|100%| O|  |TAMS 0x0000000087a00000, 0x0000000087a00000| Untracked 
| 123|0x0000000087b00000, 0x0000000087c00000, 0x0000000087c00000|100%| O|  |TAMS 0x0000000087b00000, 0x0000000087b00000| Untracked 
| 124|0x0000000087c00000, 0x0000000087d00000, 0x0000000087d00000|100%| O|  |TAMS 0x0000000087c00000, 0x0000000087c00000| Untracked 
| 125|0x0000000087d00000, 0x0000000087e00000, 0x0000000087e00000|100%| O|  |TAMS 0x0000000087d00000, 0x0000000087d00000| Untracked 
| 126|0x0000000087e00000, 0x0000000087f00000, 0x0000000087f00000|100%| O|  |TAMS 0x0000000087e00000, 0x0000000087e00000| Untracked 
| 127|0x0000000087f00000, 0x0000000087f72400, 0x0000000088000000| 44%| O|  |TAMS 0x0000000087f00000, 0x0000000087f00000| Untracked 
| 128|0x0000000088000000, 0x0000000088100000, 0x0000000088100000|100%|HS|  |TAMS 0x0000000088000000, 0x0000000088000000| Complete 
| 129|0x0000000088100000, 0x0000000088200000, 0x0000000088200000|100%|HS|  |TAMS 0x0000000088100000, 0x0000000088100000| Complete 
| 130|0x0000000088200000, 0x0000000088200000, 0x0000000088300000|  0%| F|  |TAMS 0x0000000088200000, 0x0000000088200000| Untracked 
| 131|0x0000000088300000, 0x0000000088300000, 0x0000000088400000|  0%| F|  |TAMS 0x0000000088300000, 0x0000000088300000| Untracked 
| 132|0x0000000088400000, 0x0000000088400000, 0x0000000088500000|  0%| F|  |TAMS 0x0000000088400000, 0x0000000088400000| Untracked 
| 133|0x0000000088500000, 0x0000000088500000, 0x0000000088600000|  0%| F|  |TAMS 0x0000000088500000, 0x0000000088500000| Untracked 
| 134|0x0000000088600000, 0x0000000088600000, 0x0000000088700000|  0%| F|  |TAMS 0x0000000088600000, 0x0000000088600000| Untracked 
| 135|0x0000000088700000, 0x0000000088700000, 0x0000000088800000|  0%| F|  |TAMS 0x0000000088700000, 0x0000000088700000| Untracked 
| 136|0x0000000088800000, 0x0000000088800000, 0x0000000088900000|  0%| F|  |TAMS 0x0000000088800000, 0x0000000088800000| Untracked 
| 137|0x0000000088900000, 0x0000000088900000, 0x0000000088a00000|  0%| F|  |TAMS 0x0000000088900000, 0x0000000088900000| Untracked 
| 138|0x0000000088a00000, 0x0000000088a00000, 0x0000000088b00000|  0%| F|  |TAMS 0x0000000088a00000, 0x0000000088a00000| Untracked 
| 139|0x0000000088b00000, 0x0000000088b00000, 0x0000000088c00000|  0%| F|  |TAMS 0x0000000088b00000, 0x0000000088b00000| Untracked 
| 140|0x0000000088c00000, 0x0000000088c00000, 0x0000000088d00000|  0%| F|  |TAMS 0x0000000088c00000, 0x0000000088c00000| Untracked 
| 141|0x0000000088d00000, 0x0000000088d00000, 0x0000000088e00000|  0%| F|  |TAMS 0x0000000088d00000, 0x0000000088d00000| Untracked 
| 142|0x0000000088e00000, 0x0000000088e00000, 0x0000000088f00000|  0%| F|  |TAMS 0x0000000088e00000, 0x0000000088e00000| Untracked 
| 143|0x0000000088f00000, 0x0000000088f00000, 0x0000000089000000|  0%| F|  |TAMS 0x0000000088f00000, 0x0000000088f00000| Untracked 
| 144|0x0000000089000000, 0x0000000089000000, 0x0000000089100000|  0%| F|  |TAMS 0x0000000089000000, 0x0000000089000000| Untracked 
| 145|0x0000000089100000, 0x0000000089100000, 0x0000000089200000|  0%| F|  |TAMS 0x0000000089100000, 0x0000000089100000| Untracked 
| 146|0x0000000089200000, 0x0000000089200000, 0x0000000089300000|  0%| F|  |TAMS 0x0000000089200000, 0x0000000089200000| Untracked 
| 147|0x0000000089300000, 0x0000000089300000, 0x0000000089400000|  0%| F|  |TAMS 0x0000000089300000, 0x0000000089300000| Untracked 
| 148|0x0000000089400000, 0x0000000089400000, 0x0000000089500000|  0%| F|  |TAMS 0x0000000089400000, 0x0000000089400000| Untracked 
| 149|0x0000000089500000, 0x0000000089500000, 0x0000000089600000|  0%| F|  |TAMS 0x0000000089500000, 0x0000000089500000| Untracked 
| 150|0x0000000089600000, 0x0000000089600000, 0x0000000089700000|  0%| F|  |TAMS 0x0000000089600000, 0x0000000089600000| Untracked 
| 151|0x0000000089700000, 0x0000000089700000, 0x0000000089800000|  0%| F|  |TAMS 0x0000000089700000, 0x0000000089700000| Untracked 
| 152|0x0000000089800000, 0x0000000089800000, 0x0000000089900000|  0%| F|  |TAMS 0x0000000089800000, 0x0000000089800000| Untracked 
| 153|0x0000000089900000, 0x0000000089900000, 0x0000000089a00000|  0%| F|  |TAMS 0x0000000089900000, 0x0000000089900000| Untracked 
| 154|0x0000000089a00000, 0x0000000089a00000, 0x0000000089b00000|  0%| F|  |TAMS 0x0000000089a00000, 0x0000000089a00000| Untracked 
| 155|0x0000000089b00000, 0x0000000089b00000, 0x0000000089c00000|  0%| F|  |TAMS 0x0000000089b00000, 0x0000000089b00000| Untracked 
| 156|0x0000000089c00000, 0x0000000089c00000, 0x0000000089d00000|  0%| F|  |TAMS 0x0000000089c00000, 0x0000000089c00000| Untracked 
| 157|0x0000000089d00000, 0x0000000089d00000, 0x0000000089e00000|  0%| F|  |TAMS 0x0000000089d00000, 0x0000000089d00000| Untracked 
| 158|0x0000000089e00000, 0x0000000089e00000, 0x0000000089f00000|  0%| F|  |TAMS 0x0000000089e00000, 0x0000000089e00000| Untracked 
| 159|0x0000000089f00000, 0x0000000089f00000, 0x000000008a000000|  0%| F|  |TAMS 0x0000000089f00000, 0x0000000089f00000| Untracked 
| 160|0x000000008a000000, 0x000000008a000000, 0x000000008a100000|  0%| F|  |TAMS 0x000000008a000000, 0x000000008a000000| Untracked 
| 161|0x000000008a100000, 0x000000008a15bb80, 0x000000008a200000| 35%| S|CS|TAMS 0x000000008a100000, 0x000000008a100000| Complete 
| 162|0x000000008a200000, 0x000000008a300000, 0x000000008a300000|100%| S|CS|TAMS 0x000000008a200000, 0x000000008a200000| Complete 
| 163|0x000000008a300000, 0x000000008a300000, 0x000000008a400000|  0%| F|  |TAMS 0x000000008a300000, 0x000000008a300000| Untracked 
| 164|0x000000008a400000, 0x000000008a400000, 0x000000008a500000|  0%| F|  |TAMS 0x000000008a400000, 0x000000008a400000| Untracked 
| 165|0x000000008a500000, 0x000000008a500000, 0x000000008a600000|  0%| F|  |TAMS 0x000000008a500000, 0x000000008a500000| Untracked 
| 166|0x000000008a600000, 0x000000008a600000, 0x000000008a700000|  0%| F|  |TAMS 0x000000008a600000, 0x000000008a600000| Untracked 
| 167|0x000000008a700000, 0x000000008a700000, 0x000000008a800000|  0%| F|  |TAMS 0x000000008a700000, 0x000000008a700000| Untracked 
| 168|0x000000008a800000, 0x000000008a800000, 0x000000008a900000|  0%| F|  |TAMS 0x000000008a800000, 0x000000008a800000| Untracked 
| 169|0x000000008a900000, 0x000000008a900000, 0x000000008aa00000|  0%| F|  |TAMS 0x000000008a900000, 0x000000008a900000| Untracked 
| 170|0x000000008aa00000, 0x000000008aa82c98, 0x000000008ab00000| 51%| E|  |TAMS 0x000000008aa00000, 0x000000008aa00000| Complete 
| 171|0x000000008ab00000, 0x000000008ac00000, 0x000000008ac00000|100%| E|CS|TAMS 0x000000008ab00000, 0x000000008ab00000| Complete 
| 172|0x000000008ac00000, 0x000000008ad00000, 0x000000008ad00000|100%| E|CS|TAMS 0x000000008ac00000, 0x000000008ac00000| Complete 
| 173|0x000000008ad00000, 0x000000008ae00000, 0x000000008ae00000|100%| E|CS|TAMS 0x000000008ad00000, 0x000000008ad00000| Complete 
| 174|0x000000008ae00000, 0x000000008af00000, 0x000000008af00000|100%| E|CS|TAMS 0x000000008ae00000, 0x000000008ae00000| Complete 
| 175|0x000000008af00000, 0x000000008b000000, 0x000000008b000000|100%| E|CS|TAMS 0x000000008af00000, 0x000000008af00000| Complete 
| 176|0x000000008b000000, 0x000000008b100000, 0x000000008b100000|100%| E|CS|TAMS 0x000000008b000000, 0x000000008b000000| Complete 
| 177|0x000000008b100000, 0x000000008b200000, 0x000000008b200000|100%| E|CS|TAMS 0x000000008b100000, 0x000000008b100000| Complete 
| 178|0x000000008b200000, 0x000000008b300000, 0x000000008b300000|100%| E|CS|TAMS 0x000000008b200000, 0x000000008b200000| Complete 
| 179|0x000000008b300000, 0x000000008b400000, 0x000000008b400000|100%| E|CS|TAMS 0x000000008b300000, 0x000000008b300000| Complete 
| 180|0x000000008b400000, 0x000000008b500000, 0x000000008b500000|100%| E|CS|TAMS 0x000000008b400000, 0x000000008b400000| Complete 
| 181|0x000000008b500000, 0x000000008b600000, 0x000000008b600000|100%| E|  |TAMS 0x000000008b500000, 0x000000008b500000| Complete 
| 182|0x000000008b600000, 0x000000008b700000, 0x000000008b700000|100%| E|CS|TAMS 0x000000008b600000, 0x000000008b600000| Complete 
| 183|0x000000008b700000, 0x000000008b800000, 0x000000008b800000|100%| E|CS|TAMS 0x000000008b700000, 0x000000008b700000| Complete 
| 184|0x000000008b800000, 0x000000008b900000, 0x000000008b900000|100%| E|CS|TAMS 0x000000008b800000, 0x000000008b800000| Complete 
| 185|0x000000008b900000, 0x000000008ba00000, 0x000000008ba00000|100%| E|CS|TAMS 0x000000008b900000, 0x000000008b900000| Complete 
| 186|0x000000008ba00000, 0x000000008bb00000, 0x000000008bb00000|100%| E|CS|TAMS 0x000000008ba00000, 0x000000008ba00000| Complete 
| 187|0x000000008bb00000, 0x000000008bc00000, 0x000000008bc00000|100%| E|CS|TAMS 0x000000008bb00000, 0x000000008bb00000| Complete 
| 188|0x000000008bc00000, 0x000000008bd00000, 0x000000008bd00000|100%| E|CS|TAMS 0x000000008bc00000, 0x000000008bc00000| Complete 
| 189|0x000000008bd00000, 0x000000008be00000, 0x000000008be00000|100%| E|CS|TAMS 0x000000008bd00000, 0x000000008bd00000| Complete 
| 190|0x000000008be00000, 0x000000008bf00000, 0x000000008bf00000|100%| E|CS|TAMS 0x000000008be00000, 0x000000008be00000| Complete 
| 191|0x000000008bf00000, 0x000000008c000000, 0x000000008c000000|100%| E|CS|TAMS 0x000000008bf00000, 0x000000008bf00000| Complete 
| 192|0x000000008c000000, 0x000000008c100000, 0x000000008c100000|100%| E|CS|TAMS 0x000000008c000000, 0x000000008c000000| Complete 
| 193|0x000000008c100000, 0x000000008c200000, 0x000000008c200000|100%| E|CS|TAMS 0x000000008c100000, 0x000000008c100000| Complete 
| 194|0x000000008c200000, 0x000000008c300000, 0x000000008c300000|100%| E|CS|TAMS 0x000000008c200000, 0x000000008c200000| Complete 
| 195|0x000000008c300000, 0x000000008c400000, 0x000000008c400000|100%| E|CS|TAMS 0x000000008c300000, 0x000000008c300000| Complete 
| 196|0x000000008c400000, 0x000000008c500000, 0x000000008c500000|100%| E|CS|TAMS 0x000000008c400000, 0x000000008c400000| Complete 
| 197|0x000000008c500000, 0x000000008c600000, 0x000000008c600000|100%| E|CS|TAMS 0x000000008c500000, 0x000000008c500000| Complete 
| 198|0x000000008c600000, 0x000000008c700000, 0x000000008c700000|100%| E|CS|TAMS 0x000000008c600000, 0x000000008c600000| Complete 
| 199|0x000000008c700000, 0x000000008c800000, 0x000000008c800000|100%| E|CS|TAMS 0x000000008c700000, 0x000000008c700000| Complete 
| 200|0x000000008c800000, 0x000000008c900000, 0x000000008c900000|100%| E|CS|TAMS 0x000000008c800000, 0x000000008c800000| Complete 
| 201|0x000000008c900000, 0x000000008ca00000, 0x000000008ca00000|100%| E|CS|TAMS 0x000000008c900000, 0x000000008c900000| Complete 
| 202|0x000000008ca00000, 0x000000008cb00000, 0x000000008cb00000|100%| E|CS|TAMS 0x000000008ca00000, 0x000000008ca00000| Complete 
| 203|0x000000008cb00000, 0x000000008cc00000, 0x000000008cc00000|100%| E|CS|TAMS 0x000000008cb00000, 0x000000008cb00000| Complete 
| 204|0x000000008cc00000, 0x000000008cd00000, 0x000000008cd00000|100%| E|CS|TAMS 0x000000008cc00000, 0x000000008cc00000| Complete 
| 205|0x000000008cd00000, 0x000000008ce00000, 0x000000008ce00000|100%| E|CS|TAMS 0x000000008cd00000, 0x000000008cd00000| Complete 
| 206|0x000000008ce00000, 0x000000008cf00000, 0x000000008cf00000|100%| E|CS|TAMS 0x000000008ce00000, 0x000000008ce00000| Complete 
| 207|0x000000008cf00000, 0x000000008d000000, 0x000000008d000000|100%| E|CS|TAMS 0x000000008cf00000, 0x000000008cf00000| Complete 
| 208|0x000000008d000000, 0x000000008d100000, 0x000000008d100000|100%| E|CS|TAMS 0x000000008d000000, 0x000000008d000000| Complete 
| 209|0x000000008d100000, 0x000000008d200000, 0x000000008d200000|100%| E|CS|TAMS 0x000000008d100000, 0x000000008d100000| Complete 
| 210|0x000000008d200000, 0x000000008d300000, 0x000000008d300000|100%| E|CS|TAMS 0x000000008d200000, 0x000000008d200000| Complete 
| 211|0x000000008d300000, 0x000000008d400000, 0x000000008d400000|100%| E|CS|TAMS 0x000000008d300000, 0x000000008d300000| Complete 
| 212|0x000000008d400000, 0x000000008d500000, 0x000000008d500000|100%| E|CS|TAMS 0x000000008d400000, 0x000000008d400000| Complete 
| 213|0x000000008d500000, 0x000000008d600000, 0x000000008d600000|100%| E|CS|TAMS 0x000000008d500000, 0x000000008d500000| Complete 
| 214|0x000000008d600000, 0x000000008d700000, 0x000000008d700000|100%| E|CS|TAMS 0x000000008d600000, 0x000000008d600000| Complete 
| 215|0x000000008d700000, 0x000000008d800000, 0x000000008d800000|100%| E|CS|TAMS 0x000000008d700000, 0x000000008d700000| Complete 
| 216|0x000000008d800000, 0x000000008d900000, 0x000000008d900000|100%| E|CS|TAMS 0x000000008d800000, 0x000000008d800000| Complete 
| 217|0x000000008d900000, 0x000000008da00000, 0x000000008da00000|100%| E|CS|TAMS 0x000000008d900000, 0x000000008d900000| Complete 
| 218|0x000000008da00000, 0x000000008db00000, 0x000000008db00000|100%| E|CS|TAMS 0x000000008da00000, 0x000000008da00000| Complete 
| 219|0x000000008db00000, 0x000000008dc00000, 0x000000008dc00000|100%| E|CS|TAMS 0x000000008db00000, 0x000000008db00000| Complete 
| 220|0x000000008dc00000, 0x000000008dd00000, 0x000000008dd00000|100%| E|CS|TAMS 0x000000008dc00000, 0x000000008dc00000| Complete 
| 221|0x000000008dd00000, 0x000000008de00000, 0x000000008de00000|100%| E|CS|TAMS 0x000000008dd00000, 0x000000008dd00000| Complete 
| 222|0x000000008de00000, 0x000000008df00000, 0x000000008df00000|100%| E|CS|TAMS 0x000000008de00000, 0x000000008de00000| Complete 
| 253|0x000000008fd00000, 0x000000008fe00000, 0x000000008fe00000|100%| E|CS|TAMS 0x000000008fd00000, 0x000000008fd00000| Complete 

Card table byte_map: [0x00000213db770000,0x00000213dbb70000] _byte_map_base: 0x00000213db370000

Marking Bits (Prev, Next): (CMBitMap*) 0x00000213c48a5130, (CMBitMap*) 0x00000213c48a5170
 Prev Bits: [0x00000213dbf70000, 0x00000213ddf70000)
 Next Bits: [0x00000213ddf70000, 0x00000213dff70000)

Polling page: 0x00000213c2680000

Metaspace:

Usage:
  Non-class:     93.69 MB used.
      Class:     14.96 MB used.
       Both:    108.66 MB used.

Virtual space:
  Non-class space:      128.00 MB reserved,      94.19 MB ( 74%) committed,  2 nodes.
      Class space:      416.00 MB reserved,      15.44 MB (  4%) committed,  1 nodes.
             Both:      544.00 MB reserved,     109.62 MB ( 20%) committed. 

Chunk freelists:
   Non-Class:  960.00 KB
       Class:  440.00 KB
        Both:  1.37 MB

MaxMetaspaceSize: 512.00 MB
CompressedClassSpaceSize: 416.00 MB
Initial GC threshold: 21.00 MB
Current GC threshold: 179.19 MB
CDS: on
MetaspaceReclaimPolicy: balanced
 - commit_granule_bytes: 65536.
 - commit_granule_words: 8192.
 - virtual_space_node_default_size: 8388608.
 - enlarge_chunks_in_place: 1.
 - new_chunks_are_fully_committed: 0.
 - uncommit_free_chunks: 1.
 - use_allocation_guard: 0.
 - handle_deallocations: 1.


Internal statistics:

num_allocs_failed_limit: 9.
num_arena_births: 1400.
num_arena_deaths: 0.
num_vsnodes_births: 3.
num_vsnodes_deaths: 0.
num_space_committed: 1753.
num_space_uncommitted: 0.
num_chunks_returned_to_freelist: 9.
num_chunks_taken_from_freelist: 6097.
num_chunk_merges: 9.
num_chunk_splits: 3969.
num_chunks_enlarged: 2572.
num_inconsistent_stats: 0.

CodeHeap 'non-profiled nmethods': size=120000Kb used=8462Kb max_used=8462Kb free=111537Kb
 bounds [0x00000213d3e40000, 0x00000213d4690000, 0x00000213db370000]
CodeHeap 'profiled nmethods': size=120000Kb used=24741Kb max_used=24741Kb free=95258Kb
 bounds [0x00000213cc370000, 0x00000213cdba0000, 0x00000213d38a0000]
CodeHeap 'non-nmethods': size=5760Kb used=2457Kb max_used=2520Kb free=3302Kb
 bounds [0x00000213d38a0000, 0x00000213d3b30000, 0x00000213d3e40000]
 total_blobs=13892 nmethods=12895 adapters=909
 compilation: enabled
              stopped_count=0, restarted_count=0
 full_count=0

Compilation events (20 events):
Event: 52.894 Thread 0x00000213e2487a40 nmethod 15159 0x00000213d4683790 code [0x00000213d4683900, 0x00000213d46839b8]
Event: 52.899 Thread 0x00000213e2487a40 15160       4       com.google.common.collect.MapMakerInternalMap$Segment::expand (276 bytes)
Event: 52.919 Thread 0x00000213e2489360 15163       3       com.sun.crypto.provider.Poly1305::<init> (30 bytes)
Event: 52.919 Thread 0x00000213e2489360 nmethod 15163 0x00000213cdb8e290 code [0x00000213cdb8e480, 0x00000213cdb8ec38]
Event: 52.919 Thread 0x00000213e2489360 15164       3       com.sun.crypto.provider.Poly1305::engineInit (84 bytes)
Event: 52.920 Thread 0x00000213e2489360 nmethod 15164 0x00000213cdb8ee10 code [0x00000213cdb8f100, 0x00000213cdb901a8]
Event: 52.920 Thread 0x00000213e2489360 15165       3       com.sun.crypto.provider.Poly1305::setRSVals (134 bytes)
Event: 52.920 Thread 0x00000213e2489360 nmethod 15165 0x00000213cdb90710 code [0x00000213cdb908e0, 0x00000213cdb90d58]
Event: 52.920 Thread 0x00000213e2489360 15166   !   3       com.sun.crypto.provider.ChaCha20Cipher::engineUpdateAAD (91 bytes)
Event: 52.921 Thread 0x00000213e2489360 nmethod 15166 0x00000213cdb90e90 code [0x00000213cdb910e0, 0x00000213cdb91928]
Event: 52.921 Thread 0x00000213e2489360 15167       3       javax.crypto.CipherSpi::engineDoFinal (8 bytes)
Event: 52.921 Thread 0x00000213e2489360 nmethod 15167 0x00000213cdb91d90 code [0x00000213cdb91f20, 0x00000213cdb92068]
Event: 52.921 Thread 0x00000213e2489360 15168       3       javax.crypto.CipherSpi::bufferCrypt (474 bytes)
Event: 52.923 Thread 0x00000213e2489360 nmethod 15168 0x00000213cdb92110 code [0x00000213cdb925e0, 0x00000213cdb95138]
Event: 52.937 Thread 0x00000213e2489360 15170       3       com.sun.crypto.provider.ChaCha20Cipher$EngineAEADDec::doUpdate (79 bytes)
Event: 52.937 Thread 0x00000213e2489360 nmethod 15170 0x00000213cdb95f90 code [0x00000213cdb96180, 0x00000213cdb96738]
Event: 52.937 Thread 0x00000213e2489360 15171       3       com.sun.crypto.provider.ChaCha20Cipher::authFinalizeData (107 bytes)
Event: 52.938 Thread 0x00000213e2489360 nmethod 15171 0x00000213cdb96990 code [0x00000213cdb96be0, 0x00000213cdb97358]
Event: 52.938 Thread 0x00000213e2489360 15172       3       sun.security.ssl.ProtocolVersion::isNegotiable (67 bytes)
Event: 52.938 Thread 0x00000213e2489360 nmethod 15172 0x00000213cdb97790 code [0x00000213cdb97940, 0x00000213cdb97c18]

GC Heap History (20 events):
Event: 30.814 GC heap before
{Heap before GC invocations=36 (full 0):
 garbage-first heap   total 225280K, used 186074K [0x0000000080000000, 0x0000000100000000)
  region size 1024K, 92 young (94208K), 6 survivors (6144K)
 Metaspace       used 80188K, committed 80960K, reserved 557056K
  class space    used 11136K, committed 11520K, reserved 425984K
}
Event: 30.823 GC heap after
{Heap after GC invocations=37 (full 0):
 garbage-first heap   total 225280K, used 102621K [0x0000000080000000, 0x0000000100000000)
  region size 1024K, 12 young (12288K), 12 survivors (12288K)
 Metaspace       used 80188K, committed 80960K, reserved 557056K
  class space    used 11136K, committed 11520K, reserved 425984K
}
Event: 31.905 GC heap before
{Heap before GC invocations=37 (full 0):
 garbage-first heap   total 225280K, used 178397K [0x0000000080000000, 0x0000000100000000)
  region size 1024K, 86 young (88064K), 12 survivors (12288K)
 Metaspace       used 85771K, committed 86592K, reserved 557056K
  class space    used 11880K, committed 12288K, reserved 425984K
}
Event: 31.914 GC heap after
{Heap after GC invocations=38 (full 0):
 garbage-first heap   total 225280K, used 107154K [0x0000000080000000, 0x0000000100000000)
  region size 1024K, 4 young (4096K), 4 survivors (4096K)
 Metaspace       used 85771K, committed 86592K, reserved 557056K
  class space    used 11880K, committed 12288K, reserved 425984K
}
Event: 32.851 GC heap before
{Heap before GC invocations=38 (full 0):
 garbage-first heap   total 225280K, used 181906K [0x0000000080000000, 0x0000000100000000)
  region size 1024K, 77 young (78848K), 4 survivors (4096K)
 Metaspace       used 88572K, committed 89408K, reserved 557056K
  class space    used 12277K, committed 12672K, reserved 425984K
}
Event: 32.859 GC heap after
{Heap after GC invocations=39 (full 0):
 garbage-first heap   total 225280K, used 111831K [0x0000000080000000, 0x0000000100000000)
  region size 1024K, 9 young (9216K), 9 survivors (9216K)
 Metaspace       used 88572K, committed 89408K, reserved 557056K
  class space    used 12277K, committed 12672K, reserved 425984K
}
Event: 35.358 GC heap before
{Heap before GC invocations=39 (full 0):
 garbage-first heap   total 225280K, used 183511K [0x0000000080000000, 0x0000000100000000)
  region size 1024K, 79 young (80896K), 9 survivors (9216K)
 Metaspace       used 93472K, committed 94400K, reserved 557056K
  class space    used 13126K, committed 13568K, reserved 425984K
}
Event: 35.367 GC heap after
{Heap after GC invocations=40 (full 0):
 garbage-first heap   total 225280K, used 114264K [0x0000000080000000, 0x0000000100000000)
  region size 1024K, 8 young (8192K), 8 survivors (8192K)
 Metaspace       used 93472K, committed 94400K, reserved 557056K
  class space    used 13126K, committed 13568K, reserved 425984K
}
Event: 37.425 GC heap before
{Heap before GC invocations=40 (full 0):
 garbage-first heap   total 225280K, used 185944K [0x0000000080000000, 0x0000000100000000)
  region size 1024K, 78 young (79872K), 8 survivors (8192K)
 Metaspace       used 98043K, committed 98944K, reserved 557056K
  class space    used 13779K, committed 14208K, reserved 425984K
}
Event: 37.436 GC heap after
{Heap after GC invocations=41 (full 0):
 garbage-first heap   total 225280K, used 118565K [0x0000000080000000, 0x0000000100000000)
  region size 1024K, 7 young (7168K), 7 survivors (7168K)
 Metaspace       used 98043K, committed 98944K, reserved 557056K
  class space    used 13779K, committed 14208K, reserved 425984K
}
Event: 40.696 GC heap before
{Heap before GC invocations=41 (full 0):
 garbage-first heap   total 225280K, used 188197K [0x0000000080000000, 0x0000000100000000)
  region size 1024K, 75 young (76800K), 7 survivors (7168K)
 Metaspace       used 108123K, committed 109056K, reserved 557056K
  class space    used 15044K, committed 15488K, reserved 425984K
}
Event: 40.709 GC heap after
{Heap after GC invocations=42 (full 0):
 garbage-first heap   total 225280K, used 123932K [0x0000000080000000, 0x0000000100000000)
  region size 1024K, 10 young (10240K), 10 survivors (10240K)
 Metaspace       used 108123K, committed 109056K, reserved 557056K
  class space    used 15044K, committed 15488K, reserved 425984K
}
Event: 42.426 GC heap before
{Heap before GC invocations=42 (full 0):
 garbage-first heap   total 225280K, used 145436K [0x0000000080000000, 0x0000000100000000)
  region size 1024K, 32 young (32768K), 10 survivors (10240K)
 Metaspace       used 108864K, committed 109760K, reserved 557056K
  class space    used 15126K, committed 15552K, reserved 425984K
}
Event: 42.437 GC heap after
{Heap after GC invocations=43 (full 0):
 garbage-first heap   total 225280K, used 126497K [0x0000000080000000, 0x0000000100000000)
  region size 1024K, 3 young (3072K), 3 survivors (3072K)
 Metaspace       used 108864K, committed 109760K, reserved 557056K
  class space    used 15126K, committed 15552K, reserved 425984K
}
Event: 45.129 GC heap before
{Heap before GC invocations=44 (full 0):
 garbage-first heap   total 229376K, used 184865K [0x0000000080000000, 0x0000000100000000)
  region size 1024K, 61 young (62464K), 3 survivors (3072K)
 Metaspace       used 109751K, committed 110720K, reserved 557056K
  class space    used 15243K, committed 15680K, reserved 425984K
}
Event: 45.140 GC heap after
{Heap after GC invocations=45 (full 0):
 garbage-first heap   total 229376K, used 129525K [0x0000000080000000, 0x0000000100000000)
  region size 1024K, 6 young (6144K), 6 survivors (6144K)
 Metaspace       used 109751K, committed 110720K, reserved 557056K
  class space    used 15243K, committed 15680K, reserved 425984K
}
Event: 45.938 GC heap before
{Heap before GC invocations=45 (full 0):
 garbage-first heap   total 229376K, used 134645K [0x0000000080000000, 0x0000000100000000)
  region size 1024K, 11 young (11264K), 6 survivors (6144K)
 Metaspace       used 109769K, committed 110720K, reserved 557056K
  class space    used 15244K, committed 15680K, reserved 425984K
}
Event: 45.949 GC heap after
{Heap after GC invocations=46 (full 0):
 garbage-first heap   total 229376K, used 128441K [0x0000000080000000, 0x0000000100000000)
  region size 1024K, 1 young (1024K), 1 survivors (1024K)
 Metaspace       used 109769K, committed 110720K, reserved 557056K
  class space    used 15244K, committed 15680K, reserved 425984K
}
Event: 48.731 GC heap before
{Heap before GC invocations=46 (full 0):
 garbage-first heap   total 229376K, used 188857K [0x0000000080000000, 0x0000000100000000)
  region size 1024K, 61 young (62464K), 1 survivors (1024K)
 Metaspace       used 109850K, committed 110784K, reserved 557056K
  class space    used 15246K, committed 15680K, reserved 425984K
}
Event: 48.734 GC heap after
{Heap after GC invocations=47 (full 0):
 garbage-first heap   total 229376K, used 128808K [0x0000000080000000, 0x0000000100000000)
  region size 1024K, 2 young (2048K), 2 survivors (2048K)
 Metaspace       used 109850K, committed 110784K, reserved 557056K
  class space    used 15246K, committed 15680K, reserved 425984K
}

Dll operation events (15 events):
Event: 0.007 Loaded shared library C:\Program Files\Microsoft\jdk-17.0.12.7-hotspot\bin\java.dll
Event: 0.025 Loaded shared library C:\Program Files\Microsoft\jdk-17.0.12.7-hotspot\bin\jsvml.dll
Event: 0.067 Loaded shared library C:\Program Files\Microsoft\jdk-17.0.12.7-hotspot\bin\zip.dll
Event: 0.069 Loaded shared library C:\Program Files\Microsoft\jdk-17.0.12.7-hotspot\bin\instrument.dll
Event: 0.072 Loaded shared library C:\Program Files\Microsoft\jdk-17.0.12.7-hotspot\bin\net.dll
Event: 0.074 Loaded shared library C:\Program Files\Microsoft\jdk-17.0.12.7-hotspot\bin\nio.dll
Event: 0.077 Loaded shared library C:\Program Files\Microsoft\jdk-17.0.12.7-hotspot\bin\zip.dll
Event: 0.336 Loaded shared library C:\Program Files\Microsoft\jdk-17.0.12.7-hotspot\bin\jimage.dll
Event: 0.421 Loaded shared library C:\Program Files\Microsoft\jdk-17.0.12.7-hotspot\bin\verify.dll
Event: 0.559 Loaded shared library C:\Users\lenovo\.gradle\native\c067742578af261105cb4f569cf0c3c89f3d7b1fecec35dd04571415982c5e48\windows-amd64\native-platform.dll
Event: 0.564 Loaded shared library C:\Users\lenovo\.gradle\native\100fb08df4bc3b14c8652ba06237920a3bd2aa13389f12d3474272988ae205f9\windows-amd64\native-platform-file-events.dll
Event: 1.697 Loaded shared library C:\Program Files\Microsoft\jdk-17.0.12.7-hotspot\bin\management.dll
Event: 1.699 Loaded shared library C:\Program Files\Microsoft\jdk-17.0.12.7-hotspot\bin\management_ext.dll
Event: 1.939 Loaded shared library C:\Program Files\Microsoft\jdk-17.0.12.7-hotspot\bin\extnet.dll
Event: 2.337 Loaded shared library C:\Program Files\Microsoft\jdk-17.0.12.7-hotspot\bin\sunmscapi.dll

Deoptimization events (20 events):
Event: 52.169 Thread 0x0000021386e5adb0 DEOPT PACKING pc=0x00000213d4196f74 sp=0x000000d0861f9a00
Event: 52.169 Thread 0x0000021386e5adb0 DEOPT UNPACKING pc=0x00000213d38f69a3 sp=0x000000d0861f99a0 mode 2
Event: 52.798 Thread 0x0000021385b2c2a0 DEOPT PACKING pc=0x00000213cdaeb179 sp=0x000000d0854fc970
Event: 52.798 Thread 0x0000021385b2c2a0 DEOPT UNPACKING pc=0x00000213d38f7143 sp=0x000000d0854fbe30 mode 0
Event: 52.899 Thread 0x0000021385b29a20 Uncommon trap: trap_request=0xffffffbe fr.pc=0x00000213d464a4d0 relative=0x0000000000002710
Event: 52.899 Thread 0x0000021385b29a20 Uncommon trap: reason=profile_predicate action=maybe_recompile pc=0x00000213d464a4d0 method=com.google.common.collect.MapMakerInternalMap$Segment.expand()V @ 56 c2
Event: 52.899 Thread 0x0000021385b29a20 DEOPT PACKING pc=0x00000213d464a4d0 sp=0x000000d0856fbbe0
Event: 52.899 Thread 0x0000021385b29a20 DEOPT UNPACKING pc=0x00000213d38f69a3 sp=0x000000d0856fbb98 mode 2
Event: 52.899 Thread 0x0000021385b29a20 Uncommon trap: trap_request=0xffffffbe fr.pc=0x00000213d464a4d0 relative=0x0000000000002710
Event: 52.899 Thread 0x0000021385b29a20 Uncommon trap: reason=profile_predicate action=maybe_recompile pc=0x00000213d464a4d0 method=com.google.common.collect.MapMakerInternalMap$Segment.expand()V @ 56 c2
Event: 52.899 Thread 0x0000021385b29a20 DEOPT PACKING pc=0x00000213d464a4d0 sp=0x000000d0856fbbe0
Event: 52.899 Thread 0x0000021385b29a20 DEOPT UNPACKING pc=0x00000213d38f69a3 sp=0x000000d0856fbb98 mode 2
Event: 52.899 Thread 0x0000021385b29a20 Uncommon trap: trap_request=0xffffffbe fr.pc=0x00000213d464a4d0 relative=0x0000000000002710
Event: 52.899 Thread 0x0000021385b29a20 Uncommon trap: reason=profile_predicate action=maybe_recompile pc=0x00000213d464a4d0 method=com.google.common.collect.MapMakerInternalMap$Segment.expand()V @ 56 c2
Event: 52.899 Thread 0x0000021385b29a20 DEOPT PACKING pc=0x00000213d464a4d0 sp=0x000000d0856fbbe0
Event: 52.899 Thread 0x0000021385b29a20 DEOPT UNPACKING pc=0x00000213d38f69a3 sp=0x000000d0856fbb98 mode 2
Event: 52.900 Thread 0x0000021385b29a20 Uncommon trap: trap_request=0xffffffbe fr.pc=0x00000213d464a4d0 relative=0x0000000000002710
Event: 52.900 Thread 0x0000021385b29a20 Uncommon trap: reason=profile_predicate action=maybe_recompile pc=0x00000213d464a4d0 method=com.google.common.collect.MapMakerInternalMap$Segment.expand()V @ 56 c2
Event: 52.900 Thread 0x0000021385b29a20 DEOPT PACKING pc=0x00000213d464a4d0 sp=0x000000d0856fbbe0
Event: 52.900 Thread 0x0000021385b29a20 DEOPT UNPACKING pc=0x00000213d38f69a3 sp=0x000000d0856fbb98 mode 2

Classes loaded (20 events):
Event: 40.142 Loading class com/sun/org/apache/xerces/internal/dom/CharacterDataImpl
Event: 40.142 Loading class com/sun/org/apache/xerces/internal/dom/CharacterDataImpl done
Event: 40.142 Loading class com/sun/org/apache/xerces/internal/dom/TextImpl done
Event: 40.142 Loading class com/sun/org/apache/xerces/internal/dom/DeferredTextImpl done
Event: 40.143 Loading class com/sun/org/apache/xerces/internal/dom/CharacterDataImpl$1
Event: 40.143 Loading class com/sun/org/apache/xerces/internal/dom/CharacterDataImpl$1 done
Event: 40.143 Loading class com/sun/org/apache/xerces/internal/dom/DeferredCommentImpl
Event: 40.143 Loading class com/sun/org/apache/xerces/internal/dom/CommentImpl
Event: 40.143 Loading class org/w3c/dom/Comment
Event: 40.143 Loading class org/w3c/dom/Comment done
Event: 40.143 Loading class com/sun/org/apache/xerces/internal/dom/CommentImpl done
Event: 40.143 Loading class com/sun/org/apache/xerces/internal/dom/DeferredCommentImpl done
Event: 43.487 Loading class java/util/zip/ZipInputStream
Event: 43.487 Loading class java/util/zip/ZipInputStream done
Event: 43.487 Loading class java/io/PushbackInputStream
Event: 43.487 Loading class java/io/PushbackInputStream done
Event: 46.071 Loading class jdk/internal/misc/ScopedMemoryAccess$Scope$Handle
Event: 46.071 Loading class jdk/internal/misc/ScopedMemoryAccess$Scope$Handle done
Event: 51.474 Loading class java/time/Instant$1
Event: 51.474 Loading class java/time/Instant$1 done

Classes unloaded (0 events):
No events

Classes redefined (0 events):
No events

Internal exceptions (20 events):
Event: 48.651 Thread 0x0000021385b2e100 Exception <a 'sun/nio/fs/WindowsException'{0x000000008af4c378}> (0x000000008af4c378) 
thrown [s\src\hotspot\share\prims\jni.cpp, line 516]
Event: 48.686 Thread 0x0000021386e5a8a0 Exception <a 'sun/nio/fs/WindowsException'{0x000000008ab99ae0}> (0x000000008ab99ae0) 
thrown [s\src\hotspot\share\prims\jni.cpp, line 516]
Event: 48.686 Thread 0x0000021386e5a8a0 Exception <a 'sun/nio/fs/WindowsException'{0x000000008ab99ba0}> (0x000000008ab99ba0) 
thrown [s\src\hotspot\share\prims\jni.cpp, line 516]
Event: 48.686 Thread 0x0000021386e5a8a0 Exception <a 'sun/nio/fs/WindowsException'{0x000000008ab9a078}> (0x000000008ab9a078) 
thrown [s\src\hotspot\share\prims\jni.cpp, line 516]
Event: 48.791 Thread 0x0000021385b2b880 Exception <a 'sun/nio/fs/WindowsException'{0x000000008da02788}> (0x000000008da02788) 
thrown [s\src\hotspot\share\prims\jni.cpp, line 516]
Event: 48.791 Thread 0x0000021385b2b880 Exception <a 'sun/nio/fs/WindowsException'{0x000000008da02848}> (0x000000008da02848) 
thrown [s\src\hotspot\share\prims\jni.cpp, line 516]
Event: 48.791 Thread 0x0000021385b2b880 Exception <a 'sun/nio/fs/WindowsException'{0x000000008da02d10}> (0x000000008da02d10) 
thrown [s\src\hotspot\share\prims\jni.cpp, line 516]
Event: 48.901 Thread 0x0000021385b29000 Exception <a 'sun/nio/fs/WindowsException'{0x000000008daf7d68}> (0x000000008daf7d68) 
thrown [s\src\hotspot\share\prims\jni.cpp, line 516]
Event: 48.902 Thread 0x0000021385b29000 Exception <a 'sun/nio/fs/WindowsException'{0x000000008daf7e28}> (0x000000008daf7e28) 
thrown [s\src\hotspot\share\prims\jni.cpp, line 516]
Event: 48.902 Thread 0x0000021385b29000 Exception <a 'sun/nio/fs/WindowsException'{0x000000008daf8348}> (0x000000008daf8348) 
thrown [s\src\hotspot\share\prims\jni.cpp, line 516]
Event: 51.078 Thread 0x0000021386e5a8a0 Exception <a 'sun/nio/fs/WindowsException'{0x000000008d9cddb8}> (0x000000008d9cddb8) 
thrown [s\src\hotspot\share\prims\jni.cpp, line 516]
Event: 51.078 Thread 0x0000021386e5a8a0 Exception <a 'sun/nio/fs/WindowsException'{0x000000008d9cde78}> (0x000000008d9cde78) 
thrown [s\src\hotspot\share\prims\jni.cpp, line 516]
Event: 51.078 Thread 0x0000021386e5a8a0 Exception <a 'sun/nio/fs/WindowsException'{0x000000008d9ce388}> (0x000000008d9ce388) 
thrown [s\src\hotspot\share\prims\jni.cpp, line 516]
Event: 51.153 Thread 0x0000021385b29000 Exception <a 'sun/nio/fs/WindowsException'{0x000000008d85ad70}> (0x000000008d85ad70) 
thrown [s\src\hotspot\share\prims\jni.cpp, line 516]
Event: 51.153 Thread 0x0000021385b29000 Exception <a 'sun/nio/fs/WindowsException'{0x000000008d85ae30}> (0x000000008d85ae30) 
thrown [s\src\hotspot\share\prims\jni.cpp, line 516]
Event: 51.153 Thread 0x0000021385b29000 Exception <a 'sun/nio/fs/WindowsException'{0x000000008d85b300}> (0x000000008d85b300) 
thrown [s\src\hotspot\share\prims\jni.cpp, line 516]
Event: 51.237 Thread 0x0000021386e5a8a0 Exception <a 'sun/nio/fs/WindowsException'{0x000000008d255208}> (0x000000008d255208) 
thrown [s\src\hotspot\share\prims\jni.cpp, line 516]
Event: 51.312 Thread 0x0000021386e5adb0 Exception <a 'sun/nio/fs/WindowsException'{0x000000008d1327e8}> (0x000000008d1327e8) 
thrown [s\src\hotspot\share\prims\jni.cpp, line 516]
Event: 51.315 Thread 0x0000021386e5adb0 Exception <a 'java/lang/NoSuchMethodError'{0x000000008d151e68}: static Lcom/android/build/api/variant/BuildConfigField;.<clinit>()V> (0x000000008d151e68) 
thrown [s\src\hotspot\share\prims\jni.cpp, line 1112]
Event: 51.478 Thread 0x0000021386e5adb0 Exception <a 'sun/nio/fs/WindowsException'{0x000000008cd4d400}> (0x000000008cd4d400) 
thrown [s\src\hotspot\share\prims\jni.cpp, line 516]

VM Operations (20 events):
Event: 43.943 Executing VM operation: Cleanup
Event: 43.944 Executing VM operation: Cleanup done
Event: 44.945 Executing VM operation: Cleanup
Event: 44.945 Executing VM operation: Cleanup done
Event: 45.129 Executing VM operation: G1CollectForAllocation
Event: 45.140 Executing VM operation: G1CollectForAllocation done
Event: 45.938 Executing VM operation: G1CollectForAllocation
Event: 45.949 Executing VM operation: G1CollectForAllocation done
Event: 47.949 Executing VM operation: Cleanup
Event: 47.949 Executing VM operation: Cleanup done
Event: 48.731 Executing VM operation: G1CollectForAllocation
Event: 48.734 Executing VM operation: G1CollectForAllocation done
Event: 49.742 Executing VM operation: Cleanup
Event: 49.742 Executing VM operation: Cleanup done
Event: 51.321 Executing VM operation: HandshakeAllThreads
Event: 51.321 Executing VM operation: HandshakeAllThreads done
Event: 51.321 Executing VM operation: Cleanup
Event: 51.321 Executing VM operation: Cleanup done
Event: 52.322 Executing VM operation: Cleanup
Event: 52.322 Executing VM operation: Cleanup done

Events (20 events):
Event: 42.234 Thread 0x00000213e248e090 flushing nmethod 0x00000213cd96a590
Event: 42.234 Thread 0x00000213e248e090 flushing nmethod 0x00000213cd98de90
Event: 42.234 Thread 0x00000213e248e090 flushing nmethod 0x00000213cd99f210
Event: 42.234 Thread 0x00000213e248e090 flushing nmethod 0x00000213cd9a1010
Event: 42.234 Thread 0x00000213e248e090 flushing nmethod 0x00000213cd9a4110
Event: 42.234 Thread 0x00000213e248e090 flushing nmethod 0x00000213cd9aba90
Event: 42.234 Thread 0x00000213e248e090 flushing nmethod 0x00000213cd9b3690
Event: 42.234 Thread 0x00000213e248e090 flushing nmethod 0x00000213cd9b5290
Event: 42.234 Thread 0x00000213e248e090 flushing nmethod 0x00000213cd9b5710
Event: 42.234 Thread 0x00000213e248e090 flushing nmethod 0x00000213cd9b6010
Event: 42.234 Thread 0x00000213e248e090 flushing nmethod 0x00000213cd9b8a10
Event: 42.234 Thread 0x00000213e248e090 flushing nmethod 0x00000213cd9b9810
Event: 42.234 Thread 0x00000213e248e090 flushing nmethod 0x00000213cd9c8590
Event: 42.234 Thread 0x00000213e248e090 flushing nmethod 0x00000213cd9c8a90
Event: 42.234 Thread 0x00000213e248e090 flushing nmethod 0x00000213cd9c9810
Event: 42.234 Thread 0x00000213e248e090 flushing nmethod 0x00000213cd9c9e90
Event: 44.271 Thread 0x00000213844291f0 Thread exited: 0x00000213844291f0
Event: 51.194 Thread 0x0000021384adf0a0 Thread added: 0x0000021384adf0a0
Event: 51.708 Thread 0x00000213feab8590 Thread added: 0x00000213feab8590
Event: 52.119 Thread 0x00000213feab8590 Thread exited: 0x00000213feab8590


Dynamic libraries:
0x00007ff656a90000 - 0x00007ff656a9e000 	C:\Program Files\Microsoft\jdk-17.0.12.7-hotspot\bin\java.exe
0x00007fffbcc50000 - 0x00007fffbce48000 	C:\WINDOWS\SYSTEM32\ntdll.dll
0x00007fffbb140000 - 0x00007fffbb201000 	C:\WINDOWS\System32\KERNEL32.DLL
0x00007fffba980000 - 0x00007fffbac7d000 	C:\WINDOWS\System32\KERNELBASE.dll
0x00007fffba6c0000 - 0x00007fffba7c0000 	C:\WINDOWS\System32\ucrtbase.dll
0x00007fff9eaf0000 - 0x00007fff9eb07000 	C:\Program Files\Microsoft\jdk-17.0.12.7-hotspot\bin\jli.dll
0x00007fff9b990000 - 0x00007fff9b9ad000 	C:\Program Files\Microsoft\jdk-17.0.12.7-hotspot\bin\VCRUNTIME140.dll
0x00007fffbb750000 - 0x00007fffbb8ed000 	C:\WINDOWS\System32\USER32.dll
0x00007fffba900000 - 0x00007fffba922000 	C:\WINDOWS\System32\win32u.dll
0x00007fffbb590000 - 0x00007fffbb5bb000 	C:\WINDOWS\System32\GDI32.dll
0x00007fffb02d0000 - 0x00007fffb056a000 	C:\WINDOWS\WinSxS\amd64_microsoft.windows.common-controls_6595b64144ccf1df_6.0.19041.4355_none_60b8b9eb71f62e16\COMCTL32.dll
0x00007fffba4d0000 - 0x00007fffba5e7000 	C:\WINDOWS\System32\gdi32full.dll
0x00007fffba5f0000 - 0x00007fffba68d000 	C:\WINDOWS\System32\msvcp_win.dll
0x00007fffbb210000 - 0x00007fffbb2ae000 	C:\WINDOWS\System32\msvcrt.dll
0x00007fffbb110000 - 0x00007fffbb13f000 	C:\WINDOWS\System32\IMM32.DLL
0x00007fffad8a0000 - 0x00007fffad8ac000 	C:\Program Files\Microsoft\jdk-17.0.12.7-hotspot\bin\vcruntime140_1.dll
0x00007fff92cd0000 - 0x00007fff92d5d000 	C:\Program Files\Microsoft\jdk-17.0.12.7-hotspot\bin\msvcp140.dll
0x00007fff3a460000 - 0x00007fff3b0d0000 	C:\Program Files\Microsoft\jdk-17.0.12.7-hotspot\bin\server\jvm.dll
0x00007fffbcb60000 - 0x00007fffbcc10000 	C:\WINDOWS\System32\ADVAPI32.dll
0x00007fffbb5c0000 - 0x00007fffbb660000 	C:\WINDOWS\System32\sechost.dll
0x00007fffbad40000 - 0x00007fffbae63000 	C:\WINDOWS\System32\RPCRT4.dll
0x00007fffba690000 - 0x00007fffba6b7000 	C:\WINDOWS\System32\bcrypt.dll
0x00007fffbc240000 - 0x00007fffbc2ab000 	C:\WINDOWS\System32\WS2_32.dll
0x00007fffba160000 - 0x00007fffba1ab000 	C:\WINDOWS\SYSTEM32\POWRPROF.dll
0x00007fffa96f0000 - 0x00007fffa9717000 	C:\WINDOWS\SYSTEM32\WINMM.dll
0x00007fffb1500000 - 0x00007fffb150a000 	C:\WINDOWS\SYSTEM32\VERSION.dll
0x00007fffba140000 - 0x00007fffba152000 	C:\WINDOWS\SYSTEM32\UMPDC.dll
0x00007fffb8160000 - 0x00007fffb8172000 	C:\WINDOWS\SYSTEM32\kernel.appcore.dll
0x00007fff9eff0000 - 0x00007fff9effa000 	C:\Program Files\Microsoft\jdk-17.0.12.7-hotspot\bin\jimage.dll
0x00007fffa9fa0000 - 0x00007fffaa184000 	C:\WINDOWS\SYSTEM32\DBGHELP.DLL
0x00007fffa8de0000 - 0x00007fffa8e14000 	C:\WINDOWS\SYSTEM32\dbgcore.DLL
0x00007fffba870000 - 0x00007fffba8f2000 	C:\WINDOWS\System32\bcryptPrimitives.dll
0x00007fff9ee10000 - 0x00007fff9ee1e000 	C:\Program Files\Microsoft\jdk-17.0.12.7-hotspot\bin\instrument.dll
0x00007fff97d00000 - 0x00007fff97d25000 	C:\Program Files\Microsoft\jdk-17.0.12.7-hotspot\bin\java.dll
0x00007fff91440000 - 0x00007fff91517000 	C:\Program Files\Microsoft\jdk-17.0.12.7-hotspot\bin\jsvml.dll
0x00007fffbc2b0000 - 0x00007fffbca1f000 	C:\WINDOWS\System32\SHELL32.dll
0x00007fffb8360000 - 0x00007fffb8b03000 	C:\WINDOWS\SYSTEM32\windows.storage.dll
0x00007fffbb9c0000 - 0x00007fffbbd13000 	C:\WINDOWS\System32\combase.dll
0x00007fffb9b80000 - 0x00007fffb9bae000 	C:\WINDOWS\SYSTEM32\Wldp.dll
0x00007fffbae70000 - 0x00007fffbaf3d000 	C:\WINDOWS\System32\OLEAUT32.dll
0x00007fffbbd20000 - 0x00007fffbbdcd000 	C:\WINDOWS\System32\SHCORE.dll
0x00007fffbace0000 - 0x00007fffbad35000 	C:\WINDOWS\System32\shlwapi.dll
0x00007fffba230000 - 0x00007fffba254000 	C:\WINDOWS\SYSTEM32\profapi.dll
0x00007fff9b0c0000 - 0x00007fff9b0d8000 	C:\Program Files\Microsoft\jdk-17.0.12.7-hotspot\bin\zip.dll
0x00007fff98da0000 - 0x00007fff98dba000 	C:\Program Files\Microsoft\jdk-17.0.12.7-hotspot\bin\net.dll
0x00007fffb4ce0000 - 0x00007fffb4ded000 	C:\WINDOWS\SYSTEM32\WINHTTP.dll
0x00007fffb9960000 - 0x00007fffb99ca000 	C:\WINDOWS\system32\mswsock.dll
0x00007fff98a40000 - 0x00007fff98a56000 	C:\Program Files\Microsoft\jdk-17.0.12.7-hotspot\bin\nio.dll
0x00007fff9e750000 - 0x00007fff9e760000 	C:\Program Files\Microsoft\jdk-17.0.12.7-hotspot\bin\verify.dll
0x00007fff9af10000 - 0x00007fff9af37000 	C:\Users\lenovo\.gradle\native\c067742578af261105cb4f569cf0c3c89f3d7b1fecec35dd04571415982c5e48\windows-amd64\native-platform.dll
0x00007fff84720000 - 0x00007fff84864000 	C:\Users\lenovo\.gradle\native\100fb08df4bc3b14c8652ba06237920a3bd2aa13389f12d3474272988ae205f9\windows-amd64\native-platform-file-events.dll
0x00007fff9e430000 - 0x00007fff9e43a000 	C:\Program Files\Microsoft\jdk-17.0.12.7-hotspot\bin\management.dll
0x00007fff9e2c0000 - 0x00007fff9e2cb000 	C:\Program Files\Microsoft\jdk-17.0.12.7-hotspot\bin\management_ext.dll
0x00007fffbb9b0000 - 0x00007fffbb9b8000 	C:\WINDOWS\System32\PSAPI.DLL
0x00007fffb9c30000 - 0x00007fffb9c48000 	C:\WINDOWS\SYSTEM32\CRYPTSP.dll
0x00007fffb92a0000 - 0x00007fffb92d4000 	C:\WINDOWS\system32\rsaenh.dll
0x00007fffba1b0000 - 0x00007fffba1de000 	C:\WINDOWS\SYSTEM32\USERENV.dll
0x00007fffb9af0000 - 0x00007fffb9afc000 	C:\WINDOWS\SYSTEM32\CRYPTBASE.dll
0x00007fffb9660000 - 0x00007fffb969b000 	C:\WINDOWS\SYSTEM32\IPHLPAPI.DLL
0x00007fffbb8f0000 - 0x00007fffbb8f8000 	C:\WINDOWS\System32\NSI.dll
0x00007fffb3d10000 - 0x00007fffb3d27000 	C:\WINDOWS\SYSTEM32\dhcpcsvc6.DLL
0x00007fffb3cf0000 - 0x00007fffb3d0d000 	C:\WINDOWS\SYSTEM32\dhcpcsvc.DLL
0x00007fffb96f0000 - 0x00007fffb97ba000 	C:\WINDOWS\SYSTEM32\DNSAPI.dll
0x00007fff9e240000 - 0x00007fff9e249000 	C:\Program Files\Microsoft\jdk-17.0.12.7-hotspot\bin\extnet.dll
0x00007fff9da90000 - 0x00007fff9da9e000 	C:\Program Files\Microsoft\jdk-17.0.12.7-hotspot\bin\sunmscapi.dll
0x00007fffba300000 - 0x00007fffba45c000 	C:\WINDOWS\System32\CRYPT32.dll
0x00007fffb9c00000 - 0x00007fffb9c29000 	C:\WINDOWS\SYSTEM32\ncrypt.dll
0x00007fffb9bb0000 - 0x00007fffb9beb000 	C:\WINDOWS\SYSTEM32\NTASN1.dll
0x00007fff9f810000 - 0x00007fff9f817000 	C:\WINDOWS\system32\wshunix.dll
0x00007fffa5c80000 - 0x00007fffa5c97000 	C:\WINDOWS\system32\napinsp.dll
0x00007fffa5c10000 - 0x00007fffa5c2b000 	C:\WINDOWS\system32\pnrpnsp.dll
0x00007fffa5a20000 - 0x00007fffa5a35000 	C:\WINDOWS\system32\wshbth.dll
0x00007fffb6340000 - 0x00007fffb635d000 	C:\WINDOWS\system32\NLAapi.dll
0x00007fffa5a00000 - 0x00007fffa5a12000 	C:\WINDOWS\System32\winrnr.dll
0x00007fffaf5c0000 - 0x00007fffaf5ca000 	C:\Windows\System32\rasadhlp.dll
0x00007fffb46b0000 - 0x00007fffb4730000 	C:\WINDOWS\System32\fwpuclnt.dll

dbghelp: loaded successfully - version: 4.0.5 - missing functions: none
symbol engine: initialized successfully - sym options: 0x614 - pdb path: .;C:\Program Files\Microsoft\jdk-17.0.12.7-hotspot\bin;C:\WINDOWS\SYSTEM32;C:\WINDOWS\WinSxS\amd64_microsoft.windows.common-controls_6595b64144ccf1df_6.0.19041.4355_none_60b8b9eb71f62e16;C:\Program Files\Microsoft\jdk-17.0.12.7-hotspot\bin\server;C:\Users\lenovo\.gradle\native\c067742578af261105cb4f569cf0c3c89f3d7b1fecec35dd04571415982c5e48\windows-amd64;C:\Users\lenovo\.gradle\native\100fb08df4bc3b14c8652ba06237920a3bd2aa13389f12d3474272988ae205f9\windows-amd64

VM Arguments:
jvm_args: -XX:MaxMetaspaceSize=512m --add-opens=java.base/java.util=ALL-UNNAMED --add-opens=java.base/java.lang=ALL-UNNAMED --add-opens=java.base/java.lang.invoke=ALL-UNNAMED --add-opens=java.prefs/java.util.prefs=ALL-UNNAMED --add-opens=java.base/java.nio.charset=ALL-UNNAMED --add-opens=java.base/java.net=ALL-UNNAMED --add-opens=java.base/java.util.concurrent.atomic=ALL-UNNAMED -Xmx2048m -Dfile.encoding=windows-1252 -Duser.country=US -Duser.language=en -Duser.variant -javaagent:C:\Users\lenovo\.gradle\wrapper\dists\gradle-8.8-all\6gdy1pgp427xkqcjbxw3ylt6h\gradle-8.8\lib\agents\gradle-instrumentation-agent-8.8.jar 
java_command: org.gradle.launcher.daemon.bootstrap.GradleDaemon 8.8
java_class_path (initial): C:\Users\lenovo\.gradle\wrapper\dists\gradle-8.8-all\6gdy1pgp427xkqcjbxw3ylt6h\gradle-8.8\lib\gradle-launcher-8.8.jar
Launcher Type: SUN_STANDARD

[Global flags]
     intx CICompilerCount                          = 3                                         {product} {ergonomic}
   size_t CompressedClassSpaceSize                 = 436207616                                 {product} {ergonomic}
     uint ConcGCThreads                            = 1                                         {product} {ergonomic}
     uint G1ConcRefinementThreads                  = 4                                         {product} {ergonomic}
   size_t G1HeapRegionSize                         = 1048576                                   {product} {ergonomic}
    uintx GCDrainStackTargetSize                   = 64                                        {product} {ergonomic}
   size_t InitialHeapSize                          = 266338304                                 {product} {ergonomic}
   size_t MarkStackSize                            = 4194304                                   {product} {ergonomic}
   size_t MaxHeapSize                              = 2147483648                                {product} {command line}
   size_t MaxMetaspaceSize                         = 536870912                                 {product} {command line}
   size_t MaxNewSize                               = 1287651328                                {product} {ergonomic}
   size_t MinHeapDeltaBytes                        = 1048576                                   {product} {ergonomic}
   size_t MinHeapSize                              = 8388608                                   {product} {ergonomic}
    uintx NonNMethodCodeHeapSize                   = 5832780                                {pd product} {ergonomic}
    uintx NonProfiledCodeHeapSize                  = 122912730                              {pd product} {ergonomic}
    uintx ProfiledCodeHeapSize                     = 122912730                              {pd product} {ergonomic}
    uintx ReservedCodeCacheSize                    = 251658240                              {pd product} {ergonomic}
     bool SegmentedCodeCache                       = true                                      {product} {ergonomic}
   size_t SoftMaxHeapSize                          = 2147483648                             {manageable} {ergonomic}
     bool UseCompressedClassPointers               = true                           {product lp64_product} {ergonomic}
     bool UseCompressedOops                        = true                           {product lp64_product} {ergonomic}
     bool UseG1GC                                  = true                                      {product} {ergonomic}
     bool UseLargePagesIndividualAllocation        = false                                  {pd product} {ergonomic}

Logging:
Log output configuration:
 #0: stdout all=warning uptime,level,tags
 #1: stderr all=off uptime,level,tags

Environment Variables:
JAVA_HOME=C:\Program Files\Microsoft\jdk-17.0.12.7-hotspot\
CLASSPATH=E:\Projects\React-native\Teams\android\\gradle\wrapper\gradle-wrapper.jar
PATH=E:\Projects\React-native\Teams\node_modules\.bin;E:\Projects\React-native\Teams\node_modules\.bin;E:\Projects\React-native\node_modules\.bin;E:\Projects\node_modules\.bin;E:\node_modules\.bin;C:\Users\lenovo\AppData\Roaming\npm\node_modules\npm\node_modules\@npmcli\run-script\lib\node-gyp-bin;E:\Projects\React-native\Teams\node_modules\.bin;E:\Projects\React-native\Teams\node_modules\.bin;E:\Projects\React-native\node_modules\.bin;E:\Projects\node_modules\.bin;E:\node_modules\.bin;C:\Users\lenovo\AppData\Roaming\npm\node_modules\npm\node_modules\@npmcli\run-script\lib\node-gyp-bin;C:\Program Files\Microsoft\jdk-17.0.12.7-hotspot\bin;C:\Program Files\Common Files\Oracle\Java\javapath;C:\WINDOWS\system32;C:\WINDOWS;C:\WINDOWS\System32\Wbem;C:\WINDOWS\System32\WindowsPowerShell\v1.0\;C:\WINDOWS\System32\OpenSSH\;E:\oracle\instantclient_18_3\;C:\Program Files\MongoDB\Server\4.2\bin;C:\Program Files\PostgreSQL\11\bin;C:\Program Files\Redis\;C:\Users\lenovo\AppData\Roaming\nvm;C:\Program Files\nodejs;C:\Users\lenovo\Downloads\oracle\instantclient_18_3;C:\Users\lenovo\Downloads\Visual-C-Runtimes-All-in-One-Jan-2020;C:\Program Files\MongoDB\Server\4.2\bin;C:\Program Files (x86)\Windows Kits\10\Windows Performance Toolkit\;C:\Users\lenovo\Downloads\gradle-8.4-all\gradle-8.4\bin;C:\Users\lenovo\Downloads\gradle-7.5.1-all\gradle-7.5.1\bin;C:\Program Files (x86)\Yarn\bin\;C:\Program Files\Java\jdk-21;C:\Program Files\Java\jdk-17;C:\Users\lenovo\AppData\Local\Android\Sdk\platform-tools;C:\Program Files\Git\cmd;;C:\ProgramData\chocolatey\bin;C:\Program Files\nodejs\;C:\Program Files\MySQL\MySQL Shell 8.0\bin\;C:\Users\lenovo\AppData\Local\Programs\Python\Python36\Scripts\;C:\Users\lenovo\AppData\Local\Programs\Python\Python36\;C:\Users\lenovo\AppData\Local\Microsoft\WindowsApps;C:\Users\lenovo\AppData\Local\Programs\Microsoft VS Code\bin;"C:\Program Files\Git\bin;C:\Program Files\Git\cmd";D:\mongodb-shell-win32-x86_64-2012plus-4.2.6\mongodb-win32-x86_64-2012plus-4.2.6\bin;C:\Us
USERNAME=Bharath
LANG=en_US.UTF-8
OS=Windows_NT
PROCESSOR_IDENTIFIER=Intel64 Family 6 Model 60 Stepping 3, GenuineIntel
TMP=C:\Users\lenovo\AppData\Local\Temp
TEMP=C:\Users\lenovo\AppData\Local\Temp



Periodic native trim disabled


---------------  S Y S T E M  ---------------

OS:
 Windows 10 , 64 bit Build 19041 (10.0.19041.4842)
OS uptime: 10 days 2:21 hours
Hyper-V role detected

CPU: total 4 (initial active 4) (4 cores per cpu, 1 threads per core) family 6 model 60 stepping 3 microcode 0x27, cx8, cmov, fxsr, mmx, sse, sse2, sse3, ssse3, sse4.1, sse4.2, popcnt, lzcnt, tsc, tscinvbit, avx, avx2, aes, erms, clmul, bmi1, bmi2, fma, vzeroupper, clflush, hv
Processor Information for the first 4 processors :
  Max Mhz: 3001, Current Mhz: 3001, Mhz Limit: 3001

Memory: 4k page, system-wide physical 16178M (829M free)
TotalPageFile size 22066M (AvailPageFile size 2M)
current process WorkingSet (physical memory assigned to process): 505M, peak: 530M
current process commit charge ("private bytes"): 543M, peak: 568M

vm_info: OpenJDK 64-Bit Server VM (17.0.12+7-LTS) for windows-amd64 JRE (17.0.12+7-LTS), built on Jul 16 2024 18:11:44 by "MicrosoftCorporation" with unknown MS VC++:1939

END.
