#
# There is insufficient memory for the Java Runtime Environment to continue.
# Native memory allocation (malloc) failed to allocate 212256 bytes. Error detail: Chunk::new
# Possible reasons:
#   The system is out of physical RAM or swap space
#   This process is running with CompressedOops enabled, and the Java Heap may be blocking the growth of the native heap
# Possible solutions:
#   Reduce memory load on the system
#   Increase physical memory or swap space
#   Check if swap backing store is full
#   Decrease Java heap size (-Xmx/-Xms)
#   Decrease number of Java threads
#   Decrease Java thread stack sizes (-Xss)
#   Set larger code cache with -XX:ReservedCodeCacheSize=
#   JVM is running with Unscaled Compressed Oops mode in which the Java heap is
#     placed in the first 4GB address space. The Java Heap base address is the
#     maximum limit for the native heap growth. Please use -XX:HeapBaseMinAddress
#     to set the Java Heap base and to place the Java Heap above 4GB virtual address.
# This output file may be truncated or incomplete.
#
#  Out of Memory Error (arena.cpp:191), pid=16524, tid=6648
#
# JRE version: OpenJDK Runtime Environment Microsoft-9889599 (17.0.12+7) (build 17.0.12+7-LTS)
# Java VM: OpenJDK 64-Bit Server VM Microsoft-9889599 (17.0.12+7-LTS, mixed mode, sharing, tiered, compressed oops, compressed class ptrs, g1 gc, windows-amd64)
# No core dump will be written. Minidumps are not enabled by default on client versions of Windows
#

---------------  S U M M A R Y ------------

Command Line: -Xmx64m -Xms64m -Dorg.gradle.appname=gradlew org.gradle.wrapper.GradleWrapperMain app:installDebug -PreactNativeDevServerPort=8081

Host: Intel(R) Core(TM) i5-4590S CPU @ 3.00GHz, 4 cores, 15G,  Windows 10 , 64 bit Build 19041 (10.0.19041.4842)
Time: Thu Oct  3 11:53:56 2024 India Standard Time elapsed time: 54.769415 seconds (0d 0h 0m 54s)

---------------  T H R E A D  ---------------

Current thread (0x0000020c4b5e5a40):  JavaThread "C2 CompilerThread0" daemon [_thread_in_native, id=6648, stack(0x0000001149400000,0x0000001149500000)]


Current CompileTask:
C2:  54769 1709 % !   4       java.io.BufferedReader::readLine @ 139 (327 bytes)

Stack: [0x0000001149400000,0x0000001149500000]
Native frames: (J=compiled Java code, j=interpreted, Vv=VM code, C=native code)
V  [jvm.dll+0x686d99]
V  [jvm.dll+0x83daf8]
V  [jvm.dll+0x83f5a3]
V  [jvm.dll+0x83fc13]
V  [jvm.dll+0x2492ef]
V  [jvm.dll+0xad0a4]
V  [jvm.dll+0xad73c]
V  [jvm.dll+0x2b09af]
V  [jvm.dll+0x58d829]
V  [jvm.dll+0x223592]
V  [jvm.dll+0x21c334]
V  [jvm.dll+0x21986b]
V  [jvm.dll+0x1a53e6]
V  [jvm.dll+0x229faa]
V  [jvm.dll+0x2280fb]
V  [jvm.dll+0x7f3508]
V  [jvm.dll+0x7ed87c]
V  [jvm.dll+0x685c77]
C  [ucrtbase.dll+0x21bb2]
C  [KERNEL32.DLL+0x17374]
C  [ntdll.dll+0x4cc91]


---------------  P R O C E S S  ---------------

Threads class SMR info:
_java_thread_list=0x0000020c9130acd0, length=14, elements={
0x0000020c32462790, 0x0000020c4b5bf860, 0x0000020c4b5c06e0, 0x0000020c4b5d3ad0,
0x0000020c4b5d4860, 0x0000020c4b5d9350, 0x0000020c4b5da4b0, 0x0000020c4b5e5a40,
0x0000020c4b5eced0, 0x0000020c4b5efd60, 0x0000020c4b721c40, 0x0000020c4b724df0,
0x0000020c91471e90, 0x0000020c91c86670
}

Java Threads: ( => current thread )
  0x0000020c32462790 JavaThread "main" [_thread_blocked, id=22904, stack(0x0000001148700000,0x0000001148800000)]
  0x0000020c4b5bf860 JavaThread "Reference Handler" daemon [_thread_blocked, id=14424, stack(0x0000001148e00000,0x0000001148f00000)]
  0x0000020c4b5c06e0 JavaThread "Finalizer" daemon [_thread_blocked, id=8608, stack(0x0000001148f00000,0x0000001149000000)]
  0x0000020c4b5d3ad0 JavaThread "Signal Dispatcher" daemon [_thread_blocked, id=240, stack(0x0000001149000000,0x0000001149100000)]
  0x0000020c4b5d4860 JavaThread "Attach Listener" daemon [_thread_blocked, id=17928, stack(0x0000001149100000,0x0000001149200000)]
  0x0000020c4b5d9350 JavaThread "Service Thread" daemon [_thread_blocked, id=17152, stack(0x0000001149200000,0x0000001149300000)]
  0x0000020c4b5da4b0 JavaThread "Monitor Deflation Thread" daemon [_thread_blocked, id=13040, stack(0x0000001149300000,0x0000001149400000)]
=>0x0000020c4b5e5a40 JavaThread "C2 CompilerThread0" daemon [_thread_in_native, id=6648, stack(0x0000001149400000,0x0000001149500000)]
  0x0000020c4b5eced0 JavaThread "C1 CompilerThread0" daemon [_thread_in_vm, id=21652, stack(0x0000001149500000,0x0000001149600000)]
  0x0000020c4b5efd60 JavaThread "Sweeper thread" daemon [_thread_blocked, id=10660, stack(0x0000001149600000,0x0000001149700000)]
  0x0000020c4b721c40 JavaThread "Notification Thread" daemon [_thread_blocked, id=12672, stack(0x0000001149700000,0x0000001149800000)]
  0x0000020c4b724df0 JavaThread "Common-Cleaner" daemon [_thread_blocked, id=21848, stack(0x0000001149900000,0x0000001149a00000)]
  0x0000020c91471e90 JavaThread "pool-1-thread-1" [_thread_blocked, id=18268, stack(0x0000001149e00000,0x0000001149f00000)]
  0x0000020c91c86670 JavaThread "DisconnectableInputStream source reader" daemon [_thread_in_native, id=13120, stack(0x000000114a000000,0x000000114a100000)]

Other Threads:
  0x0000020c4b5b9be0 VMThread "VM Thread" [stack: 0x0000001148d00000,0x0000001148e00000] [id=9416] _threads_hazard_ptr=0x0000020c9130acd0
  0x0000020c4b724130 WatcherThread [stack: 0x0000001149800000,0x0000001149900000] [id=21128]
  0x0000020c3247fa10 GCTaskThread "GC Thread#0" [stack: 0x0000001148800000,0x0000001148900000] [id=16860]
  0x0000020c4b8ea730 GCTaskThread "GC Thread#1" [stack: 0x0000001149a00000,0x0000001149b00000] [id=19044]
  0x0000020c4bacec30 GCTaskThread "GC Thread#2" [stack: 0x0000001149b00000,0x0000001149c00000] [id=21312]
  0x0000020c4b87cc60 GCTaskThread "GC Thread#3" [stack: 0x0000001149c00000,0x0000001149d00000] [id=12528]
  0x0000020c32481160 ConcurrentGCThread "G1 Main Marker" [stack: 0x0000001148900000,0x0000001148a00000] [id=19348]
  0x0000020c32481b80 ConcurrentGCThread "G1 Conc#0" [stack: 0x0000001148a00000,0x0000001148b00000] [id=1140]
  0x0000020c324cfc40 ConcurrentGCThread "G1 Refine#0" [stack: 0x0000001148b00000,0x0000001148c00000] [id=8160]
  0x0000020c324d0670 ConcurrentGCThread "G1 Service" [stack: 0x0000001148c00000,0x0000001148d00000] [id=18780]

Threads with active compile tasks:
C2 CompilerThread0    54818 1709 % !   4       java.io.BufferedReader::readLine @ 139 (327 bytes)
C1 CompilerThread0    54818 1721       3       java.nio.Buffer::<init> (105 bytes)

VM state: not at safepoint (normal execution)

VM Mutex/Monitor currently owned by a thread:  ([mutex/lock_event])
[0x0000020c324600e0] Metaspace_lock - owner thread: 0x0000020c4b5eced0
[0x0000020c32461250] Compile_lock - owner thread: 0x0000020c32462790
[0x0000020c32461370] MethodData_lock - owner thread: 0x0000020c4b5eced0

Heap address: 0x00000000fc000000, size: 64 MB, Compressed Oops mode: 32-bit

CDS archive(s) mapped at: [0x0000020c4c000000-0x0000020c4cbb0000-0x0000020c4cbb0000), size 12255232, SharedBaseAddress: 0x0000020c4c000000, ArchiveRelocationMode: 1.
Compressed class space mapped at: 0x0000020c4d000000-0x0000020c8d000000, reserved size: 1073741824
Narrow klass base: 0x0000020c4c000000, Narrow klass shift: 0, Narrow klass range: 0x100000000

GC Precious Log:
 CPUs: 4 total, 4 available
 Memory: 16178M
 Large Page Support: Disabled
 NUMA Support: Disabled
 Compressed Oops: Enabled (32-bit)
 Heap Region Size: 1M
 Heap Min Capacity: 64M
 Heap Initial Capacity: 64M
 Heap Max Capacity: 64M
 Pre-touch: Disabled
 Parallel Workers: 4
 Concurrent Workers: 1
 Concurrent Refinement Workers: 4
 Periodic GC: Disabled

Heap:
 garbage-first heap   total 65536K, used 33765K [0x00000000fc000000, 0x0000000100000000)
  region size 1024K, 26 young (26624K), 3 survivors (3072K)
 Metaspace       used 9858K, committed 10048K, reserved 1114112K
  class space    used 1303K, committed 1408K, reserved 1048576K

Heap Regions: E=young(eden), S=young(survivor), O=old, HS=humongous(starts), HC=humongous(continues), CS=collection set, F=free, OA=open archive, CA=closed archive, TAMS=top-at-mark-start (previous, next)
|   0|0x00000000fc000000, 0x00000000fc100000, 0x00000000fc100000|100%|HS|  |TAMS 0x00000000fc000000, 0x00000000fc000000| Complete 
|   1|0x00000000fc100000, 0x00000000fc200000, 0x00000000fc200000|100%|HC|  |TAMS 0x00000000fc100000, 0x00000000fc100000| Complete 
|   2|0x00000000fc200000, 0x00000000fc300000, 0x00000000fc300000|100%|HC|  |TAMS 0x00000000fc200000, 0x00000000fc200000| Complete 
|   3|0x00000000fc300000, 0x00000000fc400000, 0x00000000fc400000|100%|HC|  |TAMS 0x00000000fc300000, 0x00000000fc300000| Complete 
|   4|0x00000000fc400000, 0x00000000fc500000, 0x00000000fc500000|100%| O|  |TAMS 0x00000000fc400000, 0x00000000fc400000| Untracked 
|   5|0x00000000fc500000, 0x00000000fc600000, 0x00000000fc600000|100%| O|  |TAMS 0x00000000fc500000, 0x00000000fc500000| Untracked 
|   6|0x00000000fc600000, 0x00000000fc700000, 0x00000000fc700000|100%| O|  |TAMS 0x00000000fc600000, 0x00000000fc600000| Untracked 
|   7|0x00000000fc700000, 0x00000000fc7f9400, 0x00000000fc800000| 97%| O|  |TAMS 0x00000000fc700000, 0x00000000fc700000| Untracked 
|   8|0x00000000fc800000, 0x00000000fc800000, 0x00000000fc900000|  0%| F|  |TAMS 0x00000000fc800000, 0x00000000fc800000| Untracked 
|   9|0x00000000fc900000, 0x00000000fc900000, 0x00000000fca00000|  0%| F|  |TAMS 0x00000000fc900000, 0x00000000fc900000| Untracked 
|  10|0x00000000fca00000, 0x00000000fca00000, 0x00000000fcb00000|  0%| F|  |TAMS 0x00000000fca00000, 0x00000000fca00000| Untracked 
|  11|0x00000000fcb00000, 0x00000000fcb00000, 0x00000000fcc00000|  0%| F|  |TAMS 0x00000000fcb00000, 0x00000000fcb00000| Untracked 
|  12|0x00000000fcc00000, 0x00000000fcc00000, 0x00000000fcd00000|  0%| F|  |TAMS 0x00000000fcc00000, 0x00000000fcc00000| Untracked 
|  13|0x00000000fcd00000, 0x00000000fcd00000, 0x00000000fce00000|  0%| F|  |TAMS 0x00000000fcd00000, 0x00000000fcd00000| Untracked 
|  14|0x00000000fce00000, 0x00000000fce00000, 0x00000000fcf00000|  0%| F|  |TAMS 0x00000000fce00000, 0x00000000fce00000| Untracked 
|  15|0x00000000fcf00000, 0x00000000fcf00000, 0x00000000fd000000|  0%| F|  |TAMS 0x00000000fcf00000, 0x00000000fcf00000| Untracked 
|  16|0x00000000fd000000, 0x00000000fd000000, 0x00000000fd100000|  0%| F|  |TAMS 0x00000000fd000000, 0x00000000fd000000| Untracked 
|  17|0x00000000fd100000, 0x00000000fd100000, 0x00000000fd200000|  0%| F|  |TAMS 0x00000000fd100000, 0x00000000fd100000| Untracked 
|  18|0x00000000fd200000, 0x00000000fd200000, 0x00000000fd300000|  0%| F|  |TAMS 0x00000000fd200000, 0x00000000fd200000| Untracked 
|  19|0x00000000fd300000, 0x00000000fd300000, 0x00000000fd400000|  0%| F|  |TAMS 0x00000000fd300000, 0x00000000fd300000| Untracked 
|  20|0x00000000fd400000, 0x00000000fd400000, 0x00000000fd500000|  0%| F|  |TAMS 0x00000000fd400000, 0x00000000fd400000| Untracked 
|  21|0x00000000fd500000, 0x00000000fd500000, 0x00000000fd600000|  0%| F|  |TAMS 0x00000000fd500000, 0x00000000fd500000| Untracked 
|  22|0x00000000fd600000, 0x00000000fd600000, 0x00000000fd700000|  0%| F|  |TAMS 0x00000000fd600000, 0x00000000fd600000| Untracked 
|  23|0x00000000fd700000, 0x00000000fd700000, 0x00000000fd800000|  0%| F|  |TAMS 0x00000000fd700000, 0x00000000fd700000| Untracked 
|  24|0x00000000fd800000, 0x00000000fd800000, 0x00000000fd900000|  0%| F|  |TAMS 0x00000000fd800000, 0x00000000fd800000| Untracked 
|  25|0x00000000fd900000, 0x00000000fd900000, 0x00000000fda00000|  0%| F|  |TAMS 0x00000000fd900000, 0x00000000fd900000| Untracked 
|  26|0x00000000fda00000, 0x00000000fda00000, 0x00000000fdb00000|  0%| F|  |TAMS 0x00000000fda00000, 0x00000000fda00000| Untracked 
|  27|0x00000000fdb00000, 0x00000000fdb00000, 0x00000000fdc00000|  0%| F|  |TAMS 0x00000000fdb00000, 0x00000000fdb00000| Untracked 
|  28|0x00000000fdc00000, 0x00000000fdc00000, 0x00000000fdd00000|  0%| F|  |TAMS 0x00000000fdc00000, 0x00000000fdc00000| Untracked 
|  29|0x00000000fdd00000, 0x00000000fdd00000, 0x00000000fde00000|  0%| F|  |TAMS 0x00000000fdd00000, 0x00000000fdd00000| Untracked 
|  30|0x00000000fde00000, 0x00000000fde00000, 0x00000000fdf00000|  0%| F|  |TAMS 0x00000000fde00000, 0x00000000fde00000| Untracked 
|  31|0x00000000fdf00000, 0x00000000fdf00000, 0x00000000fe000000|  0%| F|  |TAMS 0x00000000fdf00000, 0x00000000fdf00000| Untracked 
|  32|0x00000000fe000000, 0x00000000fe000000, 0x00000000fe100000|  0%| F|  |TAMS 0x00000000fe000000, 0x00000000fe000000| Untracked 
|  33|0x00000000fe100000, 0x00000000fe100000, 0x00000000fe200000|  0%| F|  |TAMS 0x00000000fe100000, 0x00000000fe100000| Untracked 
|  34|0x00000000fe200000, 0x00000000fe200000, 0x00000000fe300000|  0%| F|  |TAMS 0x00000000fe200000, 0x00000000fe200000| Untracked 
|  35|0x00000000fe300000, 0x00000000fe300000, 0x00000000fe400000|  0%| F|  |TAMS 0x00000000fe300000, 0x00000000fe300000| Untracked 
|  36|0x00000000fe400000, 0x00000000fe400000, 0x00000000fe500000|  0%| F|  |TAMS 0x00000000fe400000, 0x00000000fe400000| Untracked 
|  37|0x00000000fe500000, 0x00000000fe500000, 0x00000000fe600000|  0%| F|  |TAMS 0x00000000fe500000, 0x00000000fe500000| Untracked 
|  38|0x00000000fe600000, 0x00000000fe680800, 0x00000000fe700000| 50%| E|  |TAMS 0x00000000fe600000, 0x00000000fe600000| Complete 
|  39|0x00000000fe700000, 0x00000000fe800000, 0x00000000fe800000|100%| E|CS|TAMS 0x00000000fe700000, 0x00000000fe700000| Complete 
|  40|0x00000000fe800000, 0x00000000fe900000, 0x00000000fe900000|100%| E|CS|TAMS 0x00000000fe800000, 0x00000000fe800000| Complete 
|  41|0x00000000fe900000, 0x00000000fea00000, 0x00000000fea00000|100%| E|CS|TAMS 0x00000000fe900000, 0x00000000fe900000| Complete 
|  42|0x00000000fea00000, 0x00000000feb00000, 0x00000000feb00000|100%| S|CS|TAMS 0x00000000fea00000, 0x00000000fea00000| Complete 
|  43|0x00000000feb00000, 0x00000000fec00000, 0x00000000fec00000|100%| S|CS|TAMS 0x00000000feb00000, 0x00000000feb00000| Complete 
|  44|0x00000000fec00000, 0x00000000fed00000, 0x00000000fed00000|100%| S|CS|TAMS 0x00000000fec00000, 0x00000000fec00000| Complete 
|  45|0x00000000fed00000, 0x00000000fee00000, 0x00000000fee00000|100%| E|CS|TAMS 0x00000000fed00000, 0x00000000fed00000| Complete 
|  46|0x00000000fee00000, 0x00000000fef00000, 0x00000000fef00000|100%| E|CS|TAMS 0x00000000fee00000, 0x00000000fee00000| Complete 
|  47|0x00000000fef00000, 0x00000000ff000000, 0x00000000ff000000|100%| E|CS|TAMS 0x00000000fef00000, 0x00000000fef00000| Complete 
|  48|0x00000000ff000000, 0x00000000ff100000, 0x00000000ff100000|100%| E|CS|TAMS 0x00000000ff000000, 0x00000000ff000000| Complete 
|  49|0x00000000ff100000, 0x00000000ff200000, 0x00000000ff200000|100%| E|CS|TAMS 0x00000000ff100000, 0x00000000ff100000| Complete 
|  50|0x00000000ff200000, 0x00000000ff300000, 0x00000000ff300000|100%| E|CS|TAMS 0x00000000ff200000, 0x00000000ff200000| Complete 
|  51|0x00000000ff300000, 0x00000000ff400000, 0x00000000ff400000|100%| E|CS|TAMS 0x00000000ff300000, 0x00000000ff300000| Complete 
|  52|0x00000000ff400000, 0x00000000ff500000, 0x00000000ff500000|100%| E|CS|TAMS 0x00000000ff400000, 0x00000000ff400000| Complete 
|  53|0x00000000ff500000, 0x00000000ff600000, 0x00000000ff600000|100%| E|CS|TAMS 0x00000000ff500000, 0x00000000ff500000| Complete 
|  54|0x00000000ff600000, 0x00000000ff700000, 0x00000000ff700000|100%| E|CS|TAMS 0x00000000ff600000, 0x00000000ff600000| Complete 
|  55|0x00000000ff700000, 0x00000000ff800000, 0x00000000ff800000|100%| E|CS|TAMS 0x00000000ff700000, 0x00000000ff700000| Complete 
|  56|0x00000000ff800000, 0x00000000ff900000, 0x00000000ff900000|100%| E|CS|TAMS 0x00000000ff800000, 0x00000000ff800000| Complete 
|  57|0x00000000ff900000, 0x00000000ffa00000, 0x00000000ffa00000|100%| E|CS|TAMS 0x00000000ff900000, 0x00000000ff900000| Complete 
|  58|0x00000000ffa00000, 0x00000000ffb00000, 0x00000000ffb00000|100%| E|CS|TAMS 0x00000000ffa00000, 0x00000000ffa00000| Complete 
|  59|0x00000000ffb00000, 0x00000000ffc00000, 0x00000000ffc00000|100%| E|CS|TAMS 0x00000000ffb00000, 0x00000000ffb00000| Complete 
|  60|0x00000000ffc00000, 0x00000000ffd00000, 0x00000000ffd00000|100%| E|CS|TAMS 0x00000000ffc00000, 0x00000000ffc00000| Complete 
|  61|0x00000000ffd00000, 0x00000000ffe00000, 0x00000000ffe00000|100%| E|CS|TAMS 0x00000000ffd00000, 0x00000000ffd00000| Complete 
|  62|0x00000000ffe00000, 0x00000000fff00000, 0x00000000fff00000|100%| E|CS|TAMS 0x00000000ffe00000, 0x00000000ffe00000| Complete 
|  63|0x00000000fff00000, 0x0000000100000000, 0x0000000100000000|100%| E|CS|TAMS 0x00000000fff00000, 0x00000000fff00000| Complete 

Card table byte_map: [0x0000020c32260000,0x0000020c32280000] _byte_map_base: 0x0000020c31a80000

Marking Bits (Prev, Next): (CMBitMap*) 0x0000020c32480030, (CMBitMap*) 0x0000020c32480070
 Prev Bits: [0x0000020c322a0000, 0x0000020c323a0000)
 Next Bits: [0x0000020c48f90000, 0x0000020c49090000)

Polling page: 0x0000020c30230000

Metaspace:

Usage:
  Non-class:      8.35 MB used.
      Class:      1.27 MB used.
       Both:      9.63 MB used.

Virtual space:
  Non-class space:       64.00 MB reserved,       8.44 MB ( 13%) committed,  1 nodes.
      Class space:        1.00 GB reserved,       1.38 MB ( <1%) committed,  1 nodes.
             Both:        1.06 GB reserved,       9.81 MB ( <1%) committed. 

Chunk freelists:
   Non-Class:  7.45 MB
       Class:  14.55 MB
        Both:  22.00 MB

MaxMetaspaceSize: unlimited
CompressedClassSpaceSize: 1.00 GB
Initial GC threshold: 21.00 MB
Current GC threshold: 21.00 MB
CDS: on
MetaspaceReclaimPolicy: balanced
 - commit_granule_bytes: 65536.
 - commit_granule_words: 8192.
 - virtual_space_node_default_size: 8388608.
 - enlarge_chunks_in_place: 1.
 - new_chunks_are_fully_committed: 0.
 - uncommit_free_chunks: 1.
 - use_allocation_guard: 0.
 - handle_deallocations: 1.


Internal statistics:

num_allocs_failed_limit: 0.
num_arena_births: 94.
num_arena_deaths: 0.
num_vsnodes_births: 2.
num_vsnodes_deaths: 0.
num_space_committed: 157.
num_space_uncommitted: 0.
num_chunks_returned_to_freelist: 0.
num_chunks_taken_from_freelist: 360.
num_chunk_merges: 0.
num_chunk_splits: 248.
num_chunks_enlarged: 198.
num_inconsistent_stats: 0.

CodeHeap 'non-profiled nmethods': size=120000Kb used=668Kb max_used=668Kb free=119331Kb
 bounds [0x0000020c41a60000, 0x0000020c41cd0000, 0x0000020c48f90000]
CodeHeap 'profiled nmethods': size=120000Kb used=3379Kb max_used=3379Kb free=116620Kb
 bounds [0x0000020c39f90000, 0x0000020c3a2e0000, 0x0000020c414c0000]
CodeHeap 'non-nmethods': size=5760Kb used=1179Kb max_used=1196Kb free=4581Kb
 bounds [0x0000020c414c0000, 0x0000020c41730000, 0x0000020c41a60000]
 total_blobs=2193 nmethods=1717 adapters=389
 compilation: enabled
              stopped_count=0, restarted_count=0
 full_count=0

Compilation events (20 events):
Event: 54.575 Thread 0x0000020c4b5e5a40 nmethod 1703 0x0000020c41b05d90 code [0x0000020c41b05f20, 0x0000020c41b06238]
Event: 54.762 Thread 0x0000020c4b5eced0 1704       3       java.nio.CharBuffer::position (8 bytes)
Event: 54.762 Thread 0x0000020c4b5eced0 nmethod 1704 0x0000020c3a2d7e90 code [0x0000020c3a2d8020, 0x0000020c3a2d8168]
Event: 54.762 Thread 0x0000020c4b5eced0 1705       3       java.nio.CharBuffer::position (6 bytes)
Event: 54.762 Thread 0x0000020c4b5eced0 nmethod 1705 0x0000020c3a2d8210 code [0x0000020c3a2d83c0, 0x0000020c3a2d8568]
Event: 54.762 Thread 0x0000020c4b5eced0 1706       3       java.nio.ByteBuffer::array (35 bytes)
Event: 54.762 Thread 0x0000020c4b5eced0 nmethod 1706 0x0000020c3a2d8610 code [0x0000020c3a2d87e0, 0x0000020c3a2d8ab8]
Event: 54.762 Thread 0x0000020c4b5eced0 1708       3       java.util.LinkedList::checkPositionIndex (22 bytes)
Event: 54.763 Thread 0x0000020c4b5e5a40 1709 % !   4       java.io.BufferedReader::readLine @ 139 (327 bytes)
Event: 54.763 Thread 0x0000020c4b5eced0 nmethod 1708 0x0000020c3a2d8c10 code [0x0000020c3a2d8e60, 0x0000020c3a2d95c8]
Event: 54.763 Thread 0x0000020c4b5eced0 1710       3       java.lang.AbstractStringBuilder::isLatin1 (19 bytes)
Event: 54.763 Thread 0x0000020c4b5eced0 nmethod 1710 0x0000020c3a2d9910 code [0x0000020c3a2d9aa0, 0x0000020c3a2d9c18]
Event: 54.763 Thread 0x0000020c4b5eced0 1707       1       java.util.LinkedList::size (5 bytes)
Event: 54.763 Thread 0x0000020c4b5eced0 nmethod 1707 0x0000020c41b06490 code [0x0000020c41b06620, 0x0000020c41b066f8]
Event: 54.764 Thread 0x0000020c4b5eced0 1711       1       jdk.internal.org.objectweb.asm.SymbolTable::getConstantPoolCount (5 bytes)
Event: 54.764 Thread 0x0000020c4b5eced0 nmethod 1711 0x0000020c41b06790 code [0x0000020c41b06920, 0x0000020c41b069f8]
Event: 54.765 Thread 0x0000020c4b5eced0 1712       3       java.lang.invoke.MethodHandleNatives::findMethodHandleType (7 bytes)
Event: 54.765 Thread 0x0000020c4b5eced0 nmethod 1712 0x0000020c3a2d9c90 code [0x0000020c3a2d9e20, 0x0000020c3a2d9f48]
Event: 54.765 Thread 0x0000020c4b5eced0 1714       3       java.lang.Class::newReflectionData (66 bytes)
Event: 54.766 Thread 0x0000020c4b5eced0 nmethod 1714 0x0000020c3a2da010 code [0x0000020c3a2da220, 0x0000020c3a2dab38]

GC Heap History (4 events):
Event: 0.351 GC heap before
{Heap before GC invocations=0 (full 0):
 garbage-first heap   total 65536K, used 12288K [0x00000000fc000000, 0x0000000100000000)
  region size 1024K, 13 young (13312K), 0 survivors (0K)
 Metaspace       used 1647K, committed 1792K, reserved 1114112K
  class space    used 154K, committed 192K, reserved 1048576K
}
Event: 0.354 GC heap after
{Heap after GC invocations=1 (full 0):
 garbage-first heap   total 65536K, used 1952K [0x00000000fc000000, 0x0000000100000000)
  region size 1024K, 2 young (2048K), 2 survivors (2048K)
 Metaspace       used 1647K, committed 1792K, reserved 1114112K
  class space    used 154K, committed 192K, reserved 1048576K
}
Event: 0.716 GC heap before
{Heap before GC invocations=1 (full 0):
 garbage-first heap   total 65536K, used 23456K [0x00000000fc000000, 0x0000000100000000)
  region size 1024K, 19 young (19456K), 2 survivors (2048K)
 Metaspace       used 4469K, committed 4672K, reserved 1114112K
  class space    used 583K, committed 704K, reserved 1048576K
}
Event: 0.720 GC heap after
{Heap after GC invocations=2 (full 0):
 garbage-first heap   total 65536K, used 11237K [0x00000000fc000000, 0x0000000100000000)
  region size 1024K, 3 young (3072K), 3 survivors (3072K)
 Metaspace       used 4469K, committed 4672K, reserved 1114112K
  class space    used 583K, committed 704K, reserved 1048576K
}

Dll operation events (12 events):
Event: 0.006 Loaded shared library C:\Program Files\Microsoft\jdk-17.0.12.7-hotspot\bin\java.dll
Event: 0.022 Loaded shared library C:\Program Files\Microsoft\jdk-17.0.12.7-hotspot\bin\jsvml.dll
Event: 0.048 Loaded shared library C:\Program Files\Microsoft\jdk-17.0.12.7-hotspot\bin\net.dll
Event: 0.049 Loaded shared library C:\Program Files\Microsoft\jdk-17.0.12.7-hotspot\bin\nio.dll
Event: 0.051 Loaded shared library C:\Program Files\Microsoft\jdk-17.0.12.7-hotspot\bin\zip.dll
Event: 0.054 Loaded shared library C:\Program Files\Microsoft\jdk-17.0.12.7-hotspot\bin\verify.dll
Event: 0.359 Loaded shared library C:\Program Files\Microsoft\jdk-17.0.12.7-hotspot\bin\jimage.dll
Event: 0.691 Loaded shared library C:\Users\lenovo\.gradle\native\c067742578af261105cb4f569cf0c3c89f3d7b1fecec35dd04571415982c5e48\windows-amd64\native-platform.dll
Event: 0.831 Loaded shared library C:\Program Files\Microsoft\jdk-17.0.12.7-hotspot\bin\management.dll
Event: 0.833 Loaded shared library C:\Program Files\Microsoft\jdk-17.0.12.7-hotspot\bin\management_ext.dll
Event: 1.298 Loaded shared library C:\Program Files\Microsoft\jdk-17.0.12.7-hotspot\bin\extnet.dll
Event: 3.859 Loaded shared library C:\Program Files\Microsoft\jdk-17.0.12.7-hotspot\bin\sunmscapi.dll

Deoptimization events (20 events):
Event: 3.778 Thread 0x0000020c91b4c850 Uncommon trap: trap_request=0xffffffde fr.pc=0x0000020c41acbf3c relative=0x00000000000010fc
Event: 3.778 Thread 0x0000020c91b4c850 Uncommon trap: reason=class_check action=maybe_recompile pc=0x0000020c41acbf3c method=java.util.concurrent.ConcurrentHashMap.putVal(Ljava/lang/Object;Ljava/lang/Object;Z)Ljava/lang/Object; @ 242 c2
Event: 3.778 Thread 0x0000020c91b4c850 DEOPT PACKING pc=0x0000020c41acbf3c sp=0x000000114a1fe500
Event: 3.778 Thread 0x0000020c91b4c850 DEOPT UNPACKING pc=0x0000020c415169a3 sp=0x000000114a1fe470 mode 2
Event: 3.798 Thread 0x0000020c32462790 Uncommon trap: trap_request=0xffffff45 fr.pc=0x0000020c41a99f54 relative=0x0000000000000a34
Event: 3.798 Thread 0x0000020c32462790 Uncommon trap: reason=unstable_if action=reinterpret pc=0x0000020c41a99f54 method=java.util.HashMap.putVal(ILjava/lang/Object;Ljava/lang/Object;ZZ)Ljava/lang/Object; @ 162 c2
Event: 3.798 Thread 0x0000020c32462790 DEOPT PACKING pc=0x0000020c41a99f54 sp=0x00000011487fa640
Event: 3.798 Thread 0x0000020c32462790 DEOPT UNPACKING pc=0x0000020c415169a3 sp=0x00000011487fa578 mode 2
Event: 3.916 Thread 0x0000020c32462790 Uncommon trap: trap_request=0xffffff45 fr.pc=0x0000020c41aba974 relative=0x0000000000000414
Event: 3.916 Thread 0x0000020c32462790 Uncommon trap: reason=unstable_if action=reinterpret pc=0x0000020c41aba974 method=java.util.regex.Matcher.match(II)Z @ 76 c2
Event: 3.916 Thread 0x0000020c32462790 DEOPT PACKING pc=0x0000020c41aba974 sp=0x00000011487fb860
Event: 3.916 Thread 0x0000020c32462790 DEOPT UNPACKING pc=0x0000020c415169a3 sp=0x00000011487fb818 mode 2
Event: 54.760 Thread 0x0000020c32462790 Uncommon trap: trap_request=0xffffff45 fr.pc=0x0000020c41b04074 relative=0x0000000000000154
Event: 54.760 Thread 0x0000020c32462790 Uncommon trap: reason=unstable_if action=reinterpret pc=0x0000020c41b04074 method=com.esotericsoftware.kryo.io.Input.require(I)I @ 180 c2
Event: 54.760 Thread 0x0000020c32462790 DEOPT PACKING pc=0x0000020c41b04074 sp=0x00000011487fc5d0
Event: 54.760 Thread 0x0000020c32462790 DEOPT UNPACKING pc=0x0000020c415169a3 sp=0x00000011487fc578 mode 2
Event: 54.764 Thread 0x0000020c32462790 Uncommon trap: trap_request=0xffffffc6 fr.pc=0x0000020c41acf6a8 relative=0x0000000000000548
Event: 54.764 Thread 0x0000020c32462790 Uncommon trap: reason=bimorphic_or_optimized_type_check action=maybe_recompile pc=0x0000020c41acf6a8 method=java.util.concurrent.ConcurrentHashMap.get(Ljava/lang/Object;)Ljava/lang/Object; @ 149 c2
Event: 54.764 Thread 0x0000020c32462790 DEOPT PACKING pc=0x0000020c41acf6a8 sp=0x00000011487fba00
Event: 54.764 Thread 0x0000020c32462790 DEOPT UNPACKING pc=0x0000020c415169a3 sp=0x00000011487fb9a0 mode 2

Classes loaded (20 events):
Event: 10.327 Loading class jdk/internal/reflect/ByteVector
Event: 10.327 Loading class jdk/internal/reflect/ByteVector done
Event: 10.328 Loading class jdk/internal/reflect/ByteVectorImpl done
Event: 10.328 Loading class jdk/internal/reflect/ClassFileAssembler
Event: 10.328 Loading class jdk/internal/reflect/ClassFileAssembler done
Event: 10.328 Loading class jdk/internal/reflect/UTF8
Event: 10.328 Loading class jdk/internal/reflect/UTF8 done
Event: 10.328 Loading class jdk/internal/reflect/Label
Event: 10.328 Loading class jdk/internal/reflect/Label done
Event: 10.328 Loading class jdk/internal/reflect/Label$PatchInfo
Event: 10.328 Loading class jdk/internal/reflect/Label$PatchInfo done
Event: 10.328 Loading class jdk/internal/reflect/MethodAccessorGenerator$1
Event: 10.329 Loading class jdk/internal/reflect/MethodAccessorGenerator$1 done
Event: 10.329 Loading class jdk/internal/reflect/ClassDefiner
Event: 10.329 Loading class jdk/internal/reflect/ClassDefiner done
Event: 10.329 Loading class jdk/internal/reflect/ClassDefiner$1
Event: 10.329 Loading class jdk/internal/reflect/ClassDefiner$1 done
Event: 54.759 Loading class sun/net/ConnectionResetException
Event: 54.759 Loading class sun/net/ConnectionResetException done
Event: 54.768 Loading class java/util/concurrent/ConcurrentLinkedQueue$Itr

Classes unloaded (0 events):
No events

Classes redefined (0 events):
No events

Internal exceptions (20 events):
Event: 0.674 Thread 0x0000020c32462790 Exception <a 'java/lang/NoSuchMethodError'{0x00000000feffaf50}: 'int java.lang.invoke.DirectMethodHandle$Holder.invokeSpecial(java.lang.Object, java.lang.Object, java.lang.Object)'> (0x00000000feffaf50) 
thrown [s\src\hotspot\share\interpreter\linkResolver.cpp, line 759]
Event: 0.677 Thread 0x0000020c32462790 Exception <a 'java/lang/NoSuchMethodError'{0x00000000fee0e530}: 'java.lang.Object java.lang.invoke.Invokers$Holder.invokeExact_MT(java.lang.Object, java.lang.Object, java.lang.Object, java.lang.Object)'> (0x00000000fee0e530) 
thrown [s\src\hotspot\share\interpreter\linkResolver.cpp, line 759]
Event: 0.802 Thread 0x0000020c32462790 Exception <a 'java/lang/NoSuchMethodError'{0x00000000ffcd6628}: 'void java.lang.invoke.DirectMethodHandle$Holder.invokeSpecial(java.lang.Object, java.lang.Object, java.lang.Object)'> (0x00000000ffcd6628) 
thrown [s\src\hotspot\share\interpreter\linkResolver.cpp, line 759]
Event: 0.812 Thread 0x0000020c32462790 Implicit null exception at 0x0000020c41ab8cac to 0x0000020c41ab90f0
Event: 0.812 Thread 0x0000020c32462790 Implicit null exception at 0x0000020c41aa192c to 0x0000020c41aa1d68
Event: 0.829 Thread 0x0000020c32462790 Exception <a 'java/lang/NoSuchMethodError'{0x00000000ffa783f0}: 'java.lang.Object java.lang.invoke.DirectMethodHandle$Holder.invokeStaticInit(java.lang.Object)'> (0x00000000ffa783f0) 
thrown [s\src\hotspot\share\interpreter\linkResolver.cpp, line 759]
Event: 0.848 Thread 0x0000020c32462790 Exception <a 'java/lang/NoSuchMethodError'{0x00000000ff90ecd0}: 'int java.lang.invoke.DirectMethodHandle$Holder.invokeVirtual(java.lang.Object, java.lang.Object, java.lang.Object)'> (0x00000000ff90ecd0) 
thrown [s\src\hotspot\share\interpreter\linkResolver.cpp, line 759]
Event: 0.918 Thread 0x0000020c32462790 Exception <a 'java/lang/NoSuchMethodError'{0x00000000ff5c1b30}: 'java.lang.Object java.lang.invoke.DirectMethodHandle$Holder.invokeStaticInit(java.lang.Object, int, int, int, int)'> (0x00000000ff5c1b30) 
thrown [s\src\hotspot\share\interpreter\linkResolver.cpp, line 759]
Event: 1.033 Thread 0x0000020c32462790 Exception <a 'java/lang/NoSuchMethodError'{0x00000000ff428010}: 'java.lang.Object java.lang.invoke.DirectMethodHandle$Holder.invokeStaticInit(java.lang.Object, java.lang.Object, int, int, int, int)'> (0x00000000ff428010) 
thrown [s\src\hotspot\share\interpreter\linkResolver.cpp, line 759]
Event: 1.300 Thread 0x0000020c32462790 Exception <a 'java/lang/NoSuchMethodError'{0x00000000ff45be28}: 'void java.lang.invoke.DirectMethodHandle$Holder.invokeStatic(java.lang.Object, java.lang.Object, java.lang.Object)'> (0x00000000ff45be28) 
thrown [s\src\hotspot\share\interpreter\linkResolver.cpp, line 759]
Event: 1.318 Thread 0x0000020c32462790 Implicit null exception at 0x0000020c41a9cd72 to 0x0000020c41a9d340
Event: 1.320 Thread 0x0000020c32462790 Implicit null exception at 0x0000020c41aa22f2 to 0x0000020c41aa28d0
Event: 1.464 Thread 0x0000020c4ba72c30 Exception <a 'java/lang/NoSuchMethodError'{0x00000000fee92360}: 'void java.lang.invoke.DirectMethodHandle$Holder.invokeStatic(java.lang.Object, long)'> (0x00000000fee92360) 
thrown [s\src\hotspot\share\interpreter\linkResolver.cpp, line 759]
Event: 1.465 Thread 0x0000020c4ba72c30 Exception <a 'java/lang/NoSuchMethodError'{0x00000000fee97cb8}: 'java.lang.Object java.lang.invoke.DirectMethodHandle$Holder.newInvokeSpecial(java.lang.Object, long)'> (0x00000000fee97cb8) 
thrown [s\src\hotspot\share\interpreter\linkResolver.cpp, line 759]
Event: 1.467 Thread 0x0000020c4ba72c30 Exception <a 'java/lang/NoSuchMethodError'{0x00000000feea2850}: 'java.lang.Object java.lang.invoke.DirectMethodHandle$Holder.invokeStaticInit(java.lang.Object, java.lang.Object, long, java.lang.Object)'> (0x00000000feea2850) 
thrown [s\src\hotspot\share\interpreter\linkResolver.cpp, line 759]
Event: 1.467 Thread 0x0000020c4ba72c30 Exception <a 'java/lang/NoSuchMethodError'{0x00000000feea8ed8}: 'java.lang.Object java.lang.invoke.DirectMethodHandle$Holder.newInvokeSpecial(java.lang.Object, java.lang.Object, long)'> (0x00000000feea8ed8) 
thrown [s\src\hotspot\share\interpreter\linkResolver.cpp, line 759]
Event: 1.467 Thread 0x0000020c4ba72c30 Exception <a 'java/lang/NoSuchMethodError'{0x00000000feead1c8}: 'java.lang.Object java.lang.invoke.Invokers$Holder.linkToTargetMethod(java.lang.Object, long, java.lang.Object)'> (0x00000000feead1c8) 
thrown [s\src\hotspot\share\interpreter\linkResolver.cpp, line 759]
Event: 54.759 Thread 0x0000020c32462790 Exception <a 'sun/net/ConnectionResetException'{0x00000000fe7b55b0}: Connection reset> (0x00000000fe7b55b0) 
thrown [s\src\hotspot\share\prims\jni.cpp, line 535]
Event: 54.765 Thread 0x0000020c32462790 Exception <a 'java/lang/NoSuchMethodError'{0x00000000fe621c40}: 'int java.lang.invoke.DirectMethodHandle$Holder.invokeVirtual(java.lang.Object, java.lang.Object)'> (0x00000000fe621c40) 
thrown [s\src\hotspot\share\interpreter\linkResolver.cpp, line 759]
Event: 54.767 Thread 0x0000020c919469d0 Exception <a 'java/io/IOException'{0x00000000fe7028d0}: Connection reset by peer> (0x00000000fe7028d0) 
thrown [s\src\hotspot\share\prims\jni.cpp, line 535]

VM Operations (20 events):
Event: 39.119 Executing VM operation: Cleanup
Event: 39.119 Executing VM operation: Cleanup done
Event: 40.130 Executing VM operation: Cleanup
Event: 40.130 Executing VM operation: Cleanup done
Event: 42.135 Executing VM operation: Cleanup
Event: 42.135 Executing VM operation: Cleanup done
Event: 45.164 Executing VM operation: Cleanup
Event: 45.164 Executing VM operation: Cleanup done
Event: 46.170 Executing VM operation: Cleanup
Event: 46.170 Executing VM operation: Cleanup done
Event: 47.173 Executing VM operation: Cleanup
Event: 47.173 Executing VM operation: Cleanup done
Event: 48.176 Executing VM operation: Cleanup
Event: 48.176 Executing VM operation: Cleanup done
Event: 50.194 Executing VM operation: Cleanup
Event: 50.194 Executing VM operation: Cleanup done
Event: 53.214 Executing VM operation: Cleanup
Event: 53.214 Executing VM operation: Cleanup done
Event: 54.218 Executing VM operation: Cleanup
Event: 54.218 Executing VM operation: Cleanup done

Events (20 events):
Event: 0.032 Thread 0x0000020c4b5eced0 Thread added: 0x0000020c4b5eced0
Event: 0.032 Thread 0x0000020c4b5efd60 Thread added: 0x0000020c4b5efd60
Event: 0.043 Thread 0x0000020c4b721c40 Thread added: 0x0000020c4b721c40
Event: 0.045 Thread 0x0000020c4b724df0 Thread added: 0x0000020c4b724df0
Event: 0.358 Thread 0x0000020c4b5eb990 Thread added: 0x0000020c4b5eb990
Event: 0.710 Thread 0x0000020c91471e90 Thread added: 0x0000020c91471e90
Event: 1.028 Thread 0x0000020c4b5eb990 Thread exited: 0x0000020c4b5eb990
Event: 1.359 Thread 0x0000020c4b5ec430 Thread added: 0x0000020c4b5ec430
Event: 1.453 Thread 0x0000020c4ba72c30 Thread added: 0x0000020c4ba72c30
Event: 1.469 Thread 0x0000020c91a1b570 Thread added: 0x0000020c91a1b570
Event: 1.470 Thread 0x0000020c91b4c850 Thread added: 0x0000020c91b4c850
Event: 1.470 Thread 0x0000020c91a1b570 Thread exited: 0x0000020c91a1b570
Event: 1.820 Thread 0x0000020c4b5ec430 Thread exited: 0x0000020c4b5ec430
Event: 3.778 Thread 0x0000020c4ba72c30 Thread exited: 0x0000020c4ba72c30
Event: 3.778 Thread 0x0000020c91b4c850 Thread exited: 0x0000020c91b4c850
Event: 3.807 Thread 0x0000020c4b5ec430 Thread added: 0x0000020c4b5ec430
Event: 3.965 Thread 0x0000020c91c86670 Thread added: 0x0000020c91c86670
Event: 3.966 Thread 0x0000020c919469d0 Thread added: 0x0000020c919469d0
Event: 4.619 Thread 0x0000020c4b5ec430 Thread exited: 0x0000020c4b5ec430
Event: 54.768 Thread 0x0000020c919469d0 Thread exited: 0x0000020c919469d0


Dynamic libraries:
0x00007ff656a90000 - 0x00007ff656a9e000 	C:\Program Files\Microsoft\jdk-17.0.12.7-hotspot\bin\java.exe
0x00007fffbcc50000 - 0x00007fffbce48000 	C:\WINDOWS\SYSTEM32\ntdll.dll
0x00007fffbb140000 - 0x00007fffbb201000 	C:\WINDOWS\System32\KERNEL32.DLL
0x00007fffba980000 - 0x00007fffbac7d000 	C:\WINDOWS\System32\KERNELBASE.dll
0x00007fffba6c0000 - 0x00007fffba7c0000 	C:\WINDOWS\System32\ucrtbase.dll
0x00007fff9eaf0000 - 0x00007fff9eb07000 	C:\Program Files\Microsoft\jdk-17.0.12.7-hotspot\bin\jli.dll
0x00007fff9b990000 - 0x00007fff9b9ad000 	C:\Program Files\Microsoft\jdk-17.0.12.7-hotspot\bin\VCRUNTIME140.dll
0x00007fffbb750000 - 0x00007fffbb8ed000 	C:\WINDOWS\System32\USER32.dll
0x00007fffba900000 - 0x00007fffba922000 	C:\WINDOWS\System32\win32u.dll
0x00007fffb02d0000 - 0x00007fffb056a000 	C:\WINDOWS\WinSxS\amd64_microsoft.windows.common-controls_6595b64144ccf1df_6.0.19041.4355_none_60b8b9eb71f62e16\COMCTL32.dll
0x00007fffbb590000 - 0x00007fffbb5bb000 	C:\WINDOWS\System32\GDI32.dll
0x00007fffbb210000 - 0x00007fffbb2ae000 	C:\WINDOWS\System32\msvcrt.dll
0x00007fffba4d0000 - 0x00007fffba5e7000 	C:\WINDOWS\System32\gdi32full.dll
0x00007fffba5f0000 - 0x00007fffba68d000 	C:\WINDOWS\System32\msvcp_win.dll
0x00007fffbb110000 - 0x00007fffbb13f000 	C:\WINDOWS\System32\IMM32.DLL
0x00007fffad8a0000 - 0x00007fffad8ac000 	C:\Program Files\Microsoft\jdk-17.0.12.7-hotspot\bin\vcruntime140_1.dll
0x00007fff92cd0000 - 0x00007fff92d5d000 	C:\Program Files\Microsoft\jdk-17.0.12.7-hotspot\bin\msvcp140.dll
0x00007fff3a460000 - 0x00007fff3b0d0000 	C:\Program Files\Microsoft\jdk-17.0.12.7-hotspot\bin\server\jvm.dll
0x00007fffbcb60000 - 0x00007fffbcc10000 	C:\WINDOWS\System32\ADVAPI32.dll
0x00007fffbb5c0000 - 0x00007fffbb660000 	C:\WINDOWS\System32\sechost.dll
0x00007fffbad40000 - 0x00007fffbae63000 	C:\WINDOWS\System32\RPCRT4.dll
0x00007fffba690000 - 0x00007fffba6b7000 	C:\WINDOWS\System32\bcrypt.dll
0x00007fffbc240000 - 0x00007fffbc2ab000 	C:\WINDOWS\System32\WS2_32.dll
0x00007fffba160000 - 0x00007fffba1ab000 	C:\WINDOWS\SYSTEM32\POWRPROF.dll
0x00007fffa96f0000 - 0x00007fffa9717000 	C:\WINDOWS\SYSTEM32\WINMM.dll
0x00007fffb1500000 - 0x00007fffb150a000 	C:\WINDOWS\SYSTEM32\VERSION.dll
0x00007fffba140000 - 0x00007fffba152000 	C:\WINDOWS\SYSTEM32\UMPDC.dll
0x00007fffb8160000 - 0x00007fffb8172000 	C:\WINDOWS\SYSTEM32\kernel.appcore.dll
0x00007fff9eff0000 - 0x00007fff9effa000 	C:\Program Files\Microsoft\jdk-17.0.12.7-hotspot\bin\jimage.dll
0x00007fffa9fa0000 - 0x00007fffaa184000 	C:\WINDOWS\SYSTEM32\DBGHELP.DLL
0x00007fffa8de0000 - 0x00007fffa8e14000 	C:\WINDOWS\SYSTEM32\dbgcore.DLL
0x00007fffba870000 - 0x00007fffba8f2000 	C:\WINDOWS\System32\bcryptPrimitives.dll
0x00007fff97d00000 - 0x00007fff97d25000 	C:\Program Files\Microsoft\jdk-17.0.12.7-hotspot\bin\java.dll
0x00007fff91440000 - 0x00007fff91517000 	C:\Program Files\Microsoft\jdk-17.0.12.7-hotspot\bin\jsvml.dll
0x00007fffbc2b0000 - 0x00007fffbca1f000 	C:\WINDOWS\System32\SHELL32.dll
0x00007fffb8360000 - 0x00007fffb8b03000 	C:\WINDOWS\SYSTEM32\windows.storage.dll
0x00007fffbb9c0000 - 0x00007fffbbd13000 	C:\WINDOWS\System32\combase.dll
0x00007fffb9b80000 - 0x00007fffb9bae000 	C:\WINDOWS\SYSTEM32\Wldp.dll
0x00007fffbae70000 - 0x00007fffbaf3d000 	C:\WINDOWS\System32\OLEAUT32.dll
0x00007fffbbd20000 - 0x00007fffbbdcd000 	C:\WINDOWS\System32\SHCORE.dll
0x00007fffbace0000 - 0x00007fffbad35000 	C:\WINDOWS\System32\shlwapi.dll
0x00007fffba230000 - 0x00007fffba254000 	C:\WINDOWS\SYSTEM32\profapi.dll
0x00007fff98da0000 - 0x00007fff98dba000 	C:\Program Files\Microsoft\jdk-17.0.12.7-hotspot\bin\net.dll
0x00007fffb4ce0000 - 0x00007fffb4ded000 	C:\WINDOWS\SYSTEM32\WINHTTP.dll
0x00007fffb9960000 - 0x00007fffb99ca000 	C:\WINDOWS\system32\mswsock.dll
0x00007fff98a40000 - 0x00007fff98a56000 	C:\Program Files\Microsoft\jdk-17.0.12.7-hotspot\bin\nio.dll
0x00007fff9b0c0000 - 0x00007fff9b0d8000 	C:\Program Files\Microsoft\jdk-17.0.12.7-hotspot\bin\zip.dll
0x00007fff9e750000 - 0x00007fff9e760000 	C:\Program Files\Microsoft\jdk-17.0.12.7-hotspot\bin\verify.dll
0x00007fff9af10000 - 0x00007fff9af37000 	C:\Users\lenovo\.gradle\native\c067742578af261105cb4f569cf0c3c89f3d7b1fecec35dd04571415982c5e48\windows-amd64\native-platform.dll
0x00007fff9e430000 - 0x00007fff9e43a000 	C:\Program Files\Microsoft\jdk-17.0.12.7-hotspot\bin\management.dll
0x00007fff9e2c0000 - 0x00007fff9e2cb000 	C:\Program Files\Microsoft\jdk-17.0.12.7-hotspot\bin\management_ext.dll
0x00007fffbb9b0000 - 0x00007fffbb9b8000 	C:\WINDOWS\System32\PSAPI.DLL
0x00007fffb9c30000 - 0x00007fffb9c48000 	C:\WINDOWS\SYSTEM32\CRYPTSP.dll
0x00007fffb92a0000 - 0x00007fffb92d4000 	C:\WINDOWS\system32\rsaenh.dll
0x00007fffba1b0000 - 0x00007fffba1de000 	C:\WINDOWS\SYSTEM32\USERENV.dll
0x00007fffb9af0000 - 0x00007fffb9afc000 	C:\WINDOWS\SYSTEM32\CRYPTBASE.dll
0x00007fffb9660000 - 0x00007fffb969b000 	C:\WINDOWS\SYSTEM32\IPHLPAPI.DLL
0x00007fffbb8f0000 - 0x00007fffbb8f8000 	C:\WINDOWS\System32\NSI.dll
0x00007fffb3d10000 - 0x00007fffb3d27000 	C:\WINDOWS\SYSTEM32\dhcpcsvc6.DLL
0x00007fffb3cf0000 - 0x00007fffb3d0d000 	C:\WINDOWS\SYSTEM32\dhcpcsvc.DLL
0x00007fffb96f0000 - 0x00007fffb97ba000 	C:\WINDOWS\SYSTEM32\DNSAPI.dll
0x00007fff9e240000 - 0x00007fff9e249000 	C:\Program Files\Microsoft\jdk-17.0.12.7-hotspot\bin\extnet.dll
0x00007fff9da90000 - 0x00007fff9da9e000 	C:\Program Files\Microsoft\jdk-17.0.12.7-hotspot\bin\sunmscapi.dll
0x00007fffba300000 - 0x00007fffba45c000 	C:\WINDOWS\System32\CRYPT32.dll
0x00007fffb9c00000 - 0x00007fffb9c29000 	C:\WINDOWS\SYSTEM32\ncrypt.dll
0x00007fffb9bb0000 - 0x00007fffb9beb000 	C:\WINDOWS\SYSTEM32\NTASN1.dll
0x00007fff9f810000 - 0x00007fff9f817000 	C:\WINDOWS\system32\wshunix.dll

dbghelp: loaded successfully - version: 4.0.5 - missing functions: none
symbol engine: initialized successfully - sym options: 0x614 - pdb path: .;C:\Program Files\Microsoft\jdk-17.0.12.7-hotspot\bin;C:\WINDOWS\SYSTEM32;C:\WINDOWS\WinSxS\amd64_microsoft.windows.common-controls_6595b64144ccf1df_6.0.19041.4355_none_60b8b9eb71f62e16;C:\Program Files\Microsoft\jdk-17.0.12.7-hotspot\bin\server;C:\Users\lenovo\.gradle\native\c067742578af261105cb4f569cf0c3c89f3d7b1fecec35dd04571415982c5e48\windows-amd64

VM Arguments:
jvm_args: -Xmx64m -Xms64m -Dorg.gradle.appname=gradlew 
java_command: org.gradle.wrapper.GradleWrapperMain app:installDebug -PreactNativeDevServerPort=8081
java_class_path (initial): E:\Projects\React-native\Teams\android\\gradle\wrapper\gradle-wrapper.jar
Launcher Type: SUN_STANDARD

[Global flags]
     intx CICompilerCount                          = 3                                         {product} {ergonomic}
     uint ConcGCThreads                            = 1                                         {product} {ergonomic}
     uint G1ConcRefinementThreads                  = 4                                         {product} {ergonomic}
   size_t G1HeapRegionSize                         = 1048576                                   {product} {ergonomic}
    uintx GCDrainStackTargetSize                   = 64                                        {product} {ergonomic}
   size_t InitialHeapSize                          = 67108864                                  {product} {command line}
   size_t MarkStackSize                            = 4194304                                   {product} {ergonomic}
   size_t MaxHeapSize                              = 67108864                                  {product} {command line}
   size_t MaxNewSize                               = 39845888                                  {product} {ergonomic}
   size_t MinHeapDeltaBytes                        = 1048576                                   {product} {ergonomic}
   size_t MinHeapSize                              = 67108864                                  {product} {command line}
    uintx NonNMethodCodeHeapSize                   = 5832780                                {pd product} {ergonomic}
    uintx NonProfiledCodeHeapSize                  = 122912730                              {pd product} {ergonomic}
    uintx ProfiledCodeHeapSize                     = 122912730                              {pd product} {ergonomic}
    uintx ReservedCodeCacheSize                    = 251658240                              {pd product} {ergonomic}
     bool SegmentedCodeCache                       = true                                      {product} {ergonomic}
   size_t SoftMaxHeapSize                          = 67108864                               {manageable} {ergonomic}
     bool UseCompressedClassPointers               = true                           {product lp64_product} {ergonomic}
     bool UseCompressedOops                        = true                           {product lp64_product} {ergonomic}
     bool UseG1GC                                  = true                                      {product} {ergonomic}
     bool UseLargePagesIndividualAllocation        = false                                  {pd product} {ergonomic}

Logging:
Log output configuration:
 #0: stdout all=warning uptime,level,tags
 #1: stderr all=off uptime,level,tags

Environment Variables:
JAVA_HOME=C:\Program Files\Microsoft\jdk-17.0.12.7-hotspot\
CLASSPATH=E:\Projects\React-native\Teams\android\\gradle\wrapper\gradle-wrapper.jar
PATH=E:\Projects\React-native\Teams\node_modules\.bin;E:\Projects\React-native\Teams\node_modules\.bin;E:\Projects\React-native\node_modules\.bin;E:\Projects\node_modules\.bin;E:\node_modules\.bin;C:\Users\lenovo\AppData\Roaming\npm\node_modules\npm\node_modules\@npmcli\run-script\lib\node-gyp-bin;E:\Projects\React-native\Teams\node_modules\.bin;E:\Projects\React-native\Teams\node_modules\.bin;E:\Projects\React-native\node_modules\.bin;E:\Projects\node_modules\.bin;E:\node_modules\.bin;C:\Users\lenovo\AppData\Roaming\npm\node_modules\npm\node_modules\@npmcli\run-script\lib\node-gyp-bin;C:\Program Files\Microsoft\jdk-17.0.12.7-hotspot\bin;C:\Program Files\Common Files\Oracle\Java\javapath;C:\WINDOWS\system32;C:\WINDOWS;C:\WINDOWS\System32\Wbem;C:\WINDOWS\System32\WindowsPowerShell\v1.0\;C:\WINDOWS\System32\OpenSSH\;E:\oracle\instantclient_18_3\;C:\Program Files\MongoDB\Server\4.2\bin;C:\Program Files\PostgreSQL\11\bin;C:\Program Files\Redis\;C:\Users\lenovo\AppData\Roaming\nvm;C:\Program Files\nodejs;C:\Users\lenovo\Downloads\oracle\instantclient_18_3;C:\Users\lenovo\Downloads\Visual-C-Runtimes-All-in-One-Jan-2020;C:\Program Files\MongoDB\Server\4.2\bin;C:\Program Files (x86)\Windows Kits\10\Windows Performance Toolkit\;C:\Users\lenovo\Downloads\gradle-8.4-all\gradle-8.4\bin;C:\Users\lenovo\Downloads\gradle-7.5.1-all\gradle-7.5.1\bin;C:\Program Files (x86)\Yarn\bin\;C:\Program Files\Java\jdk-21;C:\Program Files\Java\jdk-17;C:\Users\lenovo\AppData\Local\Android\Sdk\platform-tools;C:\Program Files\Git\cmd;;C:\ProgramData\chocolatey\bin;C:\Program Files\nodejs\;C:\Program Files\MySQL\MySQL Shell 8.0\bin\;C:\Users\lenovo\AppData\Local\Programs\Python\Python36\Scripts\;C:\Users\lenovo\AppData\Local\Programs\Python\Python36\;C:\Users\lenovo\AppData\Local\Microsoft\WindowsApps;C:\Users\lenovo\AppData\Local\Programs\Microsoft VS Code\bin;"C:\Program Files\Git\bin;C:\Program Files\Git\cmd";D:\mongodb-shell-win32-x86_64-2012plus-4.2.6\mongodb-win32-x86_64-2012plus-4.2.6\bin;C:\Us
USERNAME=Bharath
LANG=en_US.UTF-8
OS=Windows_NT
PROCESSOR_IDENTIFIER=Intel64 Family 6 Model 60 Stepping 3, GenuineIntel
TMP=C:\Users\lenovo\AppData\Local\Temp
TEMP=C:\Users\lenovo\AppData\Local\Temp



Periodic native trim disabled


---------------  S Y S T E M  ---------------

OS:
 Windows 10 , 64 bit Build 19041 (10.0.19041.4842)
OS uptime: 10 days 2:21 hours
Hyper-V role detected

CPU: total 4 (initial active 4) (4 cores per cpu, 1 threads per core) family 6 model 60 stepping 3 microcode 0x27, cx8, cmov, fxsr, mmx, sse, sse2, sse3, ssse3, sse4.1, sse4.2, popcnt, lzcnt, tsc, tscinvbit, avx, avx2, aes, erms, clmul, bmi1, bmi2, fma, vzeroupper, clflush, hv
Processor Information for the first 4 processors :
  Max Mhz: 3001, Current Mhz: 3001, Mhz Limit: 3001

Memory: 4k page, system-wide physical 16178M (1237M free)
TotalPageFile size 22066M (AvailPageFile size 440M)
current process WorkingSet (physical memory assigned to process): 90M, peak: 95M
current process commit charge ("private bytes"): 156M, peak: 161M

vm_info: OpenJDK 64-Bit Server VM (17.0.12+7-LTS) for windows-amd64 JRE (17.0.12+7-LTS), built on Jul 16 2024 18:11:44 by "MicrosoftCorporation" with unknown MS VC++:1939

END.
